NOTE: “PROCEDURE PRINTTO”所用时间（总处理时间）:
      实际时间          0.00 秒
      CPU 时间          0.00 秒
      


NOTE: 数据集 WORK.EMPTY 有 1 个观测和 1 个变量。
NOTE: “DATA 语句”所用时间（总处理时间）:
      实际时间          0.02 秒
      CPU 时间          0.03 秒
      


NOTE: 从数据集 S.COVCOMBOINDEX9. 读取了 4 个观测
NOTE: 数据集 S.COVCOMBOINDEX9 有 4 个观测和 3 个变量。
NOTE: “PROCEDURE SORT”所用时间（总处理时间）:
      实际时间          0.01 秒
      CPU 时间          0.01 秒
      


NOTE: 从数据集 S.COVCOMBOINDEX9. 读取了 4 个观测
NOTE: 数据集 WORK.TEMP1 有 2 个观测和 2 个变量。
NOTE: “DATA 语句”所用时间（总处理时间）:
      实际时间          0.00 秒
      CPU 时间          0.01 秒
      


NOTE: 数值已转换为字符值，位置:（行:列）。
      1780:69   
NOTE: 从数据集 WORK.TEMP1. 读取了 2 个观测
NOTE: “DATA 语句”所用时间（总处理时间）:
      实际时间          0.00 秒
      CPU 时间          0.00 秒
      


NOTE: 从数据集 S.COVCOMBOINDEX9. 读取了 4 个观测
NOTE: 数据集 S.COVCOMBOINDEX9 有 4 个观测和 3 个变量。
NOTE: “PROCEDURE SORT”所用时间（总处理时间）:
      实际时间          0.01 秒
      CPU 时间          0.00 秒
      


NOTE: 从数据集 S.COVCOMBOINDEX9. 读取了 4 个观测
NOTE: 数据集 WORK.TEMP2 有 2 个观测和 2 个变量。
NOTE: “DATA 语句”所用时间（总处理时间）:
      实际时间          0.01 秒
      CPU 时间          0.01 秒
      


NOTE: 数值已转换为字符值，位置:（行:列）。
      1780:69   
NOTE: 从数据集 WORK.TEMP2. 读取了 2 个观测
NOTE: “DATA 语句”所用时间（总处理时间）:
      实际时间          0.00 秒
      CPU 时间          0.00 秒
      

COV1=sex
COV2=cohort
REGCOV1=sex
REGCOV2=cohort
NC=2
nREGCOV=2
nSTRATCOV=0
nCTRLCOVconti=0
nCTRLCOVcateg=0
nCTRLCOV     =0

NOTE: 从数据集 S.COVCOMBOINDEX9. 读取了 4 个观测
NOTE: 数据集 WORK.COVCOMBOINDEX00 有 4 个观测和 3 个变量。
NOTE: “DATA 语句”所用时间（总处理时间）:
      实际时间          0.01 秒
      CPU 时间          0.01 秒
      

nTVcov = 0
Inputted numbers of NoTrans = 0

NOTE: 数据集 WORK.TRANS 有 6 个观测和 3 个变量。
NOTE: “DATA 语句”所用时间（总处理时间）:
      实际时间          0.00 秒
      CPU 时间          0.01 秒
      


NOTE: 从数据集 WORK.TRANS. 读取了 6 个观测
NOTE: 数据集 WORK.TRANSITIONS 有 6 个观测和 5 个变量。
NOTE: “DATA 语句”所用时间（总处理时间）:
      实际时间          0.00 秒
      CPU 时间          0.01 秒
      


NOTE: 从数据集 WORK.TRANSITIONS. 读取了 6 个观测
NOTE: 数据集 WORK.TRANSITIONS 有 6 个观测和 4 个变量。
NOTE: “DATA 语句”所用时间（总处理时间）:
      实际时间          0.01 秒
      CPU 时间          0.00 秒
      


NOTE: 从数据集 S.COVCOMBOINDEX9. 读取了 4 个观测
NOTE: 数据集 S.COVCOMBOINDEX9 有 4 个观测和 3 个变量。
NOTE: “PROCEDURE SORT”所用时间（总处理时间）:
      实际时间          0.01 秒
      CPU 时间          0.01 秒
      


NOTE: 从数据集 S.BSMPL9. 读取了 1874 个观测
      WHERE (AGE>=95) and (weight>0);
NOTE: 数据集 WORK.SEM0 有 1874 个观测和 16 个变量。
NOTE: “DATA 语句”所用时间（总处理时间）:
      实际时间          0.01 秒
      CPU 时间          0.00 秒
      


NOTE: 从数据集 WORK.SEM0. 读取了 1874 个观测
NOTE: 数据集 WORK.SEM0 有 1874 个观测和 16 个变量。
NOTE: “PROCEDURE SORT”所用时间（总处理时间）:
      实际时间          0.01 秒
      CPU 时间          0.01 秒
      


NOTE: 从数据集 WORK.SEM0. 读取了 1874 个观测
NOTE: 数据集 WORK.SEM 有 1874 个观测和 19 个变量。
NOTE: “DATA 语句”所用时间（总处理时间）:
      实际时间          0.00 秒
      CPU 时间          0.01 秒
      


NOTE: 从数据集 WORK.SEM. 读取了 1874 个观测
NOTE: 数据集 WORK.SEM1 有 2911 个观测和 16 个变量。
NOTE: “DATA 语句”所用时间（总处理时间）:
      实际时间          0.02 秒
      CPU 时间          0.01 秒
      

after SEM1

NOTE: 从数据集 WORK.SEM1. 读取了 2911 个观测
NOTE: 数据集 WORK.PRSNYR 有 2014 个观测和 17 个变量。
NOTE: “DATA 语句”所用时间（总处理时间）:
      实际时间          0.01 秒
      CPU 时间          0.01 秒
      


NOTE: 从数据集 WORK.EMPTY. 读取了 1 个观测
NOTE: 数据集 WORK.SEM0 有 1 个观测和 1 个变量。
NOTE: “DATA 语句”所用时间（总处理时间）:
      实际时间          0.00 秒
      CPU 时间          0.01 秒
      


NOTE: 从数据集 WORK.EMPTY. 读取了 1 个观测
NOTE: 数据集 WORK.SEM 有 1 个观测和 1 个变量。
NOTE: “DATA 语句”所用时间（总处理时间）:
      实际时间          0.00 秒
      CPU 时间          0.00 秒
      


NOTE: 从数据集 WORK.EMPTY. 读取了 1 个观测
NOTE: 数据集 WORK.SEM1 有 1 个观测和 1 个变量。
NOTE: “DATA 语句”所用时间（总处理时间）:
      实际时间          0.01 秒
      CPU 时间          0.00 秒
      

after PRSNYR

NOTE: 数值已转换为字符值，位置:（行:列）。
      1780:103   
NOTE: 从数据集 S.COVCOMBOINDEX9. 读取了 4 个观测
NOTE: “DATA 语句”所用时间（总处理时间）:
      实际时间          0.00 秒
      CPU 时间          0.00 秒
      


NOTE: 数据集 WORK.PS2 有 48 个观测和 4 个变量。
NOTE: “DATA 语句”所用时间（总处理时间）:
      实际时间          0.01 秒
      CPU 时间          0.01 秒
      


NOTE: 数据集 WORK.CTRLCOVCOMBOINDEXPREV 有 48 个观测和 4 个变量。
NOTE: “DATA 语句”所用时间（总处理时间）:
      实际时间          0.00 秒
      CPU 时间          0.00 秒
      


NOTE: 数值已转换为字符值，位置:（行:列）。
      1780:116   
NOTE: 从数据集 WORK.CTRLCOVCOMBOINDEXPREV. 读取了 48 个观测
NOTE: “DATA 语句”所用时间（总处理时间）:
      实际时间          0.00 秒
      CPU 时间          0.00 秒
      

nCtrlCOVindexPrev =           48

NOTE: 从数据集 S.COVCOMBOINDEX9. 读取了 4 个观测
NOTE: 数据集 S.COVCOMBOINDEX9 有 4 个观测和 3 个变量。
NOTE: “PROCEDURE SORT”所用时间（总处理时间）:
      实际时间          0.01 秒
      CPU 时间          0.00 秒
      


NOTE: 从数据集 S.COVCOMBOINDEX9. 读取了 4 个观测
NOTE: 数据集 WORK.TEMP1 有 2 个观测和 1 个变量。
NOTE: “DATA 语句”所用时间（总处理时间）:
      实际时间          0.01 秒
      CPU 时间          0.01 秒
      


NOTE: 数值已转换为字符值，位置:（行:列）。
      1780:83   
NOTE: 从数据集 WORK.TEMP1. 读取了 2 个观测
NOTE: “DATA 语句”所用时间（总处理时间）:
      实际时间          0.00 秒
      CPU 时间          0.00 秒
      


NOTE: 从数据集 S.COVCOMBOINDEX9. 读取了 4 个观测
NOTE: 数据集 S.COVCOMBOINDEX9 有 4 个观测和 3 个变量。
NOTE: “PROCEDURE SORT”所用时间（总处理时间）:
      实际时间          0.01 秒
      CPU 时间          0.00 秒
      


NOTE: 从数据集 S.COVCOMBOINDEX9. 读取了 4 个观测
NOTE: 数据集 WORK.TEMP2 有 2 个观测和 1 个变量。
NOTE: “DATA 语句”所用时间（总处理时间）:
      实际时间          0.01 秒
      CPU 时间          0.01 秒
      


NOTE: 数值已转换为字符值，位置:（行:列）。
      1780:83   
NOTE: 从数据集 WORK.TEMP2. 读取了 2 个观测
NOTE: “DATA 语句”所用时间（总处理时间）:
      实际时间          0.00 秒
      CPU 时间          0.01 秒
      


NOTE: 数据集 WORK.CTRLCOVCOMBOINDEXTRANS 有 48 个观测和 4 个变量。
NOTE: “DATA 语句”所用时间（总处理时间）:
      实际时间          0.00 秒
      CPU 时间          0.00 秒
      


NOTE: 数值已转换为字符值，位置:（行:列）。
      1780:118   
NOTE: 从数据集 WORK.CTRLCOVCOMBOINDEXTRANS. 读取了 48 个观测
NOTE: “DATA 语句”所用时间（总处理时间）:
      实际时间          0.00 秒
      CPU 时间          0.00 秒
      

nCtrlCOVindexTrans =           48

NOTE: 从数据集 WORK.PS2. 读取了 48 个观测
NOTE: 从数据集 S.BSMPL9. 读取了 899 个观测
      WHERE (AGE>=98) and (weight>0);
NOTE: 数据集 WORK.PSBACK000 有 454 个观测和 17 个变量。
NOTE: “DATA 语句”所用时间（总处理时间）:
      实际时间          0.01 秒
      CPU 时间          0.00 秒
      


NOTE: 从数据集 WORK.PSBACK000. 读取了 454 个观测
NOTE: 数据集 WORK.PSBACK000 有 454 个观测和 17 个变量。
NOTE: “PROCEDURE SORT”所用时间（总处理时间）:
      实际时间          0.01 秒
      CPU 时间          0.00 秒
      


NOTE: PROC LOGISTIC is fitting the generalized logit model. The logits modeled contrast each response level against the reference level (H='1'). Use the response variable option 
      REF= if you want to change the reference level.
NOTE: Convergence criterion (GCONV=1E-8) satisfied.
NOTE: 从数据集 WORK.PSBACK000. 读取了 454 个观测
NOTE: 数据集 WORK.PREV 有 454 个观测和 21 个变量。
NOTE: “PROCEDURE LOGISTIC”所用时间（总处理时间）:
      实际时间          0.03 秒
      CPU 时间          0.03 秒
      


NOTE: 从数据集 WORK.PREV. 读取了 48 个观测
      WHERE CONTROL=1;
NOTE: 数据集 WORK.PREV2 有 48 个观测和 5 个变量。
NOTE: “DATA 语句”所用时间（总处理时间）:
      实际时间          0.03 秒
      CPU 时间          0.03 秒
      


NOTE: 从数据集 WORK.PREV2. 读取了 48 个观测
NOTE: 数据集 WORK.PREV2 有 48 个观测和 5 个变量。
NOTE: “PROCEDURE SORT”所用时间（总处理时间）:
      实际时间          0.01 秒
      CPU 时间          0.01 秒
      


NOTE: 从数据集 S.COVCOMBOINDEX9. 读取了 4 个观测
NOTE: 数据集 S.COVCOMBOINDEX9 有 4 个观测和 3 个变量。
NOTE: “PROCEDURE SORT”所用时间（总处理时间）:
      实际时间          0.01 秒
      CPU 时间          0.01 秒
      


NOTE: 输入数据集已排序，故未进行排序。
NOTE: “PROCEDURE SORT”所用时间（总处理时间）:
      实际时间          0.00 秒
      CPU 时间          0.00 秒
      


NOTE: 从数据集 WORK.PREV2. 读取了 48 个观测
NOTE: 从数据集 S.COVCOMBOINDEX9. 读取了 4 个观测
NOTE: 数据集 WORK.PREV4 有 48 个观测和 6 个变量。
NOTE: “DATA 语句”所用时间（总处理时间）:
      实际时间          0.01 秒
      CPU 时间          0.01 秒
      


NOTE: 数据集 S.BSLE9 有 1 个观测和 1 个变量。
NOTE: “DATA 语句”所用时间（总处理时间）:
      实际时间          0.01 秒
      CPU 时间          0.00 秒
      


NOTE: 数据集 WORK.PLY4 有 1 个观测和 1 个变量。
NOTE: “DATA 语句”所用时间（总处理时间）:
      实际时间          0.00 秒
      CPU 时间          0.01 秒
      


NOTE: 数据集 WORK.SEST 有 96 个观测和 5 个变量。
NOTE: “DATA 语句”所用时间（总处理时间）:
      实际时间          0.00 秒
      CPU 时间          0.00 秒
      


NOTE: 从数据集 WORK.SEST. 读取了 96 个观测
NOTE: 从数据集 WORK.PRSNYR. 读取了 2014 个观测
NOTE: 数据集 WORK.MODEL 有 2110 个观测和 8 个变量。
NOTE: “DATA 语句”所用时间（总处理时间）:
      实际时间          0.01 秒
      CPU 时间          0.01 秒
      


NOTE: 从数据集 WORK.MODEL. 读取了 2110 个观测
NOTE: 数据集 WORK.MODEL 有 2110 个观测和 8 个变量。
NOTE: “PROCEDURE SORT”所用时间（总处理时间）:
      实际时间          0.01 秒
      CPU 时间          0.01 秒
      


NOTE: 从数据集 WORK.TRANSITIONS. 读取了 6 个观测
NOTE: 数据集 WORK.TRANSITIONS 有 6 个观测和 4 个变量。
NOTE: “PROCEDURE SORT”所用时间（总处理时间）:
      实际时间          0.01 秒
      CPU 时间          0.01 秒
      


NOTE: 从数据集 WORK.MODEL. 读取了 2110 个观测
NOTE: 从数据集 WORK.TRANSITIONS. 读取了 6 个观测
NOTE: 数据集 WORK.MODEL 有 2110 个观测和 10 个变量。
NOTE: “DATA 语句”所用时间（总处理时间）:
      实际时间          0.00 秒
      CPU 时间          0.00 秒
      


NOTE: 从数据集 WORK.MODEL. 读取了 2110 个观测
NOTE: 数据集 WORK.MODEL 有 2110 个观测和 10 个变量。
NOTE: “PROCEDURE SORT”所用时间（总处理时间）:
      实际时间          0.01 秒
      CPU 时间          0.01 秒
      


NOTE: 数据集 WORK.PROBS 有 1 个观测和 1 个变量。
NOTE: “DATA 语句”所用时间（总处理时间）:
      实际时间          0.00 秒
      CPU 时间          0.01 秒
      


NOTE: PROC LOGISTIC is fitting the generalized logit model. The logits modeled contrast each response category against the reference category (ENDST=1).
NOTE: Convergence criterion (GCONV=1E-8) satisfied.
NOTE: 从数据集 WORK.MODEL. 读取了 1372 个观测
      WHERE BEGST=1;
NOTE: 数据集 WORK.PROBS1 有 1372 个观测和 15 个变量。
NOTE: “PROCEDURE LOGISTIC”所用时间（总处理时间）:
      实际时间          0.05 秒
      CPU 时间          0.04 秒
      


NOTE: 从数据集 WORK.PROBS. 读取了 1 个观测
NOTE: 从数据集 WORK.PROBS1. 读取了 1372 个观测
NOTE: 数据集 WORK.PROBS 有 1373 个观测和 16 个变量。
NOTE: “DATA 语句”所用时间（总处理时间）:
      实际时间          0.00 秒
      CPU 时间          0.01 秒
      


NOTE: 从数据集 WORK.EMPTY. 读取了 1 个观测
NOTE: 数据集 WORK.PROBS1 有 1 个观测和 1 个变量。
NOTE: “DATA 语句”所用时间（总处理时间）:
      实际时间          0.01 秒
      CPU 时间          0.00 秒
      


NOTE: PROC LOGISTIC is fitting the generalized logit model. The logits modeled contrast each response category against the reference category (ENDST=2).
NOTE: Convergence criterion (GCONV=1E-8) satisfied.
NOTE: 从数据集 WORK.MODEL. 读取了 737 个观测
      WHERE BEGST=2;
NOTE: 数据集 WORK.PROBS2 有 737 个观测和 15 个变量。
NOTE: “PROCEDURE LOGISTIC”所用时间（总处理时间）:
      实际时间          0.05 秒
      CPU 时间          0.04 秒
      


NOTE: 从数据集 WORK.PROBS. 读取了 1373 个观测
NOTE: 从数据集 WORK.PROBS2. 读取了 737 个观测
NOTE: 数据集 WORK.PROBS 有 2110 个观测和 16 个变量。
NOTE: “DATA 语句”所用时间（总处理时间）:
      实际时间          0.01 秒
      CPU 时间          0.01 秒
      


NOTE: 从数据集 WORK.EMPTY. 读取了 1 个观测
NOTE: 数据集 WORK.PROBS2 有 1 个观测和 1 个变量。
NOTE: “DATA 语句”所用时间（总处理时间）:
      实际时间          0.01 秒
      CPU 时间          0.01 秒
      


NOTE: “PROCEDURE PRINTTO”所用时间（总处理时间）:
      实际时间          0.01 秒
      CPU 时间          0.01 秒
      


NOTE: 从数据集 WORK.PROBS. 读取了 96 个观测
      WHERE CONTROL=1;
NOTE: 数据集 WORK.TRANPR 有 96 个观测和 7 个变量。
NOTE: “DATA 语句”所用时间（总处理时间）:
      实际时间          0.01 秒
      CPU 时间          0.00 秒
      


NOTE: 从数据集 WORK.TRANPR. 读取了 96 个观测
NOTE: 数据集 WORK.TRANPR 有 96 个观测和 7 个变量。
NOTE: “PROCEDURE SORT”所用时间（总处理时间）:
      实际时间          0.00 秒
      CPU 时间          0.01 秒
      


NOTE: 输入数据集已排序，故未进行排序。
NOTE: “PROCEDURE SORT”所用时间（总处理时间）:
      实际时间          0.00 秒
      CPU 时间          0.00 秒
      


NOTE: 从数据集 S.COVCOMBOINDEX9. 读取了 4 个观测
NOTE: 从数据集 WORK.TRANPR. 读取了 96 个观测
NOTE: 数据集 WORK.TRANPRCJT002 有 96 个观测和 8 个变量。
NOTE: “DATA 语句”所用时间（总处理时间）:
      实际时间          0.01 秒
      CPU 时间          0.01 秒
      


NOTE: 从数据集 WORK.TRANPRCJT002. 读取了 96 个观测
NOTE: 数据集 WORK.TRANPRCJT002 有 96 个观测和 8 个变量。
NOTE: “PROCEDURE SORT”所用时间（总处理时间）:
      实际时间          0.00 秒
      CPU 时间          0.01 秒
      


NOTE: 从数据集 WORK.EMPTY. 读取了 1 个观测
NOTE: 数据集 WORK.MODEL 有 1 个观测和 1 个变量。
NOTE: “DATA 语句”所用时间（总处理时间）:
      实际时间          0.01 秒
      CPU 时间          0.00 秒
      


NOTE: 从数据集 WORK.EMPTY. 读取了 1 个观测
NOTE: 数据集 WORK.MODEL_CTRLCOV 有 1 个观测和 1 个变量。
NOTE: “DATA 语句”所用时间（总处理时间）:
      实际时间          0.01 秒
      CPU 时间          0.00 秒
      

after MODEL_logit
NOTE: IML Ready
NOTE: 数据集 WORK.SIMSRVP1 有 24 个观测和 3 个变量。
NOTE: Exiting IML.
NOTE: “PROCEDURE IML”所用时间（总处理时间）:
      实际时间          0.09 秒
      CPU 时间          0.09 秒
      


NOTE: 从数据集 WORK.SIMSRVP1. 读取了 24 个观测
NOTE: 数据集 WORK.SIMSRVP1 有 24 个观测和 3 个变量。
NOTE: “DATA 语句”所用时间（总处理时间）:
      实际时间          0.01 秒
      CPU 时间          0.01 秒
      

NOTE: IML Ready
NOTE: 数据集 WORK.PHS98_1P1 有 13000 个观测和 10 个变量。
NOTE: Exiting IML.
NOTE: “PROCEDURE IML”所用时间（总处理时间）:
      实际时间          26.76 秒
      CPU 时间          26.29 秒
      

NOTE: IML Ready
NOTE: 数据集 WORK.PHS98_1P2 有 13000 个观测和 10 个变量。
NOTE: Exiting IML.
NOTE: “PROCEDURE IML”所用时间（总处理时间）:
      实际时间          14.30 秒
      CPU 时间          14.06 秒
      


NOTE: 从数据集 WORK.PHS98_1P1. 读取了 13000 个观测
NOTE: 数据集 WORK.PHS98_1P1 有 13000 个观测和 10 个变量。
NOTE: “DATA 语句”所用时间（总处理时间）:
      实际时间          0.02 秒
      CPU 时间          0.01 秒
      


NOTE: 从数据集 WORK.PHS98_1P1. 读取了 13000 个观测
NOTE: 数据集 WORK.PHS98_1 有 13000 个观测和 10 个变量。
NOTE: “DATA 语句”所用时间（总处理时间）:
      实际时间          0.01 秒
      CPU 时间          0.01 秒
      


NOTE: 从数据集 WORK.EMPTY. 读取了 1 个观测
NOTE: 数据集 WORK.PHS98_1P1 有 1 个观测和 1 个变量。
NOTE: “DATA 语句”所用时间（总处理时间）:
      实际时间          0.01 秒
      CPU 时间          0.01 秒
      


NOTE: 从数据集 WORK.PHS98_1P2. 读取了 13000 个观测
NOTE: 数据集 WORK.PHS98_1P2 有 13000 个观测和 10 个变量。
NOTE: “DATA 语句”所用时间（总处理时间）:
      实际时间          0.01 秒
      CPU 时间          0.01 秒
      


NOTE: 从数据集 WORK.PHS98_1. 读取了 13000 个观测
NOTE: 从数据集 WORK.PHS98_1P2. 读取了 13000 个观测
NOTE: 数据集 WORK.PHS98_1 有 20000 个观测和 10 个变量。
NOTE: “DATA 语句”所用时间（总处理时间）:
      实际时间          0.02 秒
      CPU 时间          0.03 秒
      


NOTE: 从数据集 WORK.EMPTY. 读取了 1 个观测
NOTE: 数据集 WORK.PHS98_1P2 有 1 个观测和 1 个变量。
NOTE: “DATA 语句”所用时间（总处理时间）:
      实际时间          0.01 秒
      CPU 时间          0.01 秒
      


NOTE: 从数据集 WORK.PHS98_1. 读取了 20000 个观测
NOTE: 从数据集 S.COVCOMBOINDEX9. 读取了 1 个观测
      WHERE COVindex=1;
NOTE: 数据集 WORK.PHS98_1 有 20000 个观测和 12 个变量。
NOTE: “DATA 语句”所用时间（总处理时间）:
      实际时间          0.02 秒
      CPU 时间          0.03 秒
      


NOTE: 从数据集 WORK.PHS98_1. 读取了 20000 个观测
NOTE: 数据集 WORK.PHSB98_1 有 70663 个观测和 7 个变量。
NOTE: “DATA 语句”所用时间（总处理时间）:
      实际时间          0.04 秒
      CPU 时间          0.04 秒
      


NOTE: 从数据集 WORK.EMPTY. 读取了 1 个观测
NOTE: 数据集 WORK.PHS98_1 有 1 个观测和 1 个变量。
NOTE: “DATA 语句”所用时间（总处理时间）:
      实际时间          0.02 秒
      CPU 时间          0.01 秒
      


NOTE: 从数据集 WORK.PHSB98_1. 读取了 70663 个观测
NOTE: 数据集 WORK.COMAREC 有 70663 个观测和 7 个变量。
NOTE: “PROCEDURE SORT”所用时间（总处理时间）:
      实际时间          0.08 秒
      CPU 时间          0.09 秒
      


NOTE: 从数据集 WORK.COMAREC. 读取了 70663 个观测
NOTE: 数据集 WORK.COMAREC 有 70663 个观测和 7 个变量。
NOTE: “PROCEDURE SORT”所用时间（总处理时间）:
      实际时间          0.05 秒
      CPU 时间          0.06 秒
      


NOTE: 从数据集 WORK.COMAREC. 读取了 70663 个观测
NOTE: 数据集 WORK.MSPH2 有 50663 个观测和 9 个变量。
NOTE: “DATA 语句”所用时间（总处理时间）:
      实际时间          0.05 秒
      CPU 时间          0.04 秒
      


NOTE: 从数据集 WORK.EMPTY. 读取了 1 个观测
NOTE: 数据集 WORK.PHSB98_1 有 1 个观测和 1 个变量。
NOTE: “DATA 语句”所用时间（总处理时间）:
      实际时间          0.02 秒
      CPU 时间          0.01 秒
      

NOTE: 从数据集 WORK.EMPTY. 读取了 1 个观测
NOTE: 数据集 WORK.COMAREC 有 1 个观测和 1 个变量。
NOTE: “DATA 语句”所用时间（总处理时间）:
      实际时间          0.02 秒
      CPU 时间          0.03 秒
      


NOTE: 从数据集 WORK.MSPH2. 读取了 50663 个观测
NOTE: 数据集 WORK.PHS 有 20000 个观测和 4 个变量。
NOTE: “DATA 语句”所用时间（总处理时间）:
      实际时间          0.02 秒
      CPU 时间          0.01 秒
      


NOTE: 从数据集 WORK.MSPH2. 读取了 50663 个观测
NOTE: 从数据集 WORK.PHS. 读取了 20000 个观测
NOTE: 数据集 WORK.MSP98_1H3 有 20000 个观测和 14 个变量。
NOTE: “DATA 语句”所用时间（总处理时间）:
      实际时间          0.05 秒
      CPU 时间          0.04 秒
      


NOTE: 从数据集 WORK.MSP98_1H3. 读取了 20000 个观测
NOTE: 数据集 WORK.MEDLE98 有 24 个观测和 9 个变量。
NOTE: “PROCEDURE MEANS”所用时间（总处理时间）:
      实际时间          0.06 秒
      CPU 时间          0.09 秒
      


NOTE: 从数据集 WORK.MEDLE98. 读取了 3 个观测
      WHERE _TYPE_ in (14, 15);
NOTE: 数据集 WORK.MEDLE98_1 有 3 个观测和 11 个变量。
NOTE: “DATA 语句”所用时间（总处理时间）:
      实际时间          0.02 秒
      CPU 时间          0.01 秒
      

NOTE: IML Ready
NOTE: 数据集 WORK.SIMSRVP2 有 24 个观测和 3 个变量。
NOTE: Exiting IML.
NOTE: “PROCEDURE IML”所用时间（总处理时间）:
      实际时间          0.03 秒
      CPU 时间          0.03 秒
      


NOTE: 从数据集 WORK.SIMSRVP2. 读取了 24 个观测
NOTE: 数据集 WORK.SIMSRVP2 有 24 个观测和 3 个变量。
NOTE: “DATA 语句”所用时间（总处理时间）:
      实际时间          0.01 秒
      CPU 时间          0.01 秒
      

NOTE: IML Ready
NOTE: 数据集 WORK.PHS98_2P1 有 13000 个观测和 10 个变量。
NOTE: Exiting IML.
NOTE: “PROCEDURE IML”所用时间（总处理时间）:
      实际时间          25.87 秒
      CPU 时间          25.54 秒
      

NOTE: IML Ready
NOTE: 数据集 WORK.PHS98_2P2 有 13000 个观测和 10 个变量。
NOTE: Exiting IML.
NOTE: “PROCEDURE IML”所用时间（总处理时间）:
      实际时间          15.31 秒
      CPU 时间          14.92 秒
      


NOTE: 从数据集 WORK.PHS98_2P1. 读取了 13000 个观测
NOTE: 数据集 WORK.PHS98_2P1 有 13000 个观测和 10 个变量。
NOTE: “DATA 语句”所用时间（总处理时间）:
      实际时间          0.02 秒
      CPU 时间          0.03 秒
      


NOTE: 从数据集 WORK.PHS98_2P1. 读取了 13000 个观测
NOTE: 数据集 WORK.PHS98_2 有 13000 个观测和 10 个变量。
NOTE: “DATA 语句”所用时间（总处理时间）:
      实际时间          0.01 秒
      CPU 时间          0.01 秒
      


NOTE: 从数据集 WORK.EMPTY. 读取了 1 个观测
NOTE: 数据集 WORK.PHS98_2P1 有 1 个观测和 1 个变量。
NOTE: “DATA 语句”所用时间（总处理时间）:
      实际时间          0.01 秒
      CPU 时间          0.01 秒
      


NOTE: 从数据集 WORK.PHS98_2P2. 读取了 13000 个观测
NOTE: 数据集 WORK.PHS98_2P2 有 13000 个观测和 10 个变量。
NOTE: “DATA 语句”所用时间（总处理时间）:
      实际时间          0.02 秒
      CPU 时间          0.01 秒
      


NOTE: 从数据集 WORK.PHS98_2. 读取了 13000 个观测
NOTE: 从数据集 WORK.PHS98_2P2. 读取了 13000 个观测
NOTE: 数据集 WORK.PHS98_2 有 20000 个观测和 10 个变量。
NOTE: “DATA 语句”所用时间（总处理时间）:
      实际时间          0.01 秒
      CPU 时间          0.01 秒
      


NOTE: 从数据集 WORK.EMPTY. 读取了 1 个观测
NOTE: 数据集 WORK.PHS98_2P2 有 1 个观测和 1 个变量。
NOTE: “DATA 语句”所用时间（总处理时间）:
      实际时间          0.01 秒
      CPU 时间          0.01 秒
      


NOTE: 从数据集 WORK.PHS98_2. 读取了 20000 个观测
NOTE: 从数据集 S.COVCOMBOINDEX9. 读取了 1 个观测
      WHERE COVindex=2;
NOTE: 数据集 WORK.PHS98_2 有 20000 个观测和 12 个变量。
NOTE: “DATA 语句”所用时间（总处理时间）:
      实际时间          0.02 秒
      CPU 时间          0.01 秒
      


NOTE: 从数据集 WORK.PHS98_2. 读取了 20000 个观测
NOTE: 数据集 WORK.PHSB98_2 有 64679 个观测和 7 个变量。
NOTE: “DATA 语句”所用时间（总处理时间）:
      实际时间          0.04 秒
      CPU 时间          0.04 秒
      


NOTE: 从数据集 WORK.EMPTY. 读取了 1 个观测
NOTE: 数据集 WORK.PHS98_2 有 1 个观测和 1 个变量。
NOTE: “DATA 语句”所用时间（总处理时间）:
      实际时间          0.01 秒
      CPU 时间          0.01 秒
      


NOTE: 从数据集 WORK.PHSB98_2. 读取了 64679 个观测
NOTE: 数据集 WORK.COMAREC 有 64679 个观测和 7 个变量。
NOTE: “PROCEDURE SORT”所用时间（总处理时间）:
      实际时间          0.05 秒
      CPU 时间          0.06 秒
      


NOTE: 从数据集 WORK.COMAREC. 读取了 64679 个观测
NOTE: 数据集 WORK.COMAREC 有 64679 个观测和 7 个变量。
NOTE: “PROCEDURE SORT”所用时间（总处理时间）:
      实际时间          0.04 秒
      CPU 时间          0.04 秒
      


NOTE: 从数据集 WORK.COMAREC. 读取了 64679 个观测
NOTE: 数据集 WORK.MSPH2 有 44679 个观测和 9 个变量。
NOTE: “DATA 语句”所用时间（总处理时间）:
      实际时间          0.03 秒
      CPU 时间          0.03 秒
      


NOTE: 从数据集 WORK.EMPTY. 读取了 1 个观测
NOTE: 数据集 WORK.PHSB98_2 有 1 个观测和 1 个变量。
NOTE: “DATA 语句”所用时间（总处理时间）:
      实际时间          0.01 秒
      CPU 时间          0.01 秒
      

NOTE: 从数据集 WORK.EMPTY. 读取了 1 个观测
NOTE: 数据集 WORK.COMAREC 有 1 个观测和 1 个变量。
NOTE: “DATA 语句”所用时间（总处理时间）:
      实际时间          0.01 秒
      CPU 时间          0.01 秒
      


NOTE: 从数据集 WORK.MSPH2. 读取了 44679 个观测
NOTE: 数据集 WORK.PHS 有 20000 个观测和 4 个变量。
NOTE: “DATA 语句”所用时间（总处理时间）:
      实际时间          0.02 秒
      CPU 时间          0.03 秒
      


NOTE: 从数据集 WORK.MSPH2. 读取了 44679 个观测
NOTE: 从数据集 WORK.PHS. 读取了 20000 个观测
NOTE: 数据集 WORK.MSP98_2H3 有 20000 个观测和 14 个变量。
NOTE: “DATA 语句”所用时间（总处理时间）:
      实际时间          0.04 秒
      CPU 时间          0.04 秒
      


NOTE: 从数据集 WORK.MSP98_2H3. 读取了 20000 个观测
NOTE: 数据集 WORK.MEDLE98 有 24 个观测和 9 个变量。
NOTE: “PROCEDURE MEANS”所用时间（总处理时间）:
      实际时间          0.05 秒
      CPU 时间          0.10 秒
      


NOTE: 从数据集 WORK.MEDLE98. 读取了 3 个观测
      WHERE _TYPE_ in (14, 15);
NOTE: 数据集 WORK.MEDLE98_2 有 3 个观测和 11 个变量。
NOTE: “DATA 语句”所用时间（总处理时间）:
      实际时间          0.01 秒
      CPU 时间          0.01 秒
      

NOTE: IML Ready
NOTE: 数据集 WORK.SIMSRVP3 有 24 个观测和 3 个变量。
NOTE: Exiting IML.
NOTE: “PROCEDURE IML”所用时间（总处理时间）:
      实际时间          0.02 秒
      CPU 时间          0.01 秒
      


NOTE: 从数据集 WORK.SIMSRVP3. 读取了 24 个观测
NOTE: 数据集 WORK.SIMSRVP3 有 24 个观测和 3 个变量。
NOTE: “DATA 语句”所用时间（总处理时间）:
      实际时间          0.01 秒
      CPU 时间          0.01 秒
      

NOTE: IML Ready
NOTE: 数据集 WORK.PHS98_3P1 有 13000 个观测和 10 个变量。
NOTE: Exiting IML.
NOTE: “PROCEDURE IML”所用时间（总处理时间）:
      实际时间          24.76 秒
      CPU 时间          24.23 秒
      

NOTE: IML Ready
NOTE: 数据集 WORK.PHS98_3P2 有 13000 个观测和 10 个变量。
NOTE: Exiting IML.
NOTE: “PROCEDURE IML”所用时间（总处理时间）:
      实际时间          12.88 秒
      CPU 时间          12.81 秒
      


NOTE: 从数据集 WORK.PHS98_3P1. 读取了 13000 个观测
NOTE: 数据集 WORK.PHS98_3P1 有 13000 个观测和 10 个变量。
NOTE: “DATA 语句”所用时间（总处理时间）:
      实际时间          0.01 秒
      CPU 时间          0.01 秒
      


NOTE: 从数据集 WORK.PHS98_3P1. 读取了 13000 个观测
NOTE: 数据集 WORK.PHS98_3 有 13000 个观测和 10 个变量。
NOTE: “DATA 语句”所用时间（总处理时间）:
      实际时间          0.01 秒
      CPU 时间          0.01 秒
      

NOTE: 从数据集 WORK.EMPTY. 读取了 1 个观测
NOTE: 数据集 WORK.PHS98_3P1 有 1 个观测和 1 个变量。
NOTE: “DATA 语句”所用时间（总处理时间）:
      实际时间          0.01 秒
      CPU 时间          0.00 秒
      


NOTE: 从数据集 WORK.PHS98_3P2. 读取了 13000 个观测
NOTE: 数据集 WORK.PHS98_3P2 有 13000 个观测和 10 个变量。
NOTE: “DATA 语句”所用时间（总处理时间）:
      实际时间          0.01 秒
      CPU 时间          0.01 秒
      


NOTE: 从数据集 WORK.PHS98_3. 读取了 13000 个观测
NOTE: 从数据集 WORK.PHS98_3P2. 读取了 13000 个观测
NOTE: 数据集 WORK.PHS98_3 有 20000 个观测和 10 个变量。
NOTE: “DATA 语句”所用时间（总处理时间）:
      实际时间          0.02 秒
      CPU 时间          0.01 秒
      

NOTE: 从数据集 WORK.EMPTY. 读取了 1 个观测
NOTE: 数据集 WORK.PHS98_3P2 有 1 个观测和 1 个变量。
NOTE: “DATA 语句”所用时间（总处理时间）:
      实际时间          0.01 秒
      CPU 时间          0.01 秒
      


NOTE: 从数据集 WORK.PHS98_3. 读取了 20000 个观测
NOTE: 从数据集 S.COVCOMBOINDEX9. 读取了 1 个观测
      WHERE COVindex=3;
NOTE: 数据集 WORK.PHS98_3 有 20000 个观测和 12 个变量。
NOTE: “DATA 语句”所用时间（总处理时间）:
      实际时间          0.02 秒
      CPU 时间          0.03 秒
      


NOTE: 从数据集 WORK.PHS98_3. 读取了 20000 个观测
NOTE: 数据集 WORK.PHSB98_3 有 67475 个观测和 7 个变量。
NOTE: “DATA 语句”所用时间（总处理时间）:
      实际时间          0.04 秒
      CPU 时间          0.04 秒
      

NOTE: 从数据集 WORK.EMPTY. 读取了 1 个观测
NOTE: 数据集 WORK.PHS98_3 有 1 个观测和 1 个变量。
NOTE: “DATA 语句”所用时间（总处理时间）:
      实际时间          0.01 秒
      CPU 时间          0.01 秒
      


NOTE: 从数据集 WORK.PHSB98_3. 读取了 67475 个观测
NOTE: 数据集 WORK.COMAREC 有 67475 个观测和 7 个变量。
NOTE: “PROCEDURE SORT”所用时间（总处理时间）:
      实际时间          0.05 秒
      CPU 时间          0.04 秒
      


NOTE: 从数据集 WORK.COMAREC. 读取了 67475 个观测
NOTE: 数据集 WORK.COMAREC 有 67475 个观测和 7 个变量。
NOTE: “PROCEDURE SORT”所用时间（总处理时间）:
      实际时间          0.05 秒
      CPU 时间          0.06 秒
      


NOTE: 从数据集 WORK.COMAREC. 读取了 67475 个观测
NOTE: 数据集 WORK.MSPH2 有 47475 个观测和 9 个变量。
NOTE: “DATA 语句”所用时间（总处理时间）:
      实际时间          0.03 秒
      CPU 时间          0.03 秒
      

NOTE: 从数据集 WORK.EMPTY. 读取了 1 个观测
NOTE: 数据集 WORK.PHSB98_3 有 1 个观测和 1 个变量。
NOTE: “DATA 语句”所用时间（总处理时间）:
      实际时间          0.01 秒
      CPU 时间          0.01 秒
      

NOTE: 从数据集 WORK.EMPTY. 读取了 1 个观测
NOTE: 数据集 WORK.COMAREC 有 1 个观测和 1 个变量。
NOTE: “DATA 语句”所用时间（总处理时间）:
      实际时间          0.01 秒
      CPU 时间          0.01 秒
      


NOTE: 从数据集 WORK.MSPH2. 读取了 47475 个观测
NOTE: 数据集 WORK.PHS 有 20000 个观测和 4 个变量。
NOTE: “DATA 语句”所用时间（总处理时间）:
      实际时间          0.02 秒
      CPU 时间          0.03 秒
      


NOTE: 从数据集 WORK.MSPH2. 读取了 47475 个观测
NOTE: 从数据集 WORK.PHS. 读取了 20000 个观测
NOTE: 数据集 WORK.MSP98_3H3 有 20000 个观测和 14 个变量。
NOTE: “DATA 语句”所用时间（总处理时间）:
      实际时间          0.04 秒
      CPU 时间          0.03 秒
      


NOTE: 从数据集 WORK.MSP98_3H3. 读取了 20000 个观测
NOTE: 数据集 WORK.MEDLE98 有 24 个观测和 9 个变量。
NOTE: “PROCEDURE MEANS”所用时间（总处理时间）:
      实际时间          0.05 秒
      CPU 时间          0.06 秒
      


NOTE: 从数据集 WORK.MEDLE98. 读取了 3 个观测
      WHERE _TYPE_ in (14, 15);
NOTE: 数据集 WORK.MEDLE98_3 有 3 个观测和 11 个变量。
NOTE: “DATA 语句”所用时间（总处理时间）:
      实际时间          0.01 秒
      CPU 时间          0.01 秒
      

NOTE: IML Ready
NOTE: 数据集 WORK.SIMSRVP4 有 24 个观测和 3 个变量。
NOTE: Exiting IML.
NOTE: “PROCEDURE IML”所用时间（总处理时间）:
      实际时间          0.02 秒
      CPU 时间          0.01 秒
      


NOTE: 从数据集 WORK.SIMSRVP4. 读取了 24 个观测
NOTE: 数据集 WORK.SIMSRVP4 有 24 个观测和 3 个变量。
NOTE: “DATA 语句”所用时间（总处理时间）:
      实际时间          0.00 秒
      CPU 时间          0.00 秒
      

NOTE: IML Ready
NOTE: 数据集 WORK.PHS98_4P1 有 13000 个观测和 10 个变量。
NOTE: Exiting IML.
NOTE: “PROCEDURE IML”所用时间（总处理时间）:
      实际时间          22.73 秒
      CPU 时间          22.46 秒
      

NOTE: IML Ready
NOTE: 数据集 WORK.PHS98_4P2 有 13000 个观测和 10 个变量。
NOTE: Exiting IML.
NOTE: “PROCEDURE IML”所用时间（总处理时间）:
      实际时间          11.47 秒
      CPU 时间          11.28 秒
      


NOTE: 从数据集 WORK.PHS98_4P1. 读取了 13000 个观测
NOTE: 数据集 WORK.PHS98_4P1 有 13000 个观测和 10 个变量。
NOTE: “DATA 语句”所用时间（总处理时间）:
      实际时间          0.00 秒
      CPU 时间          0.01 秒
      


NOTE: 从数据集 WORK.PHS98_4P1. 读取了 13000 个观测
NOTE: 数据集 WORK.PHS98_4 有 13000 个观测和 10 个变量。
NOTE: “DATA 语句”所用时间（总处理时间）:
      实际时间          0.00 秒
      CPU 时间          0.00 秒
      

NOTE: 从数据集 WORK.EMPTY. 读取了 1 个观测
NOTE: 数据集 WORK.PHS98_4P1 有 1 个观测和 1 个变量。
NOTE: “DATA 语句”所用时间（总处理时间）:
      实际时间          0.00 秒
      CPU 时间          0.01 秒
      


NOTE: 从数据集 WORK.PHS98_4P2. 读取了 13000 个观测
NOTE: 数据集 WORK.PHS98_4P2 有 13000 个观测和 10 个变量。
NOTE: “DATA 语句”所用时间（总处理时间）:
      实际时间          0.00 秒
      CPU 时间          0.00 秒
      


NOTE: 从数据集 WORK.PHS98_4. 读取了 13000 个观测
NOTE: 从数据集 WORK.PHS98_4P2. 读取了 13000 个观测
NOTE: 数据集 WORK.PHS98_4 有 20000 个观测和 10 个变量。
NOTE: “DATA 语句”所用时间（总处理时间）:
      实际时间          0.01 秒
      CPU 时间          0.00 秒
      

NOTE: 从数据集 WORK.EMPTY. 读取了 1 个观测
NOTE: 数据集 WORK.PHS98_4P2 有 1 个观测和 1 个变量。
NOTE: “DATA 语句”所用时间（总处理时间）:
      实际时间          0.00 秒
      CPU 时间          0.00 秒
      


NOTE: 从数据集 WORK.PHS98_4. 读取了 20000 个观测
NOTE: 从数据集 S.COVCOMBOINDEX9. 读取了 1 个观测
      WHERE COVindex=4;
NOTE: 数据集 WORK.PHS98_4 有 20000 个观测和 12 个变量。
NOTE: “DATA 语句”所用时间（总处理时间）:
      实际时间          0.01 秒
      CPU 时间          0.01 秒
      


NOTE: 从数据集 WORK.PHS98_4. 读取了 20000 个观测
NOTE: 数据集 WORK.PHSB98_4 有 65660 个观测和 7 个变量。
NOTE: “DATA 语句”所用时间（总处理时间）:
      实际时间          0.02 秒
      CPU 时间          0.03 秒
      

NOTE: 从数据集 WORK.EMPTY. 读取了 1 个观测
NOTE: 数据集 WORK.PHS98_4 有 1 个观测和 1 个变量。
NOTE: “DATA 语句”所用时间（总处理时间）:
      实际时间          0.01 秒
      CPU 时间          0.00 秒
      


NOTE: 从数据集 WORK.PHSB98_4. 读取了 65660 个观测
NOTE: 数据集 WORK.COMAREC 有 65660 个观测和 7 个变量。
NOTE: “PROCEDURE SORT”所用时间（总处理时间）:
      实际时间          0.02 秒
      CPU 时间          0.03 秒
      


NOTE: 从数据集 WORK.COMAREC. 读取了 65660 个观测
NOTE: 数据集 WORK.COMAREC 有 65660 个观测和 7 个变量。
NOTE: “PROCEDURE SORT”所用时间（总处理时间）:
      实际时间          0.03 秒
      CPU 时间          0.03 秒
      


NOTE: 从数据集 WORK.COMAREC. 读取了 65660 个观测
NOTE: 数据集 WORK.MSPH2 有 45660 个观测和 9 个变量。
NOTE: “DATA 语句”所用时间（总处理时间）:
      实际时间          0.02 秒
      CPU 时间          0.03 秒
      

NOTE: 从数据集 WORK.EMPTY. 读取了 1 个观测
NOTE: 数据集 WORK.PHSB98_4 有 1 个观测和 1 个变量。
NOTE: “DATA 语句”所用时间（总处理时间）:
      实际时间          0.01 秒
      CPU 时间          0.01 秒
      

NOTE: 从数据集 WORK.EMPTY. 读取了 1 个观测
NOTE: 数据集 WORK.COMAREC 有 1 个观测和 1 个变量。
NOTE: “DATA 语句”所用时间（总处理时间）:
      实际时间          0.00 秒
      CPU 时间          0.00 秒
      


NOTE: 从数据集 WORK.MSPH2. 读取了 45660 个观测
NOTE: 数据集 WORK.PHS 有 20000 个观测和 4 个变量。
NOTE: “DATA 语句”所用时间（总处理时间）:
      实际时间          0.01 秒
      CPU 时间          0.01 秒
      


NOTE: 从数据集 WORK.MSPH2. 读取了 45660 个观测
NOTE: 从数据集 WORK.PHS. 读取了 20000 个观测
NOTE: 数据集 WORK.MSP98_4H3 有 20000 个观测和 14 个变量。
NOTE: “DATA 语句”所用时间（总处理时间）:
      实际时间          0.03 秒
      CPU 时间          0.03 秒
      


NOTE: 从数据集 WORK.MSP98_4H3. 读取了 20000 个观测
NOTE: 数据集 WORK.MEDLE98 有 24 个观测和 9 个变量。
NOTE: “PROCEDURE MEANS”所用时间（总处理时间）:
      实际时间          0.02 秒
      CPU 时间          0.03 秒
      


NOTE: 从数据集 WORK.MEDLE98. 读取了 3 个观测
      WHERE _TYPE_ in (14, 15);
NOTE: 数据集 WORK.MEDLE98_4 有 3 个观测和 11 个变量。
NOTE: “DATA 语句”所用时间（总处理时间）:
      实际时间          0.01 秒
      CPU 时间          0.00 秒
      


NOTE: 从数据集 WORK.MEDLE98_1. 读取了 3 个观测
NOTE: 从数据集 WORK.MEDLE98_2. 读取了 3 个观测
NOTE: 从数据集 WORK.MEDLE98_3. 读取了 3 个观测
NOTE: 从数据集 WORK.MEDLE98_4. 读取了 3 个观测
NOTE: 数据集 WORK.MEDLE 有 12 个观测和 11 个变量。
NOTE: “DATA 语句”所用时间（总处理时间）:
      实际时间          0.00 秒
      CPU 时间          0.01 秒
      


NOTE: 从数据集 WORK.MEDLE. 读取了 12 个观测
NOTE: 数据集 WORK.MEDLE 有 12 个观测和 11 个变量。
NOTE: “PROCEDURE SORT”所用时间（总处理时间）:
      实际时间          0.01 秒
      CPU 时间          0.01 秒
      


NOTE: 从数据集 S.BSLE9. 读取了 1 个观测
NOTE: 从数据集 WORK.MEDLE. 读取了 12 个观测
NOTE: 数据集 S.BSLE9 有 12 个观测和 11 个变量。
NOTE: “DATA 语句”所用时间（总处理时间）:
      实际时间          0.00 秒
      CPU 时间          0.00 秒
      


NOTE: 从数据集 S.BSLE9. 读取了 12 个观测
NOTE: 数据集 S.BSLE9 有 12 个观测和 11 个变量。
NOTE: “PROCEDURE SORT”所用时间（总处理时间）:
      实际时间          0.01 秒
      CPU 时间          0.01 秒
      

NOTE: 从数据集 WORK.EMPTY. 读取了 1 个观测
NOTE: 数据集 WORK.PRSNYR 有 1 个观测和 1 个变量。
NOTE: “DATA 语句”所用时间（总处理时间）:
      实际时间          0.00 秒
      CPU 时间          0.00 秒
      

NOTE: 从数据集 WORK.EMPTY. 读取了 1 个观测
NOTE: 数据集 WORK.PREV 有 1 个观测和 1 个变量。
NOTE: “DATA 语句”所用时间（总处理时间）:
      实际时间          0.00 秒
      CPU 时间          0.01 秒
      

NOTE: 从数据集 WORK.EMPTY. 读取了 1 个观测
NOTE: 数据集 WORK.PREV_CTRLCOV 有 1 个观测和 1 个变量。
NOTE: “DATA 语句”所用时间（总处理时间）:
      实际时间          0.00 秒
      CPU 时间          0.00 秒
      

NOTE: 从数据集 WORK.EMPTY. 读取了 1 个观测
NOTE: 数据集 WORK.PSBACK000 有 1 个观测和 1 个变量。
NOTE: “DATA 语句”所用时间（总处理时间）:
      实际时间          0.00 秒
      CPU 时间          0.01 秒
      

