BEGST=1. Estimation for whole sample.(Control Variables)                                                                                  2025年 7月22日 星期二 下午09时14分40秒   3

“LOGISTIC”过程

            模型信息

数据集         WORK.MODEL_CTRLCOV
响应变量       ENDST             
响应水平数     3                 
权重变量       weight            
模型           广义 Logit        
优化方法       Newton-Raphson    


读取的观测数         15831
使用的观测数          8325
读取的权重总和    12472.74
使用的权重总和    12472.74


                      响应概略
 
    有序                        总               总
      值        ENDST         频数             权重

       1            3          652          930.340
       2            2          650          984.720
       3            1         7023        10557.684

建立的 Logit 模型使用 ENDST=1 作为参考类别。

NOTE: 7506 observations having nonpositive frequencies or weights were excluded since they do not contribute to the analysis.


       分类水平信息
 
分类       值     设计变量

cohort     1            -1
           2             1

edu        1            -1
           2             1

sex        1             1
           2            -1


                          模型收敛状态

满足收敛准则 (GCONV=1E-8)。                                     


            模型拟合统计量
 
准则            仅截距     截距和协变量

AIC          13353.917        13258.540
SC           13367.971        13427.189
-2 Log L     13349.917        13210.540


BEGST=1. Estimation for whole sample.(Control Variables)                                                                                  2025年 7月22日 星期二 下午09时14分40秒   4

“LOGISTIC”过程

                 检验全局原假设: BETA=0
 
检验                       卡方     自由度     Pr > 卡方

似然比                 139.3771         22        <.0001
评分                   131.7583         22        <.0001
Wald                   127.0801         22        <.0001


                   联合检验
 
                              Wald
效应          自由度          卡方    Pr > 卡方

AGE                2        5.9214       0.0518
AGE*AGE            2        5.7054       0.0577
AGE*sex            2        9.7941       0.0075
AGE*cohort         2        6.6420       0.0361
cohort*sex         2        6.2271       0.0444
cohort*edu         2        1.0738       0.5846
edu*sex            2        1.8124       0.4040
AGE*edu            2        1.5612       0.4581
cohort             2        5.7273       0.0571
edu                2        1.5853       0.4526
sex                2        9.5348       0.0085

NOTE: Under full-rank parameterizations, Type 3 effect tests are replaced by joint tests. The joint test for an effect is a test that all the parameters associated with that 
      effect are zero. Such joint tests might not be equivalent to Type 3 effect tests under GLM parameterization.


                                  最大似然估计分析
 
                                                     标准          Wald
参数              ENDST    自由度        估计        误差          卡方    Pr > 卡方

Intercept         3             1    -57.7791     23.6985        5.9443       0.0148
Intercept         2             1    -27.0938     25.8106        1.1019       0.2938
AGE               3             1      1.2801      0.5694        5.0543       0.0246
AGE               2             1      0.6524      0.6246        1.0911       0.2962
AGE*AGE           3             1    -0.00737     0.00342        4.6529       0.0310
AGE*AGE           2             1    -0.00428     0.00378        1.2859       0.2568
AGE*sex    1      3             1    -0.00674      0.0158        0.1827       0.6690
AGE*sex    1      2             1     -0.0524      0.0168        9.7573       0.0018
AGE*cohort 2      3             1     -0.0281      0.0142        3.9055       0.0481
AGE*cohort 2      2             1     -0.0257      0.0143        3.2402       0.0719
cohort*sex 2 1    3             1      0.0603      0.0397        2.3048       0.1290
cohort*sex 2 1    2             1      0.0861      0.0411        4.3899       0.0362
cohort*edu 2 2    3             1      0.0283      0.0397        0.5059       0.4769
cohort*edu 2 2    2             1      0.0330      0.0408        0.6532       0.4190
edu*sex    2 1    3             1      0.0393      0.0392        1.0061       0.3158
edu*sex    2 1    2             1     -0.0326      0.0401        0.6586       0.4170
AGE*edu    2      3             1    -0.00469      0.0158        0.0879       0.7669
AGE*edu    2      2             1     -0.0203      0.0165        1.5204       0.2176
cohort     2      3             1      2.1761      1.1754        3.4277       0.0641
cohort     2      2             1      1.9346      1.1703        2.7327       0.0983
edu        2      3             1      0.3637      1.3095        0.0771       0.7812
edu        2      2             1      1.6864      1.3536        1.5520       0.2128
sex        1      3             1      0.6846      1.3038        0.2757       0.5995
sex        1      2             1      4.2348      1.3777        9.4487       0.0021
BEGST=2. Estimation for whole sample.(Control Variables)                                                                                  2025年 7月22日 星期二 下午09时14分40秒   5

“LOGISTIC”过程

            模型信息

数据集         WORK.MODEL_CTRLCOV
响应变量       ENDST             
响应水平数     3                 
权重变量       weight            
模型           广义 Logit        
优化方法       Newton-Raphson    


读取的观测数          9969
使用的观测数          5267
读取的权重总和    7932.319
使用的权重总和    7932.319


                      响应概略
 
    有序                        总               总
      值        ENDST         频数             权重

       1            3          517         729.3553
       2            2         4044        6161.2054
       3            1          706        1041.7586

建立的 Logit 模型使用 ENDST=2 作为参考类别。

NOTE: 4702 observations having nonpositive frequencies or weights were excluded since they do not contribute to the analysis.


       分类水平信息
 
分类       值     设计变量

cohort     1            -1
           2             1

edu        1            -1
           2             1

sex        1             1
           2            -1


                          模型收敛状态

满足收敛准则 (GCONV=1E-8)。                                     


            模型拟合统计量
 
准则            仅截距     截距和协变量

AIC          10828.425        10735.439
SC           10841.564        10893.100
-2 Log L     10824.425        10687.439


BEGST=2. Estimation for whole sample.(Control Variables)                                                                                  2025年 7月22日 星期二 下午09时14分40秒   6

“LOGISTIC”过程

                 检验全局原假设: BETA=0
 
检验                       卡方     自由度     Pr > 卡方

似然比                 136.9861         22        <.0001
评分                   143.2368         22        <.0001
Wald                   137.0714         22        <.0001


                   联合检验
 
                              Wald
效应          自由度          卡方    Pr > 卡方

AGE                2        4.0333       0.1331
AGE*AGE            2        4.3294       0.1148
AGE*sex            2        2.5304       0.2822
AGE*cohort         2       17.1126       0.0002
cohort*sex         2        8.9527       0.0114
cohort*edu         2        7.2399       0.0268
edu*sex            2        9.2290       0.0099
AGE*edu            2        4.0443       0.1324
cohort             2       17.0470       0.0002
edu                2        4.1242       0.1272
sex                2        2.3108       0.3149

NOTE: Under full-rank parameterizations, Type 3 effect tests are replaced by joint tests. The joint test for an effect is a test that all the parameters associated with that 
      effect are zero. Such joint tests might not be equivalent to Type 3 effect tests under GLM parameterization.


                                  最大似然估计分析
 
                                                     标准          Wald
参数              ENDST    自由度        估计        误差          卡方    Pr > 卡方

Intercept         3             1      2.1850     36.4925        0.0036       0.9523
Intercept         1             1    -67.2625     34.2737        3.8514       0.0497
AGE               3             1     -0.2127      0.8799        0.0584       0.8090
AGE               1             1      1.6248      0.8322        3.8124       0.0509
AGE*AGE           3             1     0.00193     0.00530        0.1326       0.7158
AGE*AGE           1             1     -0.0101     0.00505        3.9713       0.0463
AGE*sex    1      3             1      0.0251      0.0193        1.6979       0.1926
AGE*sex    1      1             1      0.0174      0.0165        1.1151       0.2910
AGE*cohort 2      3             1     -0.0668      0.0162       17.0889       <.0001
AGE*cohort 2      1             1    -0.00497      0.0146        0.1153       0.7342
cohort*sex 2 1    3             1     -0.1332      0.0500        7.0799       0.0078
cohort*sex 2 1    1             1     -0.0648      0.0387        2.7999       0.0943
cohort*edu 2 2    3             1     -0.1302      0.0507        6.5839       0.0103
cohort*edu 2 2    1             1     -0.0435      0.0393        1.2221       0.2689
edu*sex    2 1    3             1     -0.1402      0.0506        7.6885       0.0056
edu*sex    2 1    1             1      0.0359      0.0390        0.8491       0.3568
AGE*edu    2      3             1     -0.0332      0.0198        2.8079       0.0938
AGE*edu    2      1             1     -0.0218      0.0168        1.6742       0.1957
cohort     2      3             1      5.5241      1.3380       17.0454       <.0001
cohort     2      1             1      0.5403      1.2003        0.2026       0.6527
edu        2      3             1      2.7833      1.6441        2.8658       0.0905
edu        2      1             1      1.8039      1.3824        1.7027       0.1919
sex        1      3             1     -1.9264      1.5969        1.4552       0.2277
sex        1      1             1     -1.4319      1.3549        1.1170       0.2906
