NOTE: “PROCEDURE PRINTTO”所用时间（总处理时间）:
      实际时间          0.00 秒
      CPU 时间          0.00 秒
      


NOTE: 数据集 WORK.EMPTY 有 1 个观测和 1 个变量。
NOTE: “DATA 语句”所用时间（总处理时间）:
      实际时间          0.02 秒
      CPU 时间          0.03 秒
      


NOTE: 从数据集 S.COVCOMBOINDEX2. 读取了 4 个观测
NOTE: 数据集 S.COVCOMBOINDEX2 有 4 个观测和 3 个变量。
NOTE: “PROCEDURE SORT”所用时间（总处理时间）:
      实际时间          0.01 秒
      CPU 时间          0.01 秒
      


NOTE: 从数据集 S.COVCOMBOINDEX2. 读取了 4 个观测
NOTE: 数据集 WORK.TEMP1 有 2 个观测和 2 个变量。
NOTE: “DATA 语句”所用时间（总处理时间）:
      实际时间          0.01 秒
      CPU 时间          0.01 秒
      


NOTE: 数值已转换为字符值，位置:（行:列）。
      1780:69   
NOTE: 从数据集 WORK.TEMP1. 读取了 2 个观测
NOTE: “DATA 语句”所用时间（总处理时间）:
      实际时间          0.00 秒
      CPU 时间          0.00 秒
      


NOTE: 从数据集 S.COVCOMBOINDEX2. 读取了 4 个观测
NOTE: 数据集 S.COVCOMBOINDEX2 有 4 个观测和 3 个变量。
NOTE: “PROCEDURE SORT”所用时间（总处理时间）:
      实际时间          0.02 秒
      CPU 时间          0.00 秒
      


NOTE: 从数据集 S.COVCOMBOINDEX2. 读取了 4 个观测
NOTE: 数据集 WORK.TEMP2 有 2 个观测和 2 个变量。
NOTE: “DATA 语句”所用时间（总处理时间）:
      实际时间          0.01 秒
      CPU 时间          0.01 秒
      


NOTE: 数值已转换为字符值，位置:（行:列）。
      1780:69   
NOTE: 从数据集 WORK.TEMP2. 读取了 2 个观测
NOTE: “DATA 语句”所用时间（总处理时间）:
      实际时间          0.00 秒
      CPU 时间          0.00 秒
      

COV1=sex
COV2=cohort
REGCOV1=sex
REGCOV2=cohort
NC=2
nREGCOV=2
nSTRATCOV=0
nCTRLCOVconti=0
nCTRLCOVcateg=0
nCTRLCOV     =0

NOTE: 从数据集 S.COVCOMBOINDEX2. 读取了 4 个观测
NOTE: 数据集 WORK.COVCOMBOINDEX00 有 4 个观测和 3 个变量。
NOTE: “DATA 语句”所用时间（总处理时间）:
      实际时间          0.01 秒
      CPU 时间          0.03 秒
      

nTVcov = 0
Inputted numbers of NoTrans = 0

NOTE: 数据集 WORK.TRANS 有 6 个观测和 3 个变量。
NOTE: “DATA 语句”所用时间（总处理时间）:
      实际时间          0.01 秒
      CPU 时间          0.00 秒
      


NOTE: 从数据集 WORK.TRANS. 读取了 6 个观测
NOTE: 数据集 WORK.TRANSITIONS 有 6 个观测和 5 个变量。
NOTE: “DATA 语句”所用时间（总处理时间）:
      实际时间          0.01 秒
      CPU 时间          0.00 秒
      


NOTE: 从数据集 WORK.TRANSITIONS. 读取了 6 个观测
NOTE: 数据集 WORK.TRANSITIONS 有 6 个观测和 4 个变量。
NOTE: “DATA 语句”所用时间（总处理时间）:
      实际时间          0.01 秒
      CPU 时间          0.00 秒
      


NOTE: 从数据集 S.COVCOMBOINDEX2. 读取了 4 个观测
NOTE: 数据集 S.COVCOMBOINDEX2 有 4 个观测和 3 个变量。
NOTE: “PROCEDURE SORT”所用时间（总处理时间）:
      实际时间          0.02 秒
      CPU 时间          0.01 秒
      


NOTE: 从数据集 S.BSMPL2. 读取了 4119 个观测
      WHERE (AGE>=65) and (weight>0);
NOTE: 数据集 WORK.SEM0 有 4119 个观测和 16 个变量。
NOTE: “DATA 语句”所用时间（总处理时间）:
      实际时间          0.02 秒
      CPU 时间          0.00 秒
      


NOTE: 从数据集 WORK.SEM0. 读取了 4119 个观测
NOTE: 数据集 WORK.SEM0 有 4119 个观测和 16 个变量。
NOTE: “PROCEDURE SORT”所用时间（总处理时间）:
      实际时间          0.02 秒
      CPU 时间          0.00 秒
      


NOTE: 从数据集 WORK.SEM0. 读取了 4119 个观测
NOTE: 数据集 WORK.SEM 有 4119 个观测和 19 个变量。
NOTE: “DATA 语句”所用时间（总处理时间）:
      实际时间          0.00 秒
      CPU 时间          0.00 秒
      


NOTE: 从数据集 WORK.SEM. 读取了 4119 个观测
NOTE: 数据集 WORK.SEM1 有 9468 个观测和 16 个变量。
NOTE: “DATA 语句”所用时间（总处理时间）:
      实际时间          0.01 秒
      CPU 时间          0.01 秒
      

after SEM1

NOTE: 从数据集 WORK.SEM1. 读取了 9468 个观测
NOTE: 数据集 WORK.PRSNYR 有 7960 个观测和 17 个变量。
NOTE: “DATA 语句”所用时间（总处理时间）:
      实际时间          0.01 秒
      CPU 时间          0.00 秒
      


NOTE: 从数据集 WORK.EMPTY. 读取了 1 个观测
NOTE: 数据集 WORK.SEM0 有 1 个观测和 1 个变量。
NOTE: “DATA 语句”所用时间（总处理时间）:
      实际时间          0.00 秒
      CPU 时间          0.01 秒
      


NOTE: 从数据集 WORK.EMPTY. 读取了 1 个观测
NOTE: 数据集 WORK.SEM 有 1 个观测和 1 个变量。
NOTE: “DATA 语句”所用时间（总处理时间）:
      实际时间          0.00 秒
      CPU 时间          0.00 秒
      


NOTE: 从数据集 WORK.EMPTY. 读取了 1 个观测
NOTE: 数据集 WORK.SEM1 有 1 个观测和 1 个变量。
NOTE: “DATA 语句”所用时间（总处理时间）:
      实际时间          0.00 秒
      CPU 时间          0.01 秒
      

after PRSNYR

NOTE: 数值已转换为字符值，位置:（行:列）。
      1780:103   
NOTE: 从数据集 S.COVCOMBOINDEX2. 读取了 4 个观测
NOTE: “DATA 语句”所用时间（总处理时间）:
      实际时间          0.00 秒
      CPU 时间          0.00 秒
      


NOTE: 数据集 WORK.PS2 有 48 个观测和 4 个变量。
NOTE: “DATA 语句”所用时间（总处理时间）:
      实际时间          0.00 秒
      CPU 时间          0.00 秒
      


NOTE: 数据集 WORK.CTRLCOVCOMBOINDEXPREV 有 48 个观测和 4 个变量。
NOTE: “DATA 语句”所用时间（总处理时间）:
      实际时间          0.00 秒
      CPU 时间          0.01 秒
      


NOTE: 数值已转换为字符值，位置:（行:列）。
      1780:116   
NOTE: 从数据集 WORK.CTRLCOVCOMBOINDEXPREV. 读取了 48 个观测
NOTE: “DATA 语句”所用时间（总处理时间）:
      实际时间          0.00 秒
      CPU 时间          0.00 秒
      

nCtrlCOVindexPrev =           48

NOTE: 从数据集 S.COVCOMBOINDEX2. 读取了 4 个观测
NOTE: 数据集 S.COVCOMBOINDEX2 有 4 个观测和 3 个变量。
NOTE: “PROCEDURE SORT”所用时间（总处理时间）:
      实际时间          0.00 秒
      CPU 时间          0.01 秒
      


NOTE: 从数据集 S.COVCOMBOINDEX2. 读取了 4 个观测
NOTE: 数据集 WORK.TEMP1 有 2 个观测和 1 个变量。
NOTE: “DATA 语句”所用时间（总处理时间）:
      实际时间          0.00 秒
      CPU 时间          0.00 秒
      


NOTE: 数值已转换为字符值，位置:（行:列）。
      1780:83   
NOTE: 从数据集 WORK.TEMP1. 读取了 2 个观测
NOTE: “DATA 语句”所用时间（总处理时间）:
      实际时间          0.00 秒
      CPU 时间          0.01 秒
      


NOTE: 从数据集 S.COVCOMBOINDEX2. 读取了 4 个观测
NOTE: 数据集 S.COVCOMBOINDEX2 有 4 个观测和 3 个变量。
NOTE: “PROCEDURE SORT”所用时间（总处理时间）:
      实际时间          0.00 秒
      CPU 时间          0.00 秒
      


NOTE: 从数据集 S.COVCOMBOINDEX2. 读取了 4 个观测
NOTE: 数据集 WORK.TEMP2 有 2 个观测和 1 个变量。
NOTE: “DATA 语句”所用时间（总处理时间）:
      实际时间          0.01 秒
      CPU 时间          0.01 秒
      


NOTE: 数值已转换为字符值，位置:（行:列）。
      1780:83   
NOTE: 从数据集 WORK.TEMP2. 读取了 2 个观测
NOTE: “DATA 语句”所用时间（总处理时间）:
      实际时间          0.00 秒
      CPU 时间          0.00 秒
      


NOTE: 数据集 WORK.CTRLCOVCOMBOINDEXTRANS 有 48 个观测和 4 个变量。
NOTE: “DATA 语句”所用时间（总处理时间）:
      实际时间          0.00 秒
      CPU 时间          0.01 秒
      


NOTE: 数值已转换为字符值，位置:（行:列）。
      1780:118   
NOTE: 从数据集 WORK.CTRLCOVCOMBOINDEXTRANS. 读取了 48 个观测
NOTE: “DATA 语句”所用时间（总处理时间）:
      实际时间          0.00 秒
      CPU 时间          0.00 秒
      

nCtrlCOVindexTrans =           48

NOTE: 从数据集 WORK.PS2. 读取了 48 个观测
NOTE: 从数据集 S.BSMPL2. 读取了 3472 个观测
      WHERE (AGE>=68) and (weight>0);
NOTE: 数据集 WORK.PSBACK000 有 3290 个观测和 17 个变量。
NOTE: “DATA 语句”所用时间（总处理时间）:
      实际时间          0.00 秒
      CPU 时间          0.01 秒
      


NOTE: 从数据集 WORK.PSBACK000. 读取了 3290 个观测
NOTE: 数据集 WORK.PSBACK000 有 3290 个观测和 17 个变量。
NOTE: “PROCEDURE SORT”所用时间（总处理时间）:
      实际时间          0.01 秒
      CPU 时间          0.00 秒
      


NOTE: PROC LOGISTIC is fitting the generalized logit model. The logits modeled contrast each response level against the reference level (H='1'). Use the response variable option 
      REF= if you want to change the reference level.
NOTE: Convergence criterion (GCONV=1E-8) satisfied.
NOTE: 从数据集 WORK.PSBACK000. 读取了 3290 个观测
NOTE: 数据集 WORK.PREV 有 3290 个观测和 21 个变量。
NOTE: “PROCEDURE LOGISTIC”所用时间（总处理时间）:
      实际时间          0.04 秒
      CPU 时间          0.04 秒
      


NOTE: 从数据集 WORK.PREV. 读取了 48 个观测
      WHERE CONTROL=1;
NOTE: 数据集 WORK.PREV2 有 48 个观测和 5 个变量。
NOTE: “DATA 语句”所用时间（总处理时间）:
      实际时间          0.02 秒
      CPU 时间          0.01 秒
      


NOTE: 从数据集 WORK.PREV2. 读取了 48 个观测
NOTE: 数据集 WORK.PREV2 有 48 个观测和 5 个变量。
NOTE: “PROCEDURE SORT”所用时间（总处理时间）:
      实际时间          0.00 秒
      CPU 时间          0.01 秒
      


NOTE: 从数据集 S.COVCOMBOINDEX2. 读取了 4 个观测
NOTE: 数据集 S.COVCOMBOINDEX2 有 4 个观测和 3 个变量。
NOTE: “PROCEDURE SORT”所用时间（总处理时间）:
      实际时间          0.01 秒
      CPU 时间          0.01 秒
      


NOTE: 输入数据集已排序，故未进行排序。
NOTE: “PROCEDURE SORT”所用时间（总处理时间）:
      实际时间          0.00 秒
      CPU 时间          0.00 秒
      


NOTE: 从数据集 WORK.PREV2. 读取了 48 个观测
NOTE: 从数据集 S.COVCOMBOINDEX2. 读取了 4 个观测
NOTE: 数据集 WORK.PREV4 有 48 个观测和 6 个变量。
NOTE: “DATA 语句”所用时间（总处理时间）:
      实际时间          0.01 秒
      CPU 时间          0.01 秒
      


NOTE: 数据集 S.BSLE2 有 1 个观测和 1 个变量。
NOTE: “DATA 语句”所用时间（总处理时间）:
      实际时间          0.00 秒
      CPU 时间          0.00 秒
      


NOTE: 数据集 WORK.PLY4 有 1 个观测和 1 个变量。
NOTE: “DATA 语句”所用时间（总处理时间）:
      实际时间          0.00 秒
      CPU 时间          0.00 秒
      


NOTE: 数据集 WORK.SEST 有 96 个观测和 5 个变量。
NOTE: “DATA 语句”所用时间（总处理时间）:
      实际时间          0.00 秒
      CPU 时间          0.00 秒
      


NOTE: 从数据集 WORK.SEST. 读取了 96 个观测
NOTE: 从数据集 WORK.PRSNYR. 读取了 7960 个观测
NOTE: 数据集 WORK.MODEL 有 8056 个观测和 8 个变量。
NOTE: “DATA 语句”所用时间（总处理时间）:
      实际时间          0.00 秒
      CPU 时间          0.01 秒
      


NOTE: 从数据集 WORK.MODEL. 读取了 8056 个观测
NOTE: 数据集 WORK.MODEL 有 8056 个观测和 8 个变量。
NOTE: “PROCEDURE SORT”所用时间（总处理时间）:
      实际时间          0.01 秒
      CPU 时间          0.01 秒
      


NOTE: 从数据集 WORK.TRANSITIONS. 读取了 6 个观测
NOTE: 数据集 WORK.TRANSITIONS 有 6 个观测和 4 个变量。
NOTE: “PROCEDURE SORT”所用时间（总处理时间）:
      实际时间          0.00 秒
      CPU 时间          0.00 秒
      


NOTE: 从数据集 WORK.MODEL. 读取了 8056 个观测
NOTE: 从数据集 WORK.TRANSITIONS. 读取了 6 个观测
NOTE: 数据集 WORK.MODEL 有 8056 个观测和 10 个变量。
NOTE: “DATA 语句”所用时间（总处理时间）:
      实际时间          0.00 秒
      CPU 时间          0.01 秒
      


NOTE: 从数据集 WORK.MODEL. 读取了 8056 个观测
NOTE: 数据集 WORK.MODEL 有 8056 个观测和 10 个变量。
NOTE: “PROCEDURE SORT”所用时间（总处理时间）:
      实际时间          0.01 秒
      CPU 时间          0.01 秒
      


NOTE: 数据集 WORK.PROBS 有 1 个观测和 1 个变量。
NOTE: “DATA 语句”所用时间（总处理时间）:
      实际时间          0.00 秒
      CPU 时间          0.00 秒
      


NOTE: PROC LOGISTIC is fitting the generalized logit model. The logits modeled contrast each response category against the reference category (ENDST=1).
NOTE: Convergence criterion (GCONV=1E-8) satisfied.
NOTE: 从数据集 WORK.MODEL. 读取了 4737 个观测
      WHERE BEGST=1;
NOTE: 数据集 WORK.PROBS1 有 4737 个观测和 15 个变量。
NOTE: “PROCEDURE LOGISTIC”所用时间（总处理时间）:
      实际时间          0.07 秒
      CPU 时间          0.07 秒
      


NOTE: 从数据集 WORK.PROBS. 读取了 1 个观测
NOTE: 从数据集 WORK.PROBS1. 读取了 4737 个观测
NOTE: 数据集 WORK.PROBS 有 4738 个观测和 16 个变量。
NOTE: “DATA 语句”所用时间（总处理时间）:
      实际时间          0.00 秒
      CPU 时间          0.01 秒
      


NOTE: 从数据集 WORK.EMPTY. 读取了 1 个观测
NOTE: 数据集 WORK.PROBS1 有 1 个观测和 1 个变量。
NOTE: “DATA 语句”所用时间（总处理时间）:
      实际时间          0.00 秒
      CPU 时间          0.01 秒
      


NOTE: PROC LOGISTIC is fitting the generalized logit model. The logits modeled contrast each response category against the reference category (ENDST=2).
NOTE: Convergence criterion (GCONV=1E-8) satisfied.
NOTE: 从数据集 WORK.MODEL. 读取了 3318 个观测
      WHERE BEGST=2;
NOTE: 数据集 WORK.PROBS2 有 3318 个观测和 15 个变量。
NOTE: “PROCEDURE LOGISTIC”所用时间（总处理时间）:
      实际时间          0.06 秒
      CPU 时间          0.06 秒
      


NOTE: 从数据集 WORK.PROBS. 读取了 4738 个观测
NOTE: 从数据集 WORK.PROBS2. 读取了 3318 个观测
NOTE: 数据集 WORK.PROBS 有 8056 个观测和 16 个变量。
NOTE: “DATA 语句”所用时间（总处理时间）:
      实际时间          0.01 秒
      CPU 时间          0.01 秒
      


NOTE: 从数据集 WORK.EMPTY. 读取了 1 个观测
NOTE: 数据集 WORK.PROBS2 有 1 个观测和 1 个变量。
NOTE: “DATA 语句”所用时间（总处理时间）:
      实际时间          0.00 秒
      CPU 时间          0.00 秒
      


NOTE: “PROCEDURE PRINTTO”所用时间（总处理时间）:
      实际时间          0.01 秒
      CPU 时间          0.01 秒
      


NOTE: 从数据集 WORK.PROBS. 读取了 96 个观测
      WHERE CONTROL=1;
NOTE: 数据集 WORK.TRANPR 有 96 个观测和 7 个变量。
NOTE: “DATA 语句”所用时间（总处理时间）:
      实际时间          0.00 秒
      CPU 时间          0.00 秒
      


NOTE: 从数据集 WORK.TRANPR. 读取了 96 个观测
NOTE: 数据集 WORK.TRANPR 有 96 个观测和 7 个变量。
NOTE: “PROCEDURE SORT”所用时间（总处理时间）:
      实际时间          0.00 秒
      CPU 时间          0.00 秒
      


NOTE: 输入数据集已排序，故未进行排序。
NOTE: “PROCEDURE SORT”所用时间（总处理时间）:
      实际时间          0.00 秒
      CPU 时间          0.00 秒
      


NOTE: 从数据集 S.COVCOMBOINDEX2. 读取了 4 个观测
NOTE: 从数据集 WORK.TRANPR. 读取了 96 个观测
NOTE: 数据集 WORK.TRANPRCJT002 有 96 个观测和 8 个变量。
NOTE: “DATA 语句”所用时间（总处理时间）:
      实际时间          0.00 秒
      CPU 时间          0.01 秒
      


NOTE: 从数据集 WORK.TRANPRCJT002. 读取了 96 个观测
NOTE: 数据集 WORK.TRANPRCJT002 有 96 个观测和 8 个变量。
NOTE: “PROCEDURE SORT”所用时间（总处理时间）:
      实际时间          0.01 秒
      CPU 时间          0.01 秒
      


NOTE: 从数据集 WORK.EMPTY. 读取了 1 个观测
NOTE: 数据集 WORK.MODEL 有 1 个观测和 1 个变量。
NOTE: “DATA 语句”所用时间（总处理时间）:
      实际时间          0.00 秒
      CPU 时间          0.00 秒
      


NOTE: 从数据集 WORK.EMPTY. 读取了 1 个观测
NOTE: 数据集 WORK.MODEL_CTRLCOV 有 1 个观测和 1 个变量。
NOTE: “DATA 语句”所用时间（总处理时间）:
      实际时间          0.00 秒
      CPU 时间          0.01 秒
      

after MODEL_logit
NOTE: IML Ready
NOTE: 数据集 WORK.SIMSRVP1 有 24 个观测和 3 个变量。
NOTE: Exiting IML.
NOTE: “PROCEDURE IML”所用时间（总处理时间）:
      实际时间          0.06 秒
      CPU 时间          0.07 秒
      


NOTE: 从数据集 WORK.SIMSRVP1. 读取了 24 个观测
NOTE: 数据集 WORK.SIMSRVP1 有 24 个观测和 3 个变量。
NOTE: “DATA 语句”所用时间（总处理时间）:
      实际时间          0.00 秒
      CPU 时间          0.00 秒
      

NOTE: IML Ready
NOTE: 数据集 WORK.PHS68_1P1 有 13000 个观测和 10 个变量。
NOTE: Exiting IML.
NOTE: “PROCEDURE IML”所用时间（总处理时间）:
      实际时间          29.21 秒
      CPU 时间          28.56 秒
      

NOTE: IML Ready
NOTE: 数据集 WORK.PHS68_1P2 有 13000 个观测和 10 个变量。
NOTE: Exiting IML.
NOTE: “PROCEDURE IML”所用时间（总处理时间）:
      实际时间          29.13 秒
      CPU 时间          28.53 秒
      

NOTE: IML Ready
NOTE: 数据集 WORK.PHS68_1P3 有 13000 个观测和 10 个变量。
NOTE: Exiting IML.
NOTE: “PROCEDURE IML”所用时间（总处理时间）:
      实际时间          29.55 秒
      CPU 时间          28.79 秒
      

NOTE: IML Ready
NOTE: 数据集 WORK.PHS68_1P4 有 13000 个观测和 10 个变量。
NOTE: Exiting IML.
NOTE: “PROCEDURE IML”所用时间（总处理时间）:
      实际时间          33.66 秒
      CPU 时间          30.07 秒
      

NOTE: IML Ready
NOTE: 数据集 WORK.PHS68_1P5 有 13000 个观测和 10 个变量。
NOTE: Exiting IML.
NOTE: “PROCEDURE IML”所用时间（总处理时间）:
      实际时间          26.92 秒
      CPU 时间          26.36 秒
      

NOTE: IML Ready
NOTE: 数据集 WORK.PHS68_1P6 有 13000 个观测和 10 个变量。
NOTE: Exiting IML.
NOTE: “PROCEDURE IML”所用时间（总处理时间）:
      实际时间          26.33 秒
      CPU 时间          25.87 秒
      

NOTE: IML Ready
NOTE: 数据集 WORK.PHS68_1P7 有 13000 个观测和 10 个变量。
NOTE: Exiting IML.
NOTE: “PROCEDURE IML”所用时间（总处理时间）:
      实际时间          26.66 秒
      CPU 时间          26.21 秒
      

NOTE: IML Ready
NOTE: 数据集 WORK.PHS68_1P8 有 13000 个观测和 10 个变量。
NOTE: Exiting IML.
NOTE: “PROCEDURE IML”所用时间（总处理时间）:
      实际时间          21.25 秒
      CPU 时间          20.79 秒
      


NOTE: 从数据集 WORK.PHS68_1P1. 读取了 13000 个观测
NOTE: 数据集 WORK.PHS68_1P1 有 13000 个观测和 10 个变量。
NOTE: “DATA 语句”所用时间（总处理时间）:
      实际时间          0.02 秒
      CPU 时间          0.03 秒
      


NOTE: 从数据集 WORK.PHS68_1P1. 读取了 13000 个观测
NOTE: 数据集 WORK.PHS68_1 有 13000 个观测和 10 个变量。
NOTE: “DATA 语句”所用时间（总处理时间）:
      实际时间          0.01 秒
      CPU 时间          0.01 秒
      

NOTE: 从数据集 WORK.EMPTY. 读取了 1 个观测
NOTE: 数据集 WORK.PHS68_1P1 有 1 个观测和 1 个变量。
NOTE: “DATA 语句”所用时间（总处理时间）:
      实际时间          0.01 秒
      CPU 时间          0.01 秒
      


NOTE: 从数据集 WORK.PHS68_1P2. 读取了 13000 个观测
NOTE: 数据集 WORK.PHS68_1P2 有 13000 个观测和 10 个变量。
NOTE: “DATA 语句”所用时间（总处理时间）:
      实际时间          0.01 秒
      CPU 时间          0.01 秒
      


NOTE: 从数据集 WORK.PHS68_1. 读取了 13000 个观测
NOTE: 从数据集 WORK.PHS68_1P2. 读取了 13000 个观测
NOTE: 数据集 WORK.PHS68_1 有 26000 个观测和 10 个变量。
NOTE: “DATA 语句”所用时间（总处理时间）:
      实际时间          0.02 秒
      CPU 时间          0.01 秒
      

NOTE: 从数据集 WORK.EMPTY. 读取了 1 个观测
NOTE: 数据集 WORK.PHS68_1P2 有 1 个观测和 1 个变量。
NOTE: “DATA 语句”所用时间（总处理时间）:
      实际时间          0.01 秒
      CPU 时间          0.01 秒
      


NOTE: 从数据集 WORK.PHS68_1P3. 读取了 13000 个观测
NOTE: 数据集 WORK.PHS68_1P3 有 13000 个观测和 10 个变量。
NOTE: “DATA 语句”所用时间（总处理时间）:
      实际时间          0.01 秒
      CPU 时间          0.01 秒
      


NOTE: 从数据集 WORK.PHS68_1. 读取了 26000 个观测
NOTE: 从数据集 WORK.PHS68_1P3. 读取了 13000 个观测
NOTE: 数据集 WORK.PHS68_1 有 39000 个观测和 10 个变量。
NOTE: “DATA 语句”所用时间（总处理时间）:
      实际时间          0.03 秒
      CPU 时间          0.03 秒
      

NOTE: 从数据集 WORK.EMPTY. 读取了 1 个观测
NOTE: 数据集 WORK.PHS68_1P3 有 1 个观测和 1 个变量。
NOTE: “DATA 语句”所用时间（总处理时间）:
      实际时间          0.01 秒
      CPU 时间          0.01 秒
      


NOTE: 从数据集 WORK.PHS68_1P4. 读取了 13000 个观测
NOTE: 数据集 WORK.PHS68_1P4 有 13000 个观测和 10 个变量。
NOTE: “DATA 语句”所用时间（总处理时间）:
      实际时间          0.02 秒
      CPU 时间          0.01 秒
      


NOTE: 从数据集 WORK.PHS68_1. 读取了 39000 个观测
NOTE: 从数据集 WORK.PHS68_1P4. 读取了 13000 个观测
NOTE: 数据集 WORK.PHS68_1 有 52000 个观测和 10 个变量。
NOTE: “DATA 语句”所用时间（总处理时间）:
      实际时间          0.02 秒
      CPU 时间          0.03 秒
      

NOTE: 从数据集 WORK.EMPTY. 读取了 1 个观测
NOTE: 数据集 WORK.PHS68_1P4 有 1 个观测和 1 个变量。
NOTE: “DATA 语句”所用时间（总处理时间）:
      实际时间          0.01 秒
      CPU 时间          0.01 秒
      


NOTE: 从数据集 WORK.PHS68_1P5. 读取了 13000 个观测
NOTE: 数据集 WORK.PHS68_1P5 有 13000 个观测和 10 个变量。
NOTE: “DATA 语句”所用时间（总处理时间）:
      实际时间          0.02 秒
      CPU 时间          0.01 秒
      


NOTE: 从数据集 WORK.PHS68_1. 读取了 52000 个观测
NOTE: 从数据集 WORK.PHS68_1P5. 读取了 13000 个观测
NOTE: 数据集 WORK.PHS68_1 有 65000 个观测和 10 个变量。
NOTE: “DATA 语句”所用时间（总处理时间）:
      实际时间          0.03 秒
      CPU 时间          0.04 秒
      

NOTE: 从数据集 WORK.EMPTY. 读取了 1 个观测
NOTE: 数据集 WORK.PHS68_1P5 有 1 个观测和 1 个变量。
NOTE: “DATA 语句”所用时间（总处理时间）:
      实际时间          0.01 秒
      CPU 时间          0.01 秒
      


NOTE: 从数据集 WORK.PHS68_1P6. 读取了 13000 个观测
NOTE: 数据集 WORK.PHS68_1P6 有 13000 个观测和 10 个变量。
NOTE: “DATA 语句”所用时间（总处理时间）:
      实际时间          0.01 秒
      CPU 时间          0.01 秒
      


NOTE: 从数据集 WORK.PHS68_1. 读取了 65000 个观测
NOTE: 从数据集 WORK.PHS68_1P6. 读取了 13000 个观测
NOTE: 数据集 WORK.PHS68_1 有 78000 个观测和 10 个变量。
NOTE: “DATA 语句”所用时间（总处理时间）:
      实际时间          0.04 秒
      CPU 时间          0.04 秒
      

NOTE: 从数据集 WORK.EMPTY. 读取了 1 个观测
NOTE: 数据集 WORK.PHS68_1P6 有 1 个观测和 1 个变量。
NOTE: “DATA 语句”所用时间（总处理时间）:
      实际时间          0.01 秒
      CPU 时间          0.01 秒
      


NOTE: 从数据集 WORK.PHS68_1P7. 读取了 13000 个观测
NOTE: 数据集 WORK.PHS68_1P7 有 13000 个观测和 10 个变量。
NOTE: “DATA 语句”所用时间（总处理时间）:
      实际时间          0.02 秒
      CPU 时间          0.03 秒
      


NOTE: 从数据集 WORK.PHS68_1. 读取了 78000 个观测
NOTE: 从数据集 WORK.PHS68_1P7. 读取了 13000 个观测
NOTE: 数据集 WORK.PHS68_1 有 91000 个观测和 10 个变量。
NOTE: “DATA 语句”所用时间（总处理时间）:
      实际时间          0.04 秒
      CPU 时间          0.04 秒
      

NOTE: 从数据集 WORK.EMPTY. 读取了 1 个观测
NOTE: 数据集 WORK.PHS68_1P7 有 1 个观测和 1 个变量。
NOTE: “DATA 语句”所用时间（总处理时间）:
      实际时间          0.01 秒
      CPU 时间          0.01 秒
      


NOTE: 从数据集 WORK.PHS68_1P8. 读取了 13000 个观测
NOTE: 数据集 WORK.PHS68_1P8 有 13000 个观测和 10 个变量。
NOTE: “DATA 语句”所用时间（总处理时间）:
      实际时间          0.02 秒
      CPU 时间          0.03 秒
      


NOTE: 从数据集 WORK.PHS68_1. 读取了 91000 个观测
NOTE: 从数据集 WORK.PHS68_1P8. 读取了 13000 个观测
NOTE: 数据集 WORK.PHS68_1 有 100000 个观测和 10 个变量。
NOTE: “DATA 语句”所用时间（总处理时间）:
      实际时间          0.05 秒
      CPU 时间          0.06 秒
      

NOTE: 从数据集 WORK.EMPTY. 读取了 1 个观测
NOTE: 数据集 WORK.PHS68_1P8 有 1 个观测和 1 个变量。
NOTE: “DATA 语句”所用时间（总处理时间）:
      实际时间          0.01 秒
      CPU 时间          0.01 秒
      


NOTE: 从数据集 WORK.PHS68_1. 读取了 100000 个观测
NOTE: 从数据集 S.COVCOMBOINDEX2. 读取了 1 个观测
      WHERE COVindex=1;
NOTE: 数据集 WORK.PHS68_1 有 100000 个观测和 12 个变量。
NOTE: “DATA 语句”所用时间（总处理时间）:
      实际时间          0.07 秒
      CPU 时间          0.07 秒
      


NOTE: 从数据集 WORK.PHS68_1. 读取了 100000 个观测
NOTE: 数据集 WORK.PHSB68_1 有 654750 个观测和 7 个变量。
NOTE: “DATA 语句”所用时间（总处理时间）:
      实际时间          0.15 秒
      CPU 时间          0.15 秒
      

NOTE: 从数据集 WORK.EMPTY. 读取了 1 个观测
NOTE: 数据集 WORK.PHS68_1 有 1 个观测和 1 个变量。
NOTE: “DATA 语句”所用时间（总处理时间）:
      实际时间          0.01 秒
      CPU 时间          0.01 秒
      


NOTE: 从数据集 WORK.PHSB68_1. 读取了 654750 个观测
NOTE: 数据集 WORK.COMAREC 有 654750 个观测和 7 个变量。
NOTE: “PROCEDURE SORT”所用时间（总处理时间）:
      实际时间          0.30 秒
      CPU 时间          0.79 秒
      


NOTE: 从数据集 WORK.COMAREC. 读取了 654750 个观测
NOTE: 数据集 WORK.COMAREC 有 654750 个观测和 7 个变量。
NOTE: “PROCEDURE SORT”所用时间（总处理时间）:
      实际时间          0.31 秒
      CPU 时间          0.67 秒
      


NOTE: 从数据集 WORK.COMAREC. 读取了 654750 个观测
NOTE: 数据集 WORK.MSPH2 有 554750 个观测和 9 个变量。
NOTE: “DATA 语句”所用时间（总处理时间）:
      实际时间          0.30 秒
      CPU 时间          0.28 秒
      

NOTE: 从数据集 WORK.EMPTY. 读取了 1 个观测
NOTE: 数据集 WORK.PHSB68_1 有 1 个观测和 1 个变量。
NOTE: “DATA 语句”所用时间（总处理时间）:
      实际时间          0.03 秒
      CPU 时间          0.01 秒
      

NOTE: 从数据集 WORK.EMPTY. 读取了 1 个观测
NOTE: 数据集 WORK.COMAREC 有 1 个观测和 1 个变量。
NOTE: “DATA 语句”所用时间（总处理时间）:
      实际时间          0.03 秒
      CPU 时间          0.03 秒
      


NOTE: 从数据集 WORK.MSPH2. 读取了 554750 个观测
NOTE: 数据集 WORK.PHS 有 100000 个观测和 4 个变量。
NOTE: “DATA 语句”所用时间（总处理时间）:
      实际时间          0.17 秒
      CPU 时间          0.14 秒
      


NOTE: 从数据集 WORK.MSPH2. 读取了 554750 个观测
NOTE: 从数据集 WORK.PHS. 读取了 100000 个观测
NOTE: 数据集 WORK.MSP68_1H3 有 100000 个观测和 14 个变量。
NOTE: “DATA 语句”所用时间（总处理时间）:
      实际时间          0.24 秒
      CPU 时间          0.23 秒
      


NOTE: 从数据集 WORK.MSP68_1H3. 读取了 100000 个观测
NOTE: 数据集 WORK.MEDLE68 有 24 个观测和 9 个变量。
NOTE: “PROCEDURE MEANS”所用时间（总处理时间）:
      实际时间          0.16 秒
      CPU 时间          0.14 秒
      


NOTE: 从数据集 WORK.MEDLE68. 读取了 3 个观测
      WHERE _TYPE_ in (14, 15);
NOTE: 数据集 WORK.MEDLE68_1 有 3 个观测和 11 个变量。
NOTE: “DATA 语句”所用时间（总处理时间）:
      实际时间          0.03 秒
      CPU 时间          0.01 秒
      

NOTE: IML Ready
NOTE: 数据集 WORK.SIMSRVP2 有 24 个观测和 3 个变量。
NOTE: Exiting IML.
NOTE: “PROCEDURE IML”所用时间（总处理时间）:
      实际时间          0.06 秒
      CPU 时间          0.06 秒
      


NOTE: 从数据集 WORK.SIMSRVP2. 读取了 24 个观测
NOTE: 数据集 WORK.SIMSRVP2 有 24 个观测和 3 个变量。
NOTE: “DATA 语句”所用时间（总处理时间）:
      实际时间          0.01 秒
      CPU 时间          0.01 秒
      

NOTE: IML Ready
NOTE: 数据集 WORK.PHS68_2P1 有 13000 个观测和 10 个变量。
NOTE: Exiting IML.
NOTE: “PROCEDURE IML”所用时间（总处理时间）:
      实际时间          29.38 秒
      CPU 时间          28.39 秒
      

NOTE: IML Ready
NOTE: 数据集 WORK.PHS68_2P2 有 13000 个观测和 10 个变量。
NOTE: Exiting IML.
NOTE: “PROCEDURE IML”所用时间（总处理时间）:
      实际时间          23.20 秒
      CPU 时间          23.07 秒
      

NOTE: IML Ready
NOTE: 数据集 WORK.PHS68_2P3 有 13000 个观测和 10 个变量。
NOTE: Exiting IML.
NOTE: “PROCEDURE IML”所用时间（总处理时间）:
      实际时间          24.74 秒
      CPU 时间          24.43 秒
      

NOTE: IML Ready
NOTE: 数据集 WORK.PHS68_2P4 有 13000 个观测和 10 个变量。
NOTE: Exiting IML.
NOTE: “PROCEDURE IML”所用时间（总处理时间）:
      实际时间          23.45 秒
      CPU 时间          23.20 秒
      

NOTE: IML Ready
NOTE: 数据集 WORK.PHS68_2P5 有 13000 个观测和 10 个变量。
NOTE: Exiting IML.
NOTE: “PROCEDURE IML”所用时间（总处理时间）:
      实际时间          24.03 秒
      CPU 时间          23.78 秒
      

NOTE: IML Ready
NOTE: 数据集 WORK.PHS68_2P6 有 13000 个观测和 10 个变量。
NOTE: Exiting IML.
NOTE: “PROCEDURE IML”所用时间（总处理时间）:
      实际时间          25.41 秒
      CPU 时间          24.87 秒
      

NOTE: IML Ready
NOTE: 数据集 WORK.PHS68_2P7 有 13000 个观测和 10 个变量。
NOTE: Exiting IML.
NOTE: “PROCEDURE IML”所用时间（总处理时间）:
      实际时间          23.04 秒
      CPU 时间          22.70 秒
      

NOTE: IML Ready
NOTE: 数据集 WORK.PHS68_2P8 有 13000 个观测和 10 个变量。
NOTE: Exiting IML.
NOTE: “PROCEDURE IML”所用时间（总处理时间）:
      实际时间          16.57 秒
      CPU 时间          16.46 秒
      


NOTE: 从数据集 WORK.PHS68_2P1. 读取了 13000 个观测
NOTE: 数据集 WORK.PHS68_2P1 有 13000 个观测和 10 个变量。
NOTE: “DATA 语句”所用时间（总处理时间）:
      实际时间          0.02 秒
      CPU 时间          0.03 秒
      


NOTE: 从数据集 WORK.PHS68_2P1. 读取了 13000 个观测
NOTE: 数据集 WORK.PHS68_2 有 13000 个观测和 10 个变量。
NOTE: “DATA 语句”所用时间（总处理时间）:
      实际时间          0.01 秒
      CPU 时间          0.01 秒
      

NOTE: 从数据集 WORK.EMPTY. 读取了 1 个观测
NOTE: 数据集 WORK.PHS68_2P1 有 1 个观测和 1 个变量。
NOTE: “DATA 语句”所用时间（总处理时间）:
      实际时间          0.01 秒
      CPU 时间          0.01 秒
      


NOTE: 从数据集 WORK.PHS68_2P2. 读取了 13000 个观测
NOTE: 数据集 WORK.PHS68_2P2 有 13000 个观测和 10 个变量。
NOTE: “DATA 语句”所用时间（总处理时间）:
      实际时间          0.01 秒
      CPU 时间          0.01 秒
      


NOTE: 从数据集 WORK.PHS68_2. 读取了 13000 个观测
NOTE: 从数据集 WORK.PHS68_2P2. 读取了 13000 个观测
NOTE: 数据集 WORK.PHS68_2 有 26000 个观测和 10 个变量。
NOTE: “DATA 语句”所用时间（总处理时间）:
      实际时间          0.01 秒
      CPU 时间          0.01 秒
      

NOTE: 从数据集 WORK.EMPTY. 读取了 1 个观测
NOTE: 数据集 WORK.PHS68_2P2 有 1 个观测和 1 个变量。
NOTE: “DATA 语句”所用时间（总处理时间）:
      实际时间          0.01 秒
      CPU 时间          0.00 秒
      


NOTE: 从数据集 WORK.PHS68_2P3. 读取了 13000 个观测
NOTE: 数据集 WORK.PHS68_2P3 有 13000 个观测和 10 个变量。
NOTE: “DATA 语句”所用时间（总处理时间）:
      实际时间          0.02 秒
      CPU 时间          0.03 秒
      


NOTE: 从数据集 WORK.PHS68_2. 读取了 26000 个观测
NOTE: 从数据集 WORK.PHS68_2P3. 读取了 13000 个观测
NOTE: 数据集 WORK.PHS68_2 有 39000 个观测和 10 个变量。
NOTE: “DATA 语句”所用时间（总处理时间）:
      实际时间          0.02 秒
      CPU 时间          0.01 秒
      

NOTE: 从数据集 WORK.EMPTY. 读取了 1 个观测
NOTE: 数据集 WORK.PHS68_2P3 有 1 个观测和 1 个变量。
NOTE: “DATA 语句”所用时间（总处理时间）:
      实际时间          0.01 秒
      CPU 时间          0.00 秒
      


NOTE: 从数据集 WORK.PHS68_2P4. 读取了 13000 个观测
NOTE: 数据集 WORK.PHS68_2P4 有 13000 个观测和 10 个变量。
NOTE: “DATA 语句”所用时间（总处理时间）:
      实际时间          0.01 秒
      CPU 时间          0.03 秒
      


NOTE: 从数据集 WORK.PHS68_2. 读取了 39000 个观测
NOTE: 从数据集 WORK.PHS68_2P4. 读取了 13000 个观测
NOTE: 数据集 WORK.PHS68_2 有 52000 个观测和 10 个变量。
NOTE: “DATA 语句”所用时间（总处理时间）:
      实际时间          0.02 秒
      CPU 时间          0.01 秒
      

NOTE: 从数据集 WORK.EMPTY. 读取了 1 个观测
NOTE: 数据集 WORK.PHS68_2P4 有 1 个观测和 1 个变量。
NOTE: “DATA 语句”所用时间（总处理时间）:
      实际时间          0.01 秒
      CPU 时间          0.01 秒
      


NOTE: 从数据集 WORK.PHS68_2P5. 读取了 13000 个观测
NOTE: 数据集 WORK.PHS68_2P5 有 13000 个观测和 10 个变量。
NOTE: “DATA 语句”所用时间（总处理时间）:
      实际时间          0.01 秒
      CPU 时间          0.01 秒
      


NOTE: 从数据集 WORK.PHS68_2. 读取了 52000 个观测
NOTE: 从数据集 WORK.PHS68_2P5. 读取了 13000 个观测
NOTE: 数据集 WORK.PHS68_2 有 65000 个观测和 10 个变量。
NOTE: “DATA 语句”所用时间（总处理时间）:
      实际时间          0.03 秒
      CPU 时间          0.04 秒
      

NOTE: 从数据集 WORK.EMPTY. 读取了 1 个观测
NOTE: 数据集 WORK.PHS68_2P5 有 1 个观测和 1 个变量。
NOTE: “DATA 语句”所用时间（总处理时间）:
      实际时间          0.01 秒
      CPU 时间          0.01 秒
      


NOTE: 从数据集 WORK.PHS68_2P6. 读取了 13000 个观测
NOTE: 数据集 WORK.PHS68_2P6 有 13000 个观测和 10 个变量。
NOTE: “DATA 语句”所用时间（总处理时间）:
      实际时间          0.02 秒
      CPU 时间          0.01 秒
      


NOTE: 从数据集 WORK.PHS68_2. 读取了 65000 个观测
NOTE: 从数据集 WORK.PHS68_2P6. 读取了 13000 个观测
NOTE: 数据集 WORK.PHS68_2 有 78000 个观测和 10 个变量。
NOTE: “DATA 语句”所用时间（总处理时间）:
      实际时间          0.03 秒
      CPU 时间          0.03 秒
      

NOTE: 从数据集 WORK.EMPTY. 读取了 1 个观测
NOTE: 数据集 WORK.PHS68_2P6 有 1 个观测和 1 个变量。
NOTE: “DATA 语句”所用时间（总处理时间）:
      实际时间          0.01 秒
      CPU 时间          0.01 秒
      


NOTE: 从数据集 WORK.PHS68_2P7. 读取了 13000 个观测
NOTE: 数据集 WORK.PHS68_2P7 有 13000 个观测和 10 个变量。
NOTE: “DATA 语句”所用时间（总处理时间）:
      实际时间          0.01 秒
      CPU 时间          0.01 秒
      


NOTE: 从数据集 WORK.PHS68_2. 读取了 78000 个观测
NOTE: 从数据集 WORK.PHS68_2P7. 读取了 13000 个观测
NOTE: 数据集 WORK.PHS68_2 有 91000 个观测和 10 个变量。
NOTE: “DATA 语句”所用时间（总处理时间）:
      实际时间          0.04 秒
      CPU 时间          0.03 秒
      

NOTE: 从数据集 WORK.EMPTY. 读取了 1 个观测
NOTE: 数据集 WORK.PHS68_2P7 有 1 个观测和 1 个变量。
NOTE: “DATA 语句”所用时间（总处理时间）:
      实际时间          0.00 秒
      CPU 时间          0.00 秒
      


NOTE: 从数据集 WORK.PHS68_2P8. 读取了 13000 个观测
NOTE: 数据集 WORK.PHS68_2P8 有 13000 个观测和 10 个变量。
NOTE: “DATA 语句”所用时间（总处理时间）:
      实际时间          0.02 秒
      CPU 时间          0.03 秒
      


NOTE: 从数据集 WORK.PHS68_2. 读取了 91000 个观测
NOTE: 从数据集 WORK.PHS68_2P8. 读取了 13000 个观测
NOTE: 数据集 WORK.PHS68_2 有 100000 个观测和 10 个变量。
NOTE: “DATA 语句”所用时间（总处理时间）:
      实际时间          0.03 秒
      CPU 时间          0.03 秒
      

NOTE: 从数据集 WORK.EMPTY. 读取了 1 个观测
NOTE: 数据集 WORK.PHS68_2P8 有 1 个观测和 1 个变量。
NOTE: “DATA 语句”所用时间（总处理时间）:
      实际时间          0.01 秒
      CPU 时间          0.01 秒
      


NOTE: 从数据集 WORK.PHS68_2. 读取了 100000 个观测
NOTE: 从数据集 S.COVCOMBOINDEX2. 读取了 1 个观测
      WHERE COVindex=2;
NOTE: 数据集 WORK.PHS68_2 有 100000 个观测和 12 个变量。
NOTE: “DATA 语句”所用时间（总处理时间）:
      实际时间          0.04 秒
      CPU 时间          0.04 秒
      


NOTE: 从数据集 WORK.PHS68_2. 读取了 100000 个观测
NOTE: 数据集 WORK.PHSB68_2 有 656543 个观测和 7 个变量。
NOTE: “DATA 语句”所用时间（总处理时间）:
      实际时间          0.14 秒
      CPU 时间          0.12 秒
      

NOTE: 从数据集 WORK.EMPTY. 读取了 1 个观测
NOTE: 数据集 WORK.PHS68_2 有 1 个观测和 1 个变量。
NOTE: “DATA 语句”所用时间（总处理时间）:
      实际时间          0.02 秒
      CPU 时间          0.01 秒
      


NOTE: 从数据集 WORK.PHSB68_2. 读取了 656543 个观测
NOTE: 数据集 WORK.COMAREC 有 656543 个观测和 7 个变量。
NOTE: “PROCEDURE SORT”所用时间（总处理时间）:
      实际时间          0.23 秒
      CPU 时间          0.68 秒
      


NOTE: 从数据集 WORK.COMAREC. 读取了 656543 个观测
NOTE: 数据集 WORK.COMAREC 有 656543 个观测和 7 个变量。
NOTE: “PROCEDURE SORT”所用时间（总处理时间）:
      实际时间          0.26 秒
      CPU 时间          0.62 秒
      


NOTE: 从数据集 WORK.COMAREC. 读取了 656543 个观测
NOTE: 数据集 WORK.MSPH2 有 556543 个观测和 9 个变量。
NOTE: “DATA 语句”所用时间（总处理时间）:
      实际时间          0.27 秒
      CPU 时间          0.28 秒
      

NOTE: 从数据集 WORK.EMPTY. 读取了 1 个观测
NOTE: 数据集 WORK.PHSB68_2 有 1 个观测和 1 个变量。
NOTE: “DATA 语句”所用时间（总处理时间）:
      实际时间          0.01 秒
      CPU 时间          0.01 秒
      

NOTE: 从数据集 WORK.EMPTY. 读取了 1 个观测
NOTE: 数据集 WORK.COMAREC 有 1 个观测和 1 个变量。
NOTE: “DATA 语句”所用时间（总处理时间）:
      实际时间          0.02 秒
      CPU 时间          0.03 秒
      


NOTE: 从数据集 WORK.MSPH2. 读取了 556543 个观测
NOTE: 数据集 WORK.PHS 有 100000 个观测和 4 个变量。
NOTE: “DATA 语句”所用时间（总处理时间）:
      实际时间          0.13 秒
      CPU 时间          0.12 秒
      


NOTE: 从数据集 WORK.MSPH2. 读取了 556543 个观测
NOTE: 从数据集 WORK.PHS. 读取了 100000 个观测
NOTE: 数据集 WORK.MSP68_2H3 有 100000 个观测和 14 个变量。
NOTE: “DATA 语句”所用时间（总处理时间）:
      实际时间          0.30 秒
      CPU 时间          0.28 秒
      


NOTE: 从数据集 WORK.MSP68_2H3. 读取了 100000 个观测
NOTE: 数据集 WORK.MEDLE68 有 24 个观测和 9 个变量。
NOTE: “PROCEDURE MEANS”所用时间（总处理时间）:
      实际时间          0.08 秒
      CPU 时间          0.12 秒
      


NOTE: 从数据集 WORK.MEDLE68. 读取了 3 个观测
      WHERE _TYPE_ in (14, 15);
NOTE: 数据集 WORK.MEDLE68_2 有 3 个观测和 11 个变量。
NOTE: “DATA 语句”所用时间（总处理时间）:
      实际时间          0.02 秒
      CPU 时间          0.01 秒
      

NOTE: IML Ready
NOTE: 数据集 WORK.SIMSRVP3 有 24 个观测和 3 个变量。
NOTE: Exiting IML.
NOTE: “PROCEDURE IML”所用时间（总处理时间）:
      实际时间          0.03 秒
      CPU 时间          0.03 秒
      


NOTE: 从数据集 WORK.SIMSRVP3. 读取了 24 个观测
NOTE: 数据集 WORK.SIMSRVP3 有 24 个观测和 3 个变量。
NOTE: “DATA 语句”所用时间（总处理时间）:
      实际时间          0.01 秒
      CPU 时间          0.01 秒
      

NOTE: IML Ready
NOTE: 数据集 WORK.PHS68_3P1 有 13000 个观测和 10 个变量。
NOTE: Exiting IML.
NOTE: “PROCEDURE IML”所用时间（总处理时间）:
      实际时间          26.99 秒
      CPU 时间          26.67 秒
      

NOTE: IML Ready
NOTE: 数据集 WORK.PHS68_3P2 有 13000 个观测和 10 个变量。
NOTE: Exiting IML.
NOTE: “PROCEDURE IML”所用时间（总处理时间）:
      实际时间          23.69 秒
      CPU 时间          23.39 秒
      

NOTE: IML Ready
NOTE: 数据集 WORK.PHS68_3P3 有 13000 个观测和 10 个变量。
NOTE: Exiting IML.
NOTE: “PROCEDURE IML”所用时间（总处理时间）:
      实际时间          24.76 秒
      CPU 时间          24.31 秒
      

NOTE: IML Ready
NOTE: 数据集 WORK.PHS68_3P4 有 13000 个观测和 10 个变量。
NOTE: Exiting IML.
NOTE: “PROCEDURE IML”所用时间（总处理时间）:
      实际时间          23.64 秒
      CPU 时间          23.31 秒
      

NOTE: IML Ready
NOTE: 数据集 WORK.PHS68_3P5 有 13000 个观测和 10 个变量。
NOTE: Exiting IML.
NOTE: “PROCEDURE IML”所用时间（总处理时间）:
      实际时间          23.29 秒
      CPU 时间          22.98 秒
      

NOTE: IML Ready
NOTE: 数据集 WORK.PHS68_3P6 有 13000 个观测和 10 个变量。
NOTE: Exiting IML.
NOTE: “PROCEDURE IML”所用时间（总处理时间）:
      实际时间          23.45 秒
      CPU 时间          23.11 秒
      

NOTE: IML Ready
NOTE: 数据集 WORK.PHS68_3P7 有 13000 个观测和 10 个变量。
NOTE: Exiting IML.
NOTE: “PROCEDURE IML”所用时间（总处理时间）:
      实际时间          23.87 秒
      CPU 时间          23.43 秒
      

NOTE: IML Ready
NOTE: 数据集 WORK.PHS68_3P8 有 13000 个观测和 10 个变量。
NOTE: Exiting IML.
NOTE: “PROCEDURE IML”所用时间（总处理时间）:
      实际时间          18.17 秒
      CPU 时间          17.96 秒
      


NOTE: 从数据集 WORK.PHS68_3P1. 读取了 13000 个观测
NOTE: 数据集 WORK.PHS68_3P1 有 13000 个观测和 10 个变量。
NOTE: “DATA 语句”所用时间（总处理时间）:
      实际时间          0.02 秒
      CPU 时间          0.01 秒
      


NOTE: 从数据集 WORK.PHS68_3P1. 读取了 13000 个观测
NOTE: 数据集 WORK.PHS68_3 有 13000 个观测和 10 个变量。
NOTE: “DATA 语句”所用时间（总处理时间）:
      实际时间          0.01 秒
      CPU 时间          0.01 秒
      

NOTE: 从数据集 WORK.EMPTY. 读取了 1 个观测
NOTE: 数据集 WORK.PHS68_3P1 有 1 个观测和 1 个变量。
NOTE: “DATA 语句”所用时间（总处理时间）:
      实际时间          0.01 秒
      CPU 时间          0.01 秒
      


NOTE: 从数据集 WORK.PHS68_3P2. 读取了 13000 个观测
NOTE: 数据集 WORK.PHS68_3P2 有 13000 个观测和 10 个变量。
NOTE: “DATA 语句”所用时间（总处理时间）:
      实际时间          0.02 秒
      CPU 时间          0.01 秒
      


NOTE: 从数据集 WORK.PHS68_3. 读取了 13000 个观测
NOTE: 从数据集 WORK.PHS68_3P2. 读取了 13000 个观测
NOTE: 数据集 WORK.PHS68_3 有 26000 个观测和 10 个变量。
NOTE: “DATA 语句”所用时间（总处理时间）:
      实际时间          0.02 秒
      CPU 时间          0.03 秒
      

NOTE: 从数据集 WORK.EMPTY. 读取了 1 个观测
NOTE: 数据集 WORK.PHS68_3P2 有 1 个观测和 1 个变量。
NOTE: “DATA 语句”所用时间（总处理时间）:
      实际时间          0.02 秒
      CPU 时间          0.01 秒
      


NOTE: 从数据集 WORK.PHS68_3P3. 读取了 13000 个观测
NOTE: 数据集 WORK.PHS68_3P3 有 13000 个观测和 10 个变量。
NOTE: “DATA 语句”所用时间（总处理时间）:
      实际时间          0.02 秒
      CPU 时间          0.03 秒
      


NOTE: 从数据集 WORK.PHS68_3. 读取了 26000 个观测
NOTE: 从数据集 WORK.PHS68_3P3. 读取了 13000 个观测
NOTE: 数据集 WORK.PHS68_3 有 39000 个观测和 10 个变量。
NOTE: “DATA 语句”所用时间（总处理时间）:
      实际时间          0.03 秒
      CPU 时间          0.03 秒
      

NOTE: 从数据集 WORK.EMPTY. 读取了 1 个观测
NOTE: 数据集 WORK.PHS68_3P3 有 1 个观测和 1 个变量。
NOTE: “DATA 语句”所用时间（总处理时间）:
      实际时间          0.01 秒
      CPU 时间          0.01 秒
      


NOTE: 从数据集 WORK.PHS68_3P4. 读取了 13000 个观测
NOTE: 数据集 WORK.PHS68_3P4 有 13000 个观测和 10 个变量。
NOTE: “DATA 语句”所用时间（总处理时间）:
      实际时间          0.03 秒
      CPU 时间          0.03 秒
      


NOTE: 从数据集 WORK.PHS68_3. 读取了 39000 个观测
NOTE: 从数据集 WORK.PHS68_3P4. 读取了 13000 个观测
NOTE: 数据集 WORK.PHS68_3 有 52000 个观测和 10 个变量。
NOTE: “DATA 语句”所用时间（总处理时间）:
      实际时间          0.03 秒
      CPU 时间          0.03 秒
      

NOTE: 从数据集 WORK.EMPTY. 读取了 1 个观测
NOTE: 数据集 WORK.PHS68_3P4 有 1 个观测和 1 个变量。
NOTE: “DATA 语句”所用时间（总处理时间）:
      实际时间          0.01 秒
      CPU 时间          0.01 秒
      


NOTE: 从数据集 WORK.PHS68_3P5. 读取了 13000 个观测
NOTE: 数据集 WORK.PHS68_3P5 有 13000 个观测和 10 个变量。
NOTE: “DATA 语句”所用时间（总处理时间）:
      实际时间          0.02 秒
      CPU 时间          0.03 秒
      


NOTE: 从数据集 WORK.PHS68_3. 读取了 52000 个观测
NOTE: 从数据集 WORK.PHS68_3P5. 读取了 13000 个观测
NOTE: 数据集 WORK.PHS68_3 有 65000 个观测和 10 个变量。
NOTE: “DATA 语句”所用时间（总处理时间）:
      实际时间          0.03 秒
      CPU 时间          0.03 秒
      

NOTE: 从数据集 WORK.EMPTY. 读取了 1 个观测
NOTE: 数据集 WORK.PHS68_3P5 有 1 个观测和 1 个变量。
NOTE: “DATA 语句”所用时间（总处理时间）:
      实际时间          0.02 秒
      CPU 时间          0.01 秒
      


NOTE: 从数据集 WORK.PHS68_3P6. 读取了 13000 个观测
NOTE: 数据集 WORK.PHS68_3P6 有 13000 个观测和 10 个变量。
NOTE: “DATA 语句”所用时间（总处理时间）:
      实际时间          0.02 秒
      CPU 时间          0.03 秒
      


NOTE: 从数据集 WORK.PHS68_3. 读取了 65000 个观测
NOTE: 从数据集 WORK.PHS68_3P6. 读取了 13000 个观测
NOTE: 数据集 WORK.PHS68_3 有 78000 个观测和 10 个变量。
NOTE: “DATA 语句”所用时间（总处理时间）:
      实际时间          0.03 秒
      CPU 时间          0.03 秒
      

NOTE: 从数据集 WORK.EMPTY. 读取了 1 个观测
NOTE: 数据集 WORK.PHS68_3P6 有 1 个观测和 1 个变量。
NOTE: “DATA 语句”所用时间（总处理时间）:
      实际时间          0.01 秒
      CPU 时间          0.01 秒
      


NOTE: 从数据集 WORK.PHS68_3P7. 读取了 13000 个观测
NOTE: 数据集 WORK.PHS68_3P7 有 13000 个观测和 10 个变量。
NOTE: “DATA 语句”所用时间（总处理时间）:
      实际时间          0.01 秒
      CPU 时间          0.01 秒
      


NOTE: 从数据集 WORK.PHS68_3. 读取了 78000 个观测
NOTE: 从数据集 WORK.PHS68_3P7. 读取了 13000 个观测
NOTE: 数据集 WORK.PHS68_3 有 91000 个观测和 10 个变量。
NOTE: “DATA 语句”所用时间（总处理时间）:
      实际时间          0.03 秒
      CPU 时间          0.03 秒
      

NOTE: 从数据集 WORK.EMPTY. 读取了 1 个观测
NOTE: 数据集 WORK.PHS68_3P7 有 1 个观测和 1 个变量。
NOTE: “DATA 语句”所用时间（总处理时间）:
      实际时间          0.02 秒
      CPU 时间          0.03 秒
      


NOTE: 从数据集 WORK.PHS68_3P8. 读取了 13000 个观测
NOTE: 数据集 WORK.PHS68_3P8 有 13000 个观测和 10 个变量。
NOTE: “DATA 语句”所用时间（总处理时间）:
      实际时间          0.01 秒
      CPU 时间          0.00 秒
      


NOTE: 从数据集 WORK.PHS68_3. 读取了 91000 个观测
NOTE: 从数据集 WORK.PHS68_3P8. 读取了 13000 个观测
NOTE: 数据集 WORK.PHS68_3 有 100000 个观测和 10 个变量。
NOTE: “DATA 语句”所用时间（总处理时间）:
      实际时间          0.05 秒
      CPU 时间          0.04 秒
      

NOTE: 从数据集 WORK.EMPTY. 读取了 1 个观测
NOTE: 数据集 WORK.PHS68_3P8 有 1 个观测和 1 个变量。
NOTE: “DATA 语句”所用时间（总处理时间）:
      实际时间          0.01 秒
      CPU 时间          0.01 秒
      


NOTE: 从数据集 WORK.PHS68_3. 读取了 100000 个观测
NOTE: 从数据集 S.COVCOMBOINDEX2. 读取了 1 个观测
      WHERE COVindex=3;
NOTE: 数据集 WORK.PHS68_3 有 100000 个观测和 12 个变量。
NOTE: “DATA 语句”所用时间（总处理时间）:
      实际时间          0.05 秒
      CPU 时间          0.06 秒
      


NOTE: 从数据集 WORK.PHS68_3. 读取了 100000 个观测
NOTE: 数据集 WORK.PHSB68_3 有 672711 个观测和 7 个变量。
NOTE: “DATA 语句”所用时间（总处理时间）:
      实际时间          0.13 秒
      CPU 时间          0.12 秒
      

NOTE: 从数据集 WORK.EMPTY. 读取了 1 个观测
NOTE: 数据集 WORK.PHS68_3 有 1 个观测和 1 个变量。
NOTE: “DATA 语句”所用时间（总处理时间）:
      实际时间          0.02 秒
      CPU 时间          0.03 秒
      


NOTE: 从数据集 WORK.PHSB68_3. 读取了 672711 个观测
NOTE: 数据集 WORK.COMAREC 有 672711 个观测和 7 个变量。
NOTE: “PROCEDURE SORT”所用时间（总处理时间）:
      实际时间          0.35 秒
      CPU 时间          0.79 秒
      


NOTE: 从数据集 WORK.COMAREC. 读取了 672711 个观测
NOTE: 数据集 WORK.COMAREC 有 672711 个观测和 7 个变量。
NOTE: “PROCEDURE SORT”所用时间（总处理时间）:
      实际时间          0.31 秒
      CPU 时间          0.70 秒
      


NOTE: 从数据集 WORK.COMAREC. 读取了 672711 个观测
NOTE: 数据集 WORK.MSPH2 有 572711 个观测和 9 个变量。
NOTE: “DATA 语句”所用时间（总处理时间）:
      实际时间          0.28 秒
      CPU 时间          0.26 秒
      

NOTE: 从数据集 WORK.EMPTY. 读取了 1 个观测
NOTE: 数据集 WORK.PHSB68_3 有 1 个观测和 1 个变量。
NOTE: “DATA 语句”所用时间（总处理时间）:
      实际时间          0.02 秒
      CPU 时间          0.03 秒
      

NOTE: 从数据集 WORK.EMPTY. 读取了 1 个观测
NOTE: 数据集 WORK.COMAREC 有 1 个观测和 1 个变量。
NOTE: “DATA 语句”所用时间（总处理时间）:
      实际时间          0.02 秒
      CPU 时间          0.03 秒
      


NOTE: 从数据集 WORK.MSPH2. 读取了 572711 个观测
NOTE: 数据集 WORK.PHS 有 100000 个观测和 4 个变量。
NOTE: “DATA 语句”所用时间（总处理时间）:
      实际时间          0.15 秒
      CPU 时间          0.15 秒
      


NOTE: 从数据集 WORK.MSPH2. 读取了 572711 个观测
NOTE: 从数据集 WORK.PHS. 读取了 100000 个观测
NOTE: 数据集 WORK.MSP68_3H3 有 100000 个观测和 14 个变量。
NOTE: “DATA 语句”所用时间（总处理时间）:
      实际时间          0.25 秒
      CPU 时间          0.25 秒
      


NOTE: 从数据集 WORK.MSP68_3H3. 读取了 100000 个观测
NOTE: 数据集 WORK.MEDLE68 有 24 个观测和 9 个变量。
NOTE: “PROCEDURE MEANS”所用时间（总处理时间）:
      实际时间          0.09 秒
      CPU 时间          0.18 秒
      


NOTE: 从数据集 WORK.MEDLE68. 读取了 3 个观测
      WHERE _TYPE_ in (14, 15);
NOTE: 数据集 WORK.MEDLE68_3 有 3 个观测和 11 个变量。
NOTE: “DATA 语句”所用时间（总处理时间）:
      实际时间          0.01 秒
      CPU 时间          0.01 秒
      

NOTE: IML Ready
NOTE: 数据集 WORK.SIMSRVP4 有 24 个观测和 3 个变量。
NOTE: Exiting IML.
NOTE: “PROCEDURE IML”所用时间（总处理时间）:
      实际时间          0.03 秒
      CPU 时间          0.03 秒
      


NOTE: 从数据集 WORK.SIMSRVP4. 读取了 24 个观测
NOTE: 数据集 WORK.SIMSRVP4 有 24 个观测和 3 个变量。
NOTE: “DATA 语句”所用时间（总处理时间）:
      实际时间          0.01 秒
      CPU 时间          0.01 秒
      

NOTE: IML Ready
NOTE: 数据集 WORK.PHS68_4P1 有 13000 个观测和 10 个变量。
NOTE: Exiting IML.
NOTE: “PROCEDURE IML”所用时间（总处理时间）:
      实际时间          27.42 秒
      CPU 时间          26.96 秒
      

NOTE: IML Ready
NOTE: 数据集 WORK.PHS68_4P2 有 13000 个观测和 10 个变量。
NOTE: Exiting IML.
NOTE: “PROCEDURE IML”所用时间（总处理时间）:
      实际时间          24.92 秒
      CPU 时间          24.61 秒
      

NOTE: IML Ready
NOTE: 数据集 WORK.PHS68_4P3 有 13000 个观测和 10 个变量。
NOTE: Exiting IML.
NOTE: “PROCEDURE IML”所用时间（总处理时间）:
      实际时间          23.81 秒
      CPU 时间          23.42 秒
      

NOTE: IML Ready
NOTE: 数据集 WORK.PHS68_4P4 有 13000 个观测和 10 个变量。
NOTE: Exiting IML.
NOTE: “PROCEDURE IML”所用时间（总处理时间）:
      实际时间          24.10 秒
      CPU 时间          23.92 秒
      

NOTE: IML Ready
NOTE: 数据集 WORK.PHS68_4P5 有 13000 个观测和 10 个变量。
NOTE: Exiting IML.
NOTE: “PROCEDURE IML”所用时间（总处理时间）:
      实际时间          23.87 秒
      CPU 时间          23.67 秒
      

NOTE: IML Ready
NOTE: 数据集 WORK.PHS68_4P6 有 13000 个观测和 10 个变量。
NOTE: Exiting IML.
NOTE: “PROCEDURE IML”所用时间（总处理时间）:
      实际时间          26.22 秒
      CPU 时间          25.78 秒
      

NOTE: IML Ready
NOTE: 数据集 WORK.PHS68_4P7 有 13000 个观测和 10 个变量。
NOTE: Exiting IML.
NOTE: “PROCEDURE IML”所用时间（总处理时间）:
      实际时间          23.75 秒
      CPU 时间          23.54 秒
      

NOTE: IML Ready
NOTE: 数据集 WORK.PHS68_4P8 有 13000 个观测和 10 个变量。
NOTE: Exiting IML.
NOTE: “PROCEDURE IML”所用时间（总处理时间）:
      实际时间          16.37 秒
      CPU 时间          16.15 秒
      


NOTE: 从数据集 WORK.PHS68_4P1. 读取了 13000 个观测
NOTE: 数据集 WORK.PHS68_4P1 有 13000 个观测和 10 个变量。
NOTE: “DATA 语句”所用时间（总处理时间）:
      实际时间          0.01 秒
      CPU 时间          0.00 秒
      


NOTE: 从数据集 WORK.PHS68_4P1. 读取了 13000 个观测
NOTE: 数据集 WORK.PHS68_4 有 13000 个观测和 10 个变量。
NOTE: “DATA 语句”所用时间（总处理时间）:
      实际时间          0.02 秒
      CPU 时间          0.01 秒
      

NOTE: 从数据集 WORK.EMPTY. 读取了 1 个观测
NOTE: 数据集 WORK.PHS68_4P1 有 1 个观测和 1 个变量。
NOTE: “DATA 语句”所用时间（总处理时间）:
      实际时间          0.01 秒
      CPU 时间          0.01 秒
      


NOTE: 从数据集 WORK.PHS68_4P2. 读取了 13000 个观测
NOTE: 数据集 WORK.PHS68_4P2 有 13000 个观测和 10 个变量。
NOTE: “DATA 语句”所用时间（总处理时间）:
      实际时间          0.02 秒
      CPU 时间          0.01 秒
      


NOTE: 从数据集 WORK.PHS68_4. 读取了 13000 个观测
NOTE: 从数据集 WORK.PHS68_4P2. 读取了 13000 个观测
NOTE: 数据集 WORK.PHS68_4 有 26000 个观测和 10 个变量。
NOTE: “DATA 语句”所用时间（总处理时间）:
      实际时间          0.01 秒
      CPU 时间          0.01 秒
      

NOTE: 从数据集 WORK.EMPTY. 读取了 1 个观测
NOTE: 数据集 WORK.PHS68_4P2 有 1 个观测和 1 个变量。
NOTE: “DATA 语句”所用时间（总处理时间）:
      实际时间          0.01 秒
      CPU 时间          0.01 秒
      


NOTE: 从数据集 WORK.PHS68_4P3. 读取了 13000 个观测
NOTE: 数据集 WORK.PHS68_4P3 有 13000 个观测和 10 个变量。
NOTE: “DATA 语句”所用时间（总处理时间）:
      实际时间          0.02 秒
      CPU 时间          0.03 秒
      


NOTE: 从数据集 WORK.PHS68_4. 读取了 26000 个观测
NOTE: 从数据集 WORK.PHS68_4P3. 读取了 13000 个观测
NOTE: 数据集 WORK.PHS68_4 有 39000 个观测和 10 个变量。
NOTE: “DATA 语句”所用时间（总处理时间）:
      实际时间          0.02 秒
      CPU 时间          0.03 秒
      

NOTE: 从数据集 WORK.EMPTY. 读取了 1 个观测
NOTE: 数据集 WORK.PHS68_4P3 有 1 个观测和 1 个变量。
NOTE: “DATA 语句”所用时间（总处理时间）:
      实际时间          0.01 秒
      CPU 时间          0.01 秒
      


NOTE: 从数据集 WORK.PHS68_4P4. 读取了 13000 个观测
NOTE: 数据集 WORK.PHS68_4P4 有 13000 个观测和 10 个变量。
NOTE: “DATA 语句”所用时间（总处理时间）:
      实际时间          0.01 秒
      CPU 时间          0.01 秒
      


NOTE: 从数据集 WORK.PHS68_4. 读取了 39000 个观测
NOTE: 从数据集 WORK.PHS68_4P4. 读取了 13000 个观测
NOTE: 数据集 WORK.PHS68_4 有 52000 个观测和 10 个变量。
NOTE: “DATA 语句”所用时间（总处理时间）:
      实际时间          0.02 秒
      CPU 时间          0.03 秒
      

NOTE: 从数据集 WORK.EMPTY. 读取了 1 个观测
NOTE: 数据集 WORK.PHS68_4P4 有 1 个观测和 1 个变量。
NOTE: “DATA 语句”所用时间（总处理时间）:
      实际时间          0.02 秒
      CPU 时间          0.01 秒
      


NOTE: 从数据集 WORK.PHS68_4P5. 读取了 13000 个观测
NOTE: 数据集 WORK.PHS68_4P5 有 13000 个观测和 10 个变量。
NOTE: “DATA 语句”所用时间（总处理时间）:
      实际时间          0.01 秒
      CPU 时间          0.03 秒
      


NOTE: 从数据集 WORK.PHS68_4. 读取了 52000 个观测
NOTE: 从数据集 WORK.PHS68_4P5. 读取了 13000 个观测
NOTE: 数据集 WORK.PHS68_4 有 65000 个观测和 10 个变量。
NOTE: “DATA 语句”所用时间（总处理时间）:
      实际时间          0.03 秒
      CPU 时间          0.03 秒
      

NOTE: 从数据集 WORK.EMPTY. 读取了 1 个观测
NOTE: 数据集 WORK.PHS68_4P5 有 1 个观测和 1 个变量。
NOTE: “DATA 语句”所用时间（总处理时间）:
      实际时间          0.01 秒
      CPU 时间          0.00 秒
      


NOTE: 从数据集 WORK.PHS68_4P6. 读取了 13000 个观测
NOTE: 数据集 WORK.PHS68_4P6 有 13000 个观测和 10 个变量。
NOTE: “DATA 语句”所用时间（总处理时间）:
      实际时间          0.02 秒
      CPU 时间          0.01 秒
      


NOTE: 从数据集 WORK.PHS68_4. 读取了 65000 个观测
NOTE: 从数据集 WORK.PHS68_4P6. 读取了 13000 个观测
NOTE: 数据集 WORK.PHS68_4 有 78000 个观测和 10 个变量。
NOTE: “DATA 语句”所用时间（总处理时间）:
      实际时间          0.04 秒
      CPU 时间          0.04 秒
      

NOTE: 从数据集 WORK.EMPTY. 读取了 1 个观测
NOTE: 数据集 WORK.PHS68_4P6 有 1 个观测和 1 个变量。
NOTE: “DATA 语句”所用时间（总处理时间）:
      实际时间          0.01 秒
      CPU 时间          0.01 秒
      


NOTE: 从数据集 WORK.PHS68_4P7. 读取了 13000 个观测
NOTE: 数据集 WORK.PHS68_4P7 有 13000 个观测和 10 个变量。
NOTE: “DATA 语句”所用时间（总处理时间）:
      实际时间          0.02 秒
      CPU 时间          0.03 秒
      


NOTE: 从数据集 WORK.PHS68_4. 读取了 78000 个观测
NOTE: 从数据集 WORK.PHS68_4P7. 读取了 13000 个观测
NOTE: 数据集 WORK.PHS68_4 有 91000 个观测和 10 个变量。
NOTE: “DATA 语句”所用时间（总处理时间）:
      实际时间          0.04 秒
      CPU 时间          0.04 秒
      

NOTE: 从数据集 WORK.EMPTY. 读取了 1 个观测
NOTE: 数据集 WORK.PHS68_4P7 有 1 个观测和 1 个变量。
NOTE: “DATA 语句”所用时间（总处理时间）:
      实际时间          0.02 秒
      CPU 时间          0.01 秒
      


NOTE: 从数据集 WORK.PHS68_4P8. 读取了 13000 个观测
NOTE: 数据集 WORK.PHS68_4P8 有 13000 个观测和 10 个变量。
NOTE: “DATA 语句”所用时间（总处理时间）:
      实际时间          0.02 秒
      CPU 时间          0.03 秒
      


NOTE: 从数据集 WORK.PHS68_4. 读取了 91000 个观测
NOTE: 从数据集 WORK.PHS68_4P8. 读取了 13000 个观测
NOTE: 数据集 WORK.PHS68_4 有 100000 个观测和 10 个变量。
NOTE: “DATA 语句”所用时间（总处理时间）:
      实际时间          0.03 秒
      CPU 时间          0.03 秒
      

NOTE: 从数据集 WORK.EMPTY. 读取了 1 个观测
NOTE: 数据集 WORK.PHS68_4P8 有 1 个观测和 1 个变量。
NOTE: “DATA 语句”所用时间（总处理时间）:
      实际时间          0.01 秒
      CPU 时间          0.01 秒
      


NOTE: 从数据集 WORK.PHS68_4. 读取了 100000 个观测
NOTE: 从数据集 S.COVCOMBOINDEX2. 读取了 1 个观测
      WHERE COVindex=4;
NOTE: 数据集 WORK.PHS68_4 有 100000 个观测和 12 个变量。
NOTE: “DATA 语句”所用时间（总处理时间）:
      实际时间          0.06 秒
      CPU 时间          0.07 秒
      


NOTE: 从数据集 WORK.PHS68_4. 读取了 100000 个观测
NOTE: 数据集 WORK.PHSB68_4 有 682406 个观测和 7 个变量。
NOTE: “DATA 语句”所用时间（总处理时间）:
      实际时间          0.14 秒
      CPU 时间          0.12 秒
      

NOTE: 从数据集 WORK.EMPTY. 读取了 1 个观测
NOTE: 数据集 WORK.PHS68_4 有 1 个观测和 1 个变量。
NOTE: “DATA 语句”所用时间（总处理时间）:
      实际时间          0.01 秒
      CPU 时间          0.03 秒
      


NOTE: 从数据集 WORK.PHSB68_4. 读取了 682406 个观测
NOTE: 数据集 WORK.COMAREC 有 682406 个观测和 7 个变量。
NOTE: “PROCEDURE SORT”所用时间（总处理时间）:
      实际时间          0.26 秒
      CPU 时间          0.73 秒
      


NOTE: 从数据集 WORK.COMAREC. 读取了 682406 个观测
NOTE: 数据集 WORK.COMAREC 有 682406 个观测和 7 个变量。
NOTE: “PROCEDURE SORT”所用时间（总处理时间）:
      实际时间          0.28 秒
      CPU 时间          0.71 秒
      


NOTE: 从数据集 WORK.COMAREC. 读取了 682406 个观测
NOTE: 数据集 WORK.MSPH2 有 582406 个观测和 9 个变量。
NOTE: “DATA 语句”所用时间（总处理时间）:
      实际时间          0.29 秒
      CPU 时间          0.26 秒
      

NOTE: 从数据集 WORK.EMPTY. 读取了 1 个观测
NOTE: 数据集 WORK.PHSB68_4 有 1 个观测和 1 个变量。
NOTE: “DATA 语句”所用时间（总处理时间）:
      实际时间          0.05 秒
      CPU 时间          0.04 秒
      

NOTE: 从数据集 WORK.EMPTY. 读取了 1 个观测
NOTE: 数据集 WORK.COMAREC 有 1 个观测和 1 个变量。
NOTE: “DATA 语句”所用时间（总处理时间）:
      实际时间          0.07 秒
      CPU 时间          0.01 秒
      


NOTE: 从数据集 WORK.MSPH2. 读取了 582406 个观测
NOTE: 数据集 WORK.PHS 有 100000 个观测和 4 个变量。
NOTE: “DATA 语句”所用时间（总处理时间）:
      实际时间          0.18 秒
      CPU 时间          0.15 秒
      


NOTE: 从数据集 WORK.MSPH2. 读取了 582406 个观测
NOTE: 从数据集 WORK.PHS. 读取了 100000 个观测
NOTE: 数据集 WORK.MSP68_4H3 有 100000 个观测和 14 个变量。
NOTE: “DATA 语句”所用时间（总处理时间）:
      实际时间          0.37 秒
      CPU 时间          0.36 秒
      


NOTE: 从数据集 WORK.MSP68_4H3. 读取了 100000 个观测
NOTE: 数据集 WORK.MEDLE68 有 24 个观测和 9 个变量。
NOTE: “PROCEDURE MEANS”所用时间（总处理时间）:
      实际时间          0.10 秒
      CPU 时间          0.09 秒
      


NOTE: 从数据集 WORK.MEDLE68. 读取了 3 个观测
      WHERE _TYPE_ in (14, 15);
NOTE: 数据集 WORK.MEDLE68_4 有 3 个观测和 11 个变量。
NOTE: “DATA 语句”所用时间（总处理时间）:
      实际时间          0.01 秒
      CPU 时间          0.01 秒
      


NOTE: 从数据集 WORK.MEDLE68_1. 读取了 3 个观测
NOTE: 从数据集 WORK.MEDLE68_2. 读取了 3 个观测
NOTE: 从数据集 WORK.MEDLE68_3. 读取了 3 个观测
NOTE: 从数据集 WORK.MEDLE68_4. 读取了 3 个观测
NOTE: 数据集 WORK.MEDLE 有 12 个观测和 11 个变量。
NOTE: “DATA 语句”所用时间（总处理时间）:
      实际时间          0.01 秒
      CPU 时间          0.03 秒
      


NOTE: 从数据集 WORK.MEDLE. 读取了 12 个观测
NOTE: 数据集 WORK.MEDLE 有 12 个观测和 11 个变量。
NOTE: “PROCEDURE SORT”所用时间（总处理时间）:
      实际时间          0.02 秒
      CPU 时间          0.01 秒
      


NOTE: 从数据集 S.BSLE2. 读取了 1 个观测
NOTE: 从数据集 WORK.MEDLE. 读取了 12 个观测
NOTE: 数据集 S.BSLE2 有 12 个观测和 11 个变量。
NOTE: “DATA 语句”所用时间（总处理时间）:
      实际时间          0.01 秒
      CPU 时间          0.01 秒
      


NOTE: 从数据集 S.BSLE2. 读取了 12 个观测
NOTE: 数据集 S.BSLE2 有 12 个观测和 11 个变量。
NOTE: “PROCEDURE SORT”所用时间（总处理时间）:
      实际时间          0.01 秒
      CPU 时间          0.01 秒
      

NOTE: 从数据集 WORK.EMPTY. 读取了 1 个观测
NOTE: 数据集 WORK.PRSNYR 有 1 个观测和 1 个变量。
NOTE: “DATA 语句”所用时间（总处理时间）:
      实际时间          0.01 秒
      CPU 时间          0.01 秒
      

NOTE: 从数据集 WORK.EMPTY. 读取了 1 个观测
NOTE: 数据集 WORK.PREV 有 1 个观测和 1 个变量。
NOTE: “DATA 语句”所用时间（总处理时间）:
      实际时间          0.01 秒
      CPU 时间          0.03 秒
      

NOTE: 从数据集 WORK.EMPTY. 读取了 1 个观测
NOTE: 数据集 WORK.PREV_CTRLCOV 有 1 个观测和 1 个变量。
NOTE: “DATA 语句”所用时间（总处理时间）:
      实际时间          0.01 秒
      CPU 时间          0.01 秒
      

NOTE: 从数据集 WORK.EMPTY. 读取了 1 个观测
NOTE: 数据集 WORK.PSBACK000 有 1 个观测和 1 个变量。
NOTE: “DATA 语句”所用时间（总处理时间）:
      实际时间          0.01 秒
      CPU 时间          0.01 秒
      

