BEGST=1. Estimation for whole sample.(Control Variables)                                                                                  2025年 7月25日 星期五 下午12时14分07秒   1

“LOGISTIC”过程

            模型信息

数据集         WORK.MODEL_CTRLCOV
响应变量       ENDST             
响应水平数     3                 
权重变量       weight            
模型           广义 Logit        
优化方法       Newton-Raphson    


读取的观测数         16730
使用的观测数          8941
读取的权重总和    4025.609
使用的权重总和    4025.609


                      响应概略
 
    有序                        总               总
      值        ENDST         频数             权重

       1            3         1237         522.7272
       2            2          534         238.4368
       3            1         7170        3264.4445

建立的 Logit 模型使用 ENDST=1 作为参考类别。

NOTE: 7789 observations having nonpositive frequencies or weights were excluded since they do not contribute to the analysis.


       分类水平信息
 
分类       值     设计变量

cohort     1            -1
           2             1

sex        1             1
           2            -1


                          模型收敛状态

满足收敛准则 (GCONV=1E-8)。                                     


            模型拟合统计量
 
准则            仅截距     截距和协变量

AIC           4854.329         4839.724
SC            4868.525         4953.299
-2 Log L      4850.329         4807.724


                 检验全局原假设: BETA=0
 
检验                       卡方     自由度     Pr > 卡方

似然比                  42.6042         14        <.0001
评分                    43.6466         14        <.0001
Wald                    42.6071         14        <.0001
BEGST=1. Estimation for whole sample.(Control Variables)                                                                                  2025年 7月25日 星期五 下午12时14分07秒   2

“LOGISTIC”过程

                   联合检验
 
                              Wald
效应          自由度          卡方    Pr > 卡方

AGE                2        2.4364       0.2958
AGE*AGE            2        2.6409       0.2670
AGE*sex            2        0.4665       0.7920
AGE*cohort         2        4.3025       0.1163
cohort*sex         2        1.3519       0.5087
cohort             2        3.9508       0.1387
sex                2        0.5644       0.7541

NOTE: Under full-rank parameterizations, Type 3 effect tests are replaced by joint tests. The joint test for an effect is a test that all the parameters associated with that 
      effect are zero. Such joint tests might not be equivalent to Type 3 effect tests under GLM parameterization.


                                  最大似然估计分析
 
                                                     标准          Wald
参数              ENDST    自由度        估计        误差          卡方    Pr > 卡方

Intercept         3             1     69.6442     50.7470        1.8834       0.1699
Intercept         2             1    -31.0733     79.4619        0.1529       0.6958
AGE               3             1     -1.6892      1.1462        2.1718       0.1406
AGE               2             1      0.6427      1.8009        0.1274       0.7212
AGE*AGE           3             1     0.00996     0.00647        2.3698       0.1237
AGE*AGE           2             1    -0.00363      0.0102        0.1266       0.7220
AGE*sex    1      3             1     -0.0132      0.0195        0.4588       0.4982
AGE*sex    1      2             1    -0.00476      0.0303        0.0246       0.8753
AGE*cohort 2      3             1     -0.0177      0.0191        0.8608       0.3535
AGE*cohort 2      2             1     -0.0566      0.0292        3.7557       0.0526
cohort*sex 2 1    3             1      0.0554      0.0489        1.2861       0.2568
cohort*sex 2 1    2             1      0.0260      0.0714        0.1325       0.7158
cohort     2      3             1      1.4291      1.6893        0.7157       0.3976
cohort     2      2             1      4.8080      2.5665        3.5093       0.0610
sex        1      3             1      1.2876      1.7228        0.5586       0.4548
sex        1      2             1      0.4079      2.6672        0.0234       0.8784
BEGST=2. Estimation for whole sample.(Control Variables)                                                                                  2025年 7月25日 星期五 下午12时14分07秒   3

“LOGISTIC”过程

            模型信息

数据集         WORK.MODEL_CTRLCOV
响应变量       ENDST             
响应水平数     3                 
权重变量       weight            
模型           广义 Logit        
优化方法       Newton-Raphson    


读取的观测数         10441
使用的观测数          5618
读取的权重总和    2575.616
使用的权重总和    2575.616


                      响应概略
 
    有序                        总               总
      值        ENDST         频数             权重

       1            3          864         371.2198
       2            2         4105        1911.5990
       3            1          649         292.7968

建立的 Logit 模型使用 ENDST=2 作为参考类别。

NOTE: 4823 observations having nonpositive frequencies or weights were excluded since they do not contribute to the analysis.


       分类水平信息
 
分类       值     设计变量

cohort     1            -1
           2             1

sex        1             1
           2            -1


                          模型收敛状态

满足收敛准则 (GCONV=1E-8)。                                     


            模型拟合统计量
 
准则            仅截距     截距和协变量

AIC           3855.317         3838.547
SC            3868.585         3944.687
-2 Log L      3851.317         3806.547


                 检验全局原假设: BETA=0
 
检验                       卡方     自由度     Pr > 卡方

似然比                  44.7703         14        <.0001
评分                    44.9252         14        <.0001
Wald                    43.5047         14        <.0001
BEGST=2. Estimation for whole sample.(Control Variables)                                                                                  2025年 7月25日 星期五 下午12时14分07秒   4

“LOGISTIC”过程

                   联合检验
 
                              Wald
效应          自由度          卡方    Pr > 卡方

AGE                2        1.1144       0.5728
AGE*AGE            2        1.0535       0.5905
AGE*sex            2        0.5809       0.7479
AGE*cohort         2        6.8811       0.0320
cohort*sex         2        2.0243       0.3634
cohort             2        6.7517       0.0342
sex                2        0.6936       0.7069

NOTE: Under full-rank parameterizations, Type 3 effect tests are replaced by joint tests. The joint test for an effect is a test that all the parameters associated with that 
      effect are zero. Such joint tests might not be equivalent to Type 3 effect tests under GLM parameterization.


                                  最大似然估计分析
 
                                                     标准          Wald
参数              ENDST    自由度        估计        误差          卡方    Pr > 卡方

Intercept         3             1    -63.0597     65.8369        0.9174       0.3382
Intercept         1             1    -53.8870     76.8277        0.4920       0.4831
AGE               3             1      1.3036      1.4882        0.7674       0.3810
AGE               1             1      1.2213      1.7453        0.4897       0.4841
AGE*AGE           3             1    -0.00688     0.00841        0.6691       0.4134
AGE*AGE           1             1    -0.00716     0.00991        0.5223       0.4699
AGE*sex    1      3             1     -0.0189      0.0249        0.5763       0.4478
AGE*sex    1      1             1    -0.00107      0.0295        0.0013       0.9710
AGE*cohort 2      3             1     -0.0647      0.0247        6.8559       0.0088
AGE*cohort 2      1             1    -0.00556      0.0282        0.0387       0.8439
cohort*sex 2 1    3             1     -0.0513      0.0591        0.7533       0.3854
cohort*sex 2 1    1             1      0.0656      0.0663        0.9801       0.3222
cohort     2      3             1      5.6581      2.1786        6.7451       0.0094
cohort     2      1             1      0.6679      2.4712        0.0731       0.7869
sex        1      3             1      1.8173      2.1969        0.6843       0.4081
sex        1      1             1      0.0446      2.5779        0.0003       0.9862
