NOTE: “PROCEDURE PRINTTO”所用时间（总处理时间）:
      实际时间          0.00 秒
      CPU 时间          0.00 秒
      


NOTE: 数据集 WORK.EMPTY 有 1 个观测和 1 个变量。
NOTE: “DATA 语句”所用时间（总处理时间）:
      实际时间          0.03 秒
      CPU 时间          0.01 秒
      


NOTE: 从数据集 S.COVCOMBOINDEX1. 读取了 4 个观测
NOTE: 数据集 S.COVCOMBOINDEX1 有 4 个观测和 3 个变量。
NOTE: “PROCEDURE SORT”所用时间（总处理时间）:
      实际时间          0.01 秒
      CPU 时间          0.01 秒
      


NOTE: 从数据集 S.COVCOMBOINDEX1. 读取了 4 个观测
NOTE: 数据集 WORK.TEMP1 有 2 个观测和 2 个变量。
NOTE: “DATA 语句”所用时间（总处理时间）:
      实际时间          0.01 秒
      CPU 时间          0.01 秒
      


NOTE: 数值已转换为字符值，位置:（行:列）。
      1780:69   
NOTE: 从数据集 WORK.TEMP1. 读取了 2 个观测
NOTE: “DATA 语句”所用时间（总处理时间）:
      实际时间          0.00 秒
      CPU 时间          0.00 秒
      


NOTE: 从数据集 S.COVCOMBOINDEX1. 读取了 4 个观测
NOTE: 数据集 S.COVCOMBOINDEX1 有 4 个观测和 3 个变量。
NOTE: “PROCEDURE SORT”所用时间（总处理时间）:
      实际时间          0.01 秒
      CPU 时间          0.00 秒
      


NOTE: 从数据集 S.COVCOMBOINDEX1. 读取了 4 个观测
NOTE: 数据集 WORK.TEMP2 有 2 个观测和 2 个变量。
NOTE: “DATA 语句”所用时间（总处理时间）:
      实际时间          0.00 秒
      CPU 时间          0.01 秒
      


NOTE: 数值已转换为字符值，位置:（行:列）。
      1780:69   
NOTE: 从数据集 WORK.TEMP2. 读取了 2 个观测
NOTE: “DATA 语句”所用时间（总处理时间）:
      实际时间          0.00 秒
      CPU 时间          0.00 秒
      

COV1=sex
COV2=cohort
REGCOV1=sex
REGCOV2=cohort
NC=2
nREGCOV=2
nSTRATCOV=0
nCTRLCOVconti=0
nCTRLCOVcateg=0
nCTRLCOV     =0

NOTE: 从数据集 S.COVCOMBOINDEX1. 读取了 4 个观测
NOTE: 数据集 WORK.COVCOMBOINDEX00 有 4 个观测和 3 个变量。
NOTE: “DATA 语句”所用时间（总处理时间）:
      实际时间          0.00 秒
      CPU 时间          0.01 秒
      

nTVcov = 0
Inputted numbers of NoTrans = 0

NOTE: 数据集 WORK.TRANS 有 6 个观测和 3 个变量。
NOTE: “DATA 语句”所用时间（总处理时间）:
      实际时间          0.00 秒
      CPU 时间          0.01 秒
      


NOTE: 从数据集 WORK.TRANS. 读取了 6 个观测
NOTE: 数据集 WORK.TRANSITIONS 有 6 个观测和 5 个变量。
NOTE: “DATA 语句”所用时间（总处理时间）:
      实际时间          0.01 秒
      CPU 时间          0.00 秒
      


NOTE: 从数据集 WORK.TRANSITIONS. 读取了 6 个观测
NOTE: 数据集 WORK.TRANSITIONS 有 6 个观测和 4 个变量。
NOTE: “DATA 语句”所用时间（总处理时间）:
      实际时间          0.00 秒
      CPU 时间          0.00 秒
      


NOTE: 从数据集 S.COVCOMBOINDEX1. 读取了 4 个观测
NOTE: 数据集 S.COVCOMBOINDEX1 有 4 个观测和 3 个变量。
NOTE: “PROCEDURE SORT”所用时间（总处理时间）:
      实际时间          0.01 秒
      CPU 时间          0.01 秒
      


NOTE: 从数据集 S.BSMPL1. 读取了 5653 个观测
      WHERE (AGE>=83) and (weight>0);
NOTE: 数据集 WORK.SEM0 有 5653 个观测和 16 个变量。
NOTE: “DATA 语句”所用时间（总处理时间）:
      实际时间          0.01 秒
      CPU 时间          0.01 秒
      


NOTE: 从数据集 WORK.SEM0. 读取了 5653 个观测
NOTE: 数据集 WORK.SEM0 有 5653 个观测和 16 个变量。
NOTE: “PROCEDURE SORT”所用时间（总处理时间）:
      实际时间          0.01 秒
      CPU 时间          0.01 秒
      


NOTE: 从数据集 WORK.SEM0. 读取了 5653 个观测
NOTE: 数据集 WORK.SEM 有 5653 个观测和 19 个变量。
NOTE: “DATA 语句”所用时间（总处理时间）:
      实际时间          0.02 秒
      CPU 时间          0.03 秒
      


NOTE: 从数据集 WORK.SEM. 读取了 5653 个观测
NOTE: 数据集 WORK.SEM1 有 11425 个观测和 16 个变量。
NOTE: “DATA 语句”所用时间（总处理时间）:
      实际时间          0.02 秒
      CPU 时间          0.01 秒
      

after SEM1

NOTE: 从数据集 WORK.SEM1. 读取了 11425 个观测
NOTE: 数据集 WORK.PRSNYR 有 9132 个观测和 17 个变量。
NOTE: “DATA 语句”所用时间（总处理时间）:
      实际时间          0.01 秒
      CPU 时间          0.00 秒
      


NOTE: 从数据集 WORK.EMPTY. 读取了 1 个观测
NOTE: 数据集 WORK.SEM0 有 1 个观测和 1 个变量。
NOTE: “DATA 语句”所用时间（总处理时间）:
      实际时间          0.00 秒
      CPU 时间          0.01 秒
      


NOTE: 从数据集 WORK.EMPTY. 读取了 1 个观测
NOTE: 数据集 WORK.SEM 有 1 个观测和 1 个变量。
NOTE: “DATA 语句”所用时间（总处理时间）:
      实际时间          0.01 秒
      CPU 时间          0.01 秒
      


NOTE: 从数据集 WORK.EMPTY. 读取了 1 个观测
NOTE: 数据集 WORK.SEM1 有 1 个观测和 1 个变量。
NOTE: “DATA 语句”所用时间（总处理时间）:
      实际时间          0.01 秒
      CPU 时间          0.01 秒
      

after PRSNYR

NOTE: 数值已转换为字符值，位置:（行:列）。
      1780:103   
NOTE: 从数据集 S.COVCOMBOINDEX1. 读取了 4 个观测
NOTE: “DATA 语句”所用时间（总处理时间）:
      实际时间          0.00 秒
      CPU 时间          0.00 秒
      


NOTE: 数据集 WORK.PS2 有 48 个观测和 4 个变量。
NOTE: “DATA 语句”所用时间（总处理时间）:
      实际时间          0.00 秒
      CPU 时间          0.01 秒
      


NOTE: 数据集 WORK.CTRLCOVCOMBOINDEXPREV 有 48 个观测和 4 个变量。
NOTE: “DATA 语句”所用时间（总处理时间）:
      实际时间          0.00 秒
      CPU 时间          0.00 秒
      


NOTE: 数值已转换为字符值，位置:（行:列）。
      1780:116   
NOTE: 从数据集 WORK.CTRLCOVCOMBOINDEXPREV. 读取了 48 个观测
NOTE: “DATA 语句”所用时间（总处理时间）:
      实际时间          0.00 秒
      CPU 时间          0.01 秒
      

nCtrlCOVindexPrev =           48

NOTE: 从数据集 S.COVCOMBOINDEX1. 读取了 4 个观测
NOTE: 数据集 S.COVCOMBOINDEX1 有 4 个观测和 3 个变量。
NOTE: “PROCEDURE SORT”所用时间（总处理时间）:
      实际时间          0.00 秒
      CPU 时间          0.00 秒
      


NOTE: 从数据集 S.COVCOMBOINDEX1. 读取了 4 个观测
NOTE: 数据集 WORK.TEMP1 有 2 个观测和 1 个变量。
NOTE: “DATA 语句”所用时间（总处理时间）:
      实际时间          0.00 秒
      CPU 时间          0.01 秒
      


NOTE: 数值已转换为字符值，位置:（行:列）。
      1780:83   
NOTE: 从数据集 WORK.TEMP1. 读取了 2 个观测
NOTE: “DATA 语句”所用时间（总处理时间）:
      实际时间          0.00 秒
      CPU 时间          0.00 秒
      


NOTE: 从数据集 S.COVCOMBOINDEX1. 读取了 4 个观测
NOTE: 数据集 S.COVCOMBOINDEX1 有 4 个观测和 3 个变量。
NOTE: “PROCEDURE SORT”所用时间（总处理时间）:
      实际时间          0.00 秒
      CPU 时间          0.01 秒
      


NOTE: 从数据集 S.COVCOMBOINDEX1. 读取了 4 个观测
NOTE: 数据集 WORK.TEMP2 有 2 个观测和 1 个变量。
NOTE: “DATA 语句”所用时间（总处理时间）:
      实际时间          0.00 秒
      CPU 时间          0.01 秒
      


NOTE: 数值已转换为字符值，位置:（行:列）。
      1780:83   
NOTE: 从数据集 WORK.TEMP2. 读取了 2 个观测
NOTE: “DATA 语句”所用时间（总处理时间）:
      实际时间          0.00 秒
      CPU 时间          0.00 秒
      


NOTE: 数据集 WORK.CTRLCOVCOMBOINDEXTRANS 有 48 个观测和 4 个变量。
NOTE: “DATA 语句”所用时间（总处理时间）:
      实际时间          0.00 秒
      CPU 时间          0.00 秒
      


NOTE: 数值已转换为字符值，位置:（行:列）。
      1780:118   
NOTE: 从数据集 WORK.CTRLCOVCOMBOINDEXTRANS. 读取了 48 个观测
NOTE: “DATA 语句”所用时间（总处理时间）:
      实际时间          0.00 秒
      CPU 时间          0.00 秒
      

nCtrlCOVindexTrans =           48

NOTE: 从数据集 WORK.PS2. 读取了 48 个观测
NOTE: 从数据集 S.BSMPL1. 读取了 4207 个观测
      WHERE (AGE>=86) and (weight>0);
NOTE: 数据集 WORK.PSBACK000 有 3041 个观测和 17 个变量。
NOTE: “DATA 语句”所用时间（总处理时间）:
      实际时间          0.01 秒
      CPU 时间          0.01 秒
      


NOTE: 从数据集 WORK.PSBACK000. 读取了 3041 个观测
NOTE: 数据集 WORK.PSBACK000 有 3041 个观测和 17 个变量。
NOTE: “PROCEDURE SORT”所用时间（总处理时间）:
      实际时间          0.01 秒
      CPU 时间          0.00 秒
      


NOTE: PROC LOGISTIC is fitting the generalized logit model. The logits modeled contrast each response level against the reference level (H='1'). Use the response variable option 
      REF= if you want to change the reference level.
NOTE: Convergence criterion (GCONV=1E-8) satisfied.
NOTE: 从数据集 WORK.PSBACK000. 读取了 3041 个观测
NOTE: 数据集 WORK.PREV 有 3041 个观测和 21 个变量。
NOTE: “PROCEDURE LOGISTIC”所用时间（总处理时间）:
      实际时间          0.04 秒
      CPU 时间          0.04 秒
      


NOTE: 从数据集 WORK.PREV. 读取了 48 个观测
      WHERE CONTROL=1;
NOTE: 数据集 WORK.PREV2 有 48 个观测和 5 个变量。
NOTE: “DATA 语句”所用时间（总处理时间）:
      实际时间          0.02 秒
      CPU 时间          0.03 秒
      


NOTE: 从数据集 WORK.PREV2. 读取了 48 个观测
NOTE: 数据集 WORK.PREV2 有 48 个观测和 5 个变量。
NOTE: “PROCEDURE SORT”所用时间（总处理时间）:
      实际时间          0.01 秒
      CPU 时间          0.01 秒
      


NOTE: 从数据集 S.COVCOMBOINDEX1. 读取了 4 个观测
NOTE: 数据集 S.COVCOMBOINDEX1 有 4 个观测和 3 个变量。
NOTE: “PROCEDURE SORT”所用时间（总处理时间）:
      实际时间          0.01 秒
      CPU 时间          0.01 秒
      


NOTE: 输入数据集已排序，故未进行排序。
NOTE: “PROCEDURE SORT”所用时间（总处理时间）:
      实际时间          0.00 秒
      CPU 时间          0.00 秒
      


NOTE: 从数据集 WORK.PREV2. 读取了 48 个观测
NOTE: 从数据集 S.COVCOMBOINDEX1. 读取了 4 个观测
NOTE: 数据集 WORK.PREV4 有 48 个观测和 6 个变量。
NOTE: “DATA 语句”所用时间（总处理时间）:
      实际时间          0.01 秒
      CPU 时间          0.01 秒
      


NOTE: 数据集 S.BSLE1 有 1 个观测和 1 个变量。
NOTE: “DATA 语句”所用时间（总处理时间）:
      实际时间          0.01 秒
      CPU 时间          0.01 秒
      


NOTE: 数据集 WORK.PLY4 有 1 个观测和 1 个变量。
NOTE: “DATA 语句”所用时间（总处理时间）:
      实际时间          0.00 秒
      CPU 时间          0.01 秒
      


NOTE: 数据集 WORK.SEST 有 96 个观测和 5 个变量。
NOTE: “DATA 语句”所用时间（总处理时间）:
      实际时间          0.00 秒
      CPU 时间          0.00 秒
      


NOTE: 从数据集 WORK.SEST. 读取了 96 个观测
NOTE: 从数据集 WORK.PRSNYR. 读取了 9132 个观测
NOTE: 数据集 WORK.MODEL 有 9228 个观测和 8 个变量。
NOTE: “DATA 语句”所用时间（总处理时间）:
      实际时间          0.01 秒
      CPU 时间          0.00 秒
      


NOTE: 从数据集 WORK.MODEL. 读取了 9228 个观测
NOTE: 数据集 WORK.MODEL 有 9228 个观测和 8 个变量。
NOTE: “PROCEDURE SORT”所用时间（总处理时间）:
      实际时间          0.01 秒
      CPU 时间          0.01 秒
      


NOTE: 从数据集 WORK.TRANSITIONS. 读取了 6 个观测
NOTE: 数据集 WORK.TRANSITIONS 有 6 个观测和 4 个变量。
NOTE: “PROCEDURE SORT”所用时间（总处理时间）:
      实际时间          0.01 秒
      CPU 时间          0.01 秒
      


NOTE: 从数据集 WORK.MODEL. 读取了 9228 个观测
NOTE: 从数据集 WORK.TRANSITIONS. 读取了 6 个观测
NOTE: 数据集 WORK.MODEL 有 9228 个观测和 10 个变量。
NOTE: “DATA 语句”所用时间（总处理时间）:
      实际时间          0.01 秒
      CPU 时间          0.01 秒
      


NOTE: 从数据集 WORK.MODEL. 读取了 9228 个观测
NOTE: 数据集 WORK.MODEL 有 9228 个观测和 10 个变量。
NOTE: “PROCEDURE SORT”所用时间（总处理时间）:
      实际时间          0.01 秒
      CPU 时间          0.01 秒
      


NOTE: 数据集 WORK.PROBS 有 1 个观测和 1 个变量。
NOTE: “DATA 语句”所用时间（总处理时间）:
      实际时间          0.00 秒
      CPU 时间          0.01 秒
      


NOTE: PROC LOGISTIC is fitting the generalized logit model. The logits modeled contrast each response category against the reference category (ENDST=1).
NOTE: Convergence criterion (GCONV=1E-8) satisfied.
NOTE: 从数据集 WORK.MODEL. 读取了 5653 个观测
      WHERE BEGST=1;
NOTE: 数据集 WORK.PROBS1 有 5653 个观测和 15 个变量。
NOTE: “PROCEDURE LOGISTIC”所用时间（总处理时间）:
      实际时间          0.08 秒
      CPU 时间          0.07 秒
      


NOTE: 从数据集 WORK.PROBS. 读取了 1 个观测
NOTE: 从数据集 WORK.PROBS1. 读取了 5653 个观测
NOTE: 数据集 WORK.PROBS 有 5654 个观测和 16 个变量。
NOTE: “DATA 语句”所用时间（总处理时间）:
      实际时间          0.01 秒
      CPU 时间          0.01 秒
      


NOTE: 从数据集 WORK.EMPTY. 读取了 1 个观测
NOTE: 数据集 WORK.PROBS1 有 1 个观测和 1 个变量。
NOTE: “DATA 语句”所用时间（总处理时间）:
      实际时间          0.01 秒
      CPU 时间          0.01 秒
      


NOTE: PROC LOGISTIC is fitting the generalized logit model. The logits modeled contrast each response category against the reference category (ENDST=2).
NOTE: Convergence criterion (GCONV=1E-8) satisfied.
NOTE: 从数据集 WORK.MODEL. 读取了 3570 个观测
      WHERE BEGST=2;
NOTE: 数据集 WORK.PROBS2 有 3570 个观测和 15 个变量。
NOTE: “PROCEDURE LOGISTIC”所用时间（总处理时间）:
      实际时间          0.06 秒
      CPU 时间          0.06 秒
      


NOTE: 从数据集 WORK.PROBS. 读取了 5654 个观测
NOTE: 从数据集 WORK.PROBS2. 读取了 3570 个观测
NOTE: 数据集 WORK.PROBS 有 9224 个观测和 16 个变量。
NOTE: “DATA 语句”所用时间（总处理时间）:
      实际时间          0.01 秒
      CPU 时间          0.01 秒
      


NOTE: 从数据集 WORK.EMPTY. 读取了 1 个观测
NOTE: 数据集 WORK.PROBS2 有 1 个观测和 1 个变量。
NOTE: “DATA 语句”所用时间（总处理时间）:
      实际时间          0.00 秒
      CPU 时间          0.01 秒
      


NOTE: “PROCEDURE PRINTTO”所用时间（总处理时间）:
      实际时间          0.01 秒
      CPU 时间          0.01 秒
      


NOTE: 从数据集 WORK.PROBS. 读取了 96 个观测
      WHERE CONTROL=1;
NOTE: 数据集 WORK.TRANPR 有 96 个观测和 7 个变量。
NOTE: “DATA 语句”所用时间（总处理时间）:
      实际时间          0.01 秒
      CPU 时间          0.00 秒
      


NOTE: 从数据集 WORK.TRANPR. 读取了 96 个观测
NOTE: 数据集 WORK.TRANPR 有 96 个观测和 7 个变量。
NOTE: “PROCEDURE SORT”所用时间（总处理时间）:
      实际时间          0.00 秒
      CPU 时间          0.00 秒
      


NOTE: 输入数据集已排序，故未进行排序。
NOTE: “PROCEDURE SORT”所用时间（总处理时间）:
      实际时间          0.00 秒
      CPU 时间          0.00 秒
      


NOTE: 从数据集 S.COVCOMBOINDEX1. 读取了 4 个观测
NOTE: 从数据集 WORK.TRANPR. 读取了 96 个观测
NOTE: 数据集 WORK.TRANPRCJT002 有 96 个观测和 8 个变量。
NOTE: “DATA 语句”所用时间（总处理时间）:
      实际时间          0.01 秒
      CPU 时间          0.01 秒
      


NOTE: 从数据集 WORK.TRANPRCJT002. 读取了 96 个观测
NOTE: 数据集 WORK.TRANPRCJT002 有 96 个观测和 8 个变量。
NOTE: “PROCEDURE SORT”所用时间（总处理时间）:
      实际时间          0.01 秒
      CPU 时间          0.01 秒
      


NOTE: 从数据集 WORK.EMPTY. 读取了 1 个观测
NOTE: 数据集 WORK.MODEL 有 1 个观测和 1 个变量。
NOTE: “DATA 语句”所用时间（总处理时间）:
      实际时间          0.01 秒
      CPU 时间          0.01 秒
      


NOTE: 从数据集 WORK.EMPTY. 读取了 1 个观测
NOTE: 数据集 WORK.MODEL_CTRLCOV 有 1 个观测和 1 个变量。
NOTE: “DATA 语句”所用时间（总处理时间）:
      实际时间          0.01 秒
      CPU 时间          0.01 秒
      

after MODEL_logit
NOTE: IML Ready
NOTE: 数据集 WORK.SIMSRVP1 有 24 个观测和 3 个变量。
NOTE: Exiting IML.
NOTE: “PROCEDURE IML”所用时间（总处理时间）:
      实际时间          0.09 秒
      CPU 时间          0.09 秒
      


NOTE: 从数据集 WORK.SIMSRVP1. 读取了 24 个观测
NOTE: 数据集 WORK.SIMSRVP1 有 24 个观测和 3 个变量。
NOTE: “DATA 语句”所用时间（总处理时间）:
      实际时间          0.00 秒
      CPU 时间          0.01 秒
      

NOTE: IML Ready
NOTE: 数据集 WORK.PHS86_1P1 有 13000 个观测和 10 个变量。
NOTE: Exiting IML.
NOTE: “PROCEDURE IML”所用时间（总处理时间）:
      实际时间          26.46 秒
      CPU 时间          22.89 秒
      

NOTE: IML Ready
NOTE: 数据集 WORK.PHS86_1P2 有 13000 个观测和 10 个变量。
NOTE: Exiting IML.
NOTE: “PROCEDURE IML”所用时间（总处理时间）:
      实际时间          27.21 秒
      CPU 时间          23.00 秒
      

NOTE: IML Ready
NOTE: 数据集 WORK.PHS86_1P3 有 13000 个观测和 10 个变量。
NOTE: Exiting IML.
NOTE: “PROCEDURE IML”所用时间（总处理时间）:
      实际时间          27.16 秒
      CPU 时间          22.70 秒
      

NOTE: IML Ready
NOTE: 数据集 WORK.PHS86_1P4 有 13000 个观测和 10 个变量。
NOTE: Exiting IML.
NOTE: “PROCEDURE IML”所用时间（总处理时间）:
      实际时间          27.27 秒
      CPU 时间          22.95 秒
      

NOTE: IML Ready
NOTE: 数据集 WORK.PHS86_1P5 有 13000 个观测和 10 个变量。
NOTE: Exiting IML.
NOTE: “PROCEDURE IML”所用时间（总处理时间）:
      实际时间          27.30 秒
      CPU 时间          22.98 秒
      

NOTE: IML Ready
NOTE: 数据集 WORK.PHS86_1P6 有 13000 个观测和 10 个变量。
NOTE: Exiting IML.
NOTE: “PROCEDURE IML”所用时间（总处理时间）:
      实际时间          27.48 秒
      CPU 时间          23.04 秒
      

NOTE: IML Ready
NOTE: 数据集 WORK.PHS86_1P7 有 13000 个观测和 10 个变量。
NOTE: Exiting IML.
NOTE: “PROCEDURE IML”所用时间（总处理时间）:
      实际时间          27.16 秒
      CPU 时间          22.81 秒
      

NOTE: IML Ready
NOTE: 数据集 WORK.PHS86_1P8 有 13000 个观测和 10 个变量。
NOTE: Exiting IML.
NOTE: “PROCEDURE IML”所用时间（总处理时间）:
      实际时间          18.48 秒
      CPU 时间          16.03 秒
      


NOTE: 从数据集 WORK.PHS86_1P1. 读取了 13000 个观测
NOTE: 数据集 WORK.PHS86_1P1 有 13000 个观测和 10 个变量。
NOTE: “DATA 语句”所用时间（总处理时间）:
      实际时间          0.02 秒
      CPU 时间          0.01 秒
      


NOTE: 从数据集 WORK.PHS86_1P1. 读取了 13000 个观测
NOTE: 数据集 WORK.PHS86_1 有 13000 个观测和 10 个变量。
NOTE: “DATA 语句”所用时间（总处理时间）:
      实际时间          0.02 秒
      CPU 时间          0.03 秒
      

NOTE: 从数据集 WORK.EMPTY. 读取了 1 个观测
NOTE: 数据集 WORK.PHS86_1P1 有 1 个观测和 1 个变量。
NOTE: “DATA 语句”所用时间（总处理时间）:
      实际时间          0.01 秒
      CPU 时间          0.01 秒
      


NOTE: 从数据集 WORK.PHS86_1P2. 读取了 13000 个观测
NOTE: 数据集 WORK.PHS86_1P2 有 13000 个观测和 10 个变量。
NOTE: “DATA 语句”所用时间（总处理时间）:
      实际时间          0.02 秒
      CPU 时间          0.03 秒
      


NOTE: 从数据集 WORK.PHS86_1. 读取了 13000 个观测
NOTE: 从数据集 WORK.PHS86_1P2. 读取了 13000 个观测
NOTE: 数据集 WORK.PHS86_1 有 26000 个观测和 10 个变量。
NOTE: “DATA 语句”所用时间（总处理时间）:
      实际时间          0.03 秒
      CPU 时间          0.03 秒
      

NOTE: 从数据集 WORK.EMPTY. 读取了 1 个观测
NOTE: 数据集 WORK.PHS86_1P2 有 1 个观测和 1 个变量。
NOTE: “DATA 语句”所用时间（总处理时间）:
      实际时间          0.01 秒
      CPU 时间          0.00 秒
      


NOTE: 从数据集 WORK.PHS86_1P3. 读取了 13000 个观测
NOTE: 数据集 WORK.PHS86_1P3 有 13000 个观测和 10 个变量。
NOTE: “DATA 语句”所用时间（总处理时间）:
      实际时间          0.02 秒
      CPU 时间          0.03 秒
      


NOTE: 从数据集 WORK.PHS86_1. 读取了 26000 个观测
NOTE: 从数据集 WORK.PHS86_1P3. 读取了 13000 个观测
NOTE: 数据集 WORK.PHS86_1 有 39000 个观测和 10 个变量。
NOTE: “DATA 语句”所用时间（总处理时间）:
      实际时间          0.03 秒
      CPU 时间          0.03 秒
      

NOTE: 从数据集 WORK.EMPTY. 读取了 1 个观测
NOTE: 数据集 WORK.PHS86_1P3 有 1 个观测和 1 个变量。
NOTE: “DATA 语句”所用时间（总处理时间）:
      实际时间          0.01 秒
      CPU 时间          0.01 秒
      


NOTE: 从数据集 WORK.PHS86_1P4. 读取了 13000 个观测
NOTE: 数据集 WORK.PHS86_1P4 有 13000 个观测和 10 个变量。
NOTE: “DATA 语句”所用时间（总处理时间）:
      实际时间          0.02 秒
      CPU 时间          0.03 秒
      


NOTE: 从数据集 WORK.PHS86_1. 读取了 39000 个观测
NOTE: 从数据集 WORK.PHS86_1P4. 读取了 13000 个观测
NOTE: 数据集 WORK.PHS86_1 有 52000 个观测和 10 个变量。
NOTE: “DATA 语句”所用时间（总处理时间）:
      实际时间          0.03 秒
      CPU 时间          0.03 秒
      

NOTE: 从数据集 WORK.EMPTY. 读取了 1 个观测
NOTE: 数据集 WORK.PHS86_1P4 有 1 个观测和 1 个变量。
NOTE: “DATA 语句”所用时间（总处理时间）:
      实际时间          0.01 秒
      CPU 时间          0.01 秒
      


NOTE: 从数据集 WORK.PHS86_1P5. 读取了 13000 个观测
NOTE: 数据集 WORK.PHS86_1P5 有 13000 个观测和 10 个变量。
NOTE: “DATA 语句”所用时间（总处理时间）:
      实际时间          0.02 秒
      CPU 时间          0.03 秒
      


NOTE: 从数据集 WORK.PHS86_1. 读取了 52000 个观测
NOTE: 从数据集 WORK.PHS86_1P5. 读取了 13000 个观测
NOTE: 数据集 WORK.PHS86_1 有 65000 个观测和 10 个变量。
NOTE: “DATA 语句”所用时间（总处理时间）:
      实际时间          0.04 秒
      CPU 时间          0.03 秒
      

NOTE: 从数据集 WORK.EMPTY. 读取了 1 个观测
NOTE: 数据集 WORK.PHS86_1P5 有 1 个观测和 1 个变量。
NOTE: “DATA 语句”所用时间（总处理时间）:
      实际时间          0.02 秒
      CPU 时间          0.03 秒
      


NOTE: 从数据集 WORK.PHS86_1P6. 读取了 13000 个观测
NOTE: 数据集 WORK.PHS86_1P6 有 13000 个观测和 10 个变量。
NOTE: “DATA 语句”所用时间（总处理时间）:
      实际时间          0.02 秒
      CPU 时间          0.01 秒
      


NOTE: 从数据集 WORK.PHS86_1. 读取了 65000 个观测
NOTE: 从数据集 WORK.PHS86_1P6. 读取了 13000 个观测
NOTE: 数据集 WORK.PHS86_1 有 78000 个观测和 10 个变量。
NOTE: “DATA 语句”所用时间（总处理时间）:
      实际时间          0.04 秒
      CPU 时间          0.03 秒
      

NOTE: 从数据集 WORK.EMPTY. 读取了 1 个观测
NOTE: 数据集 WORK.PHS86_1P6 有 1 个观测和 1 个变量。
NOTE: “DATA 语句”所用时间（总处理时间）:
      实际时间          0.01 秒
      CPU 时间          0.01 秒
      


NOTE: 从数据集 WORK.PHS86_1P7. 读取了 13000 个观测
NOTE: 数据集 WORK.PHS86_1P7 有 13000 个观测和 10 个变量。
NOTE: “DATA 语句”所用时间（总处理时间）:
      实际时间          0.02 秒
      CPU 时间          0.03 秒
      


NOTE: 从数据集 WORK.PHS86_1. 读取了 78000 个观测
NOTE: 从数据集 WORK.PHS86_1P7. 读取了 13000 个观测
NOTE: 数据集 WORK.PHS86_1 有 91000 个观测和 10 个变量。
NOTE: “DATA 语句”所用时间（总处理时间）:
      实际时间          0.04 秒
      CPU 时间          0.03 秒
      

NOTE: 从数据集 WORK.EMPTY. 读取了 1 个观测
NOTE: 数据集 WORK.PHS86_1P7 有 1 个观测和 1 个变量。
NOTE: “DATA 语句”所用时间（总处理时间）:
      实际时间          0.02 秒
      CPU 时间          0.01 秒
      


NOTE: 从数据集 WORK.PHS86_1P8. 读取了 13000 个观测
NOTE: 数据集 WORK.PHS86_1P8 有 13000 个观测和 10 个变量。
NOTE: “DATA 语句”所用时间（总处理时间）:
      实际时间          0.02 秒
      CPU 时间          0.03 秒
      


NOTE: 从数据集 WORK.PHS86_1. 读取了 91000 个观测
NOTE: 从数据集 WORK.PHS86_1P8. 读取了 13000 个观测
NOTE: 数据集 WORK.PHS86_1 有 100000 个观测和 10 个变量。
NOTE: “DATA 语句”所用时间（总处理时间）:
      实际时间          0.05 秒
      CPU 时间          0.03 秒
      

NOTE: 从数据集 WORK.EMPTY. 读取了 1 个观测
NOTE: 数据集 WORK.PHS86_1P8 有 1 个观测和 1 个变量。
NOTE: “DATA 语句”所用时间（总处理时间）:
      实际时间          0.01 秒
      CPU 时间          0.03 秒
      


NOTE: 从数据集 WORK.PHS86_1. 读取了 100000 个观测
NOTE: 从数据集 S.COVCOMBOINDEX1. 读取了 1 个观测
      WHERE COVindex=1;
NOTE: 数据集 WORK.PHS86_1 有 100000 个观测和 12 个变量。
NOTE: “DATA 语句”所用时间（总处理时间）:
      实际时间          0.06 秒
      CPU 时间          0.04 秒
      


NOTE: 从数据集 WORK.PHS86_1. 读取了 100000 个观测
NOTE: 数据集 WORK.PHSB86_1 有 509265 个观测和 7 个变量。
NOTE: “DATA 语句”所用时间（总处理时间）:
      实际时间          0.12 秒
      CPU 时间          0.12 秒
      

NOTE: 从数据集 WORK.EMPTY. 读取了 1 个观测
NOTE: 数据集 WORK.PHS86_1 有 1 个观测和 1 个变量。
NOTE: “DATA 语句”所用时间（总处理时间）:
      实际时间          0.02 秒
      CPU 时间          0.03 秒
      


NOTE: 从数据集 WORK.PHSB86_1. 读取了 509265 个观测
NOTE: 数据集 WORK.COMAREC 有 509265 个观测和 7 个变量。
NOTE: “PROCEDURE SORT”所用时间（总处理时间）:
      实际时间          0.20 秒
      CPU 时间          0.42 秒
      


NOTE: 从数据集 WORK.COMAREC. 读取了 509265 个观测
NOTE: 数据集 WORK.COMAREC 有 509265 个观测和 7 个变量。
NOTE: “PROCEDURE SORT”所用时间（总处理时间）:
      实际时间          0.24 秒
      CPU 时间          0.40 秒
      


NOTE: 从数据集 WORK.COMAREC. 读取了 509265 个观测
NOTE: 数据集 WORK.MSPH2 有 409265 个观测和 9 个变量。
NOTE: “DATA 语句”所用时间（总处理时间）:
      实际时间          0.19 秒
      CPU 时间          0.14 秒
      

NOTE: 从数据集 WORK.EMPTY. 读取了 1 个观测
NOTE: 数据集 WORK.PHSB86_1 有 1 个观测和 1 个变量。
NOTE: “DATA 语句”所用时间（总处理时间）:
      实际时间          0.03 秒
      CPU 时间          0.01 秒
      

NOTE: 从数据集 WORK.EMPTY. 读取了 1 个观测
NOTE: 数据集 WORK.COMAREC 有 1 个观测和 1 个变量。
NOTE: “DATA 语句”所用时间（总处理时间）:
      实际时间          0.02 秒
      CPU 时间          0.03 秒
      


NOTE: 从数据集 WORK.MSPH2. 读取了 409265 个观测
NOTE: 数据集 WORK.PHS 有 100000 个观测和 4 个变量。
NOTE: “DATA 语句”所用时间（总处理时间）:
      实际时间          0.11 秒
      CPU 时间          0.09 秒
      


NOTE: 从数据集 WORK.MSPH2. 读取了 409265 个观测
NOTE: 从数据集 WORK.PHS. 读取了 100000 个观测
NOTE: 数据集 WORK.MSP86_1H3 有 100000 个观测和 14 个变量。
NOTE: “DATA 语句”所用时间（总处理时间）:
      实际时间          0.22 秒
      CPU 时间          0.18 秒
      


NOTE: 从数据集 WORK.MSP86_1H3. 读取了 100000 个观测
NOTE: 数据集 WORK.MEDLE86 有 24 个观测和 9 个变量。
NOTE: “PROCEDURE MEANS”所用时间（总处理时间）:
      实际时间          0.13 秒
      CPU 时间          0.10 秒
      


NOTE: 从数据集 WORK.MEDLE86. 读取了 3 个观测
      WHERE _TYPE_ in (14, 15);
NOTE: 数据集 WORK.MEDLE86_1 有 3 个观测和 11 个变量。
NOTE: “DATA 语句”所用时间（总处理时间）:
      实际时间          0.02 秒
      CPU 时间          0.00 秒
      

NOTE: IML Ready
NOTE: 数据集 WORK.SIMSRVP2 有 24 个观测和 3 个变量。
NOTE: Exiting IML.
NOTE: “PROCEDURE IML”所用时间（总处理时间）:
      实际时间          0.05 秒
      CPU 时间          0.04 秒
      


NOTE: 从数据集 WORK.SIMSRVP2. 读取了 24 个观测
NOTE: 数据集 WORK.SIMSRVP2 有 24 个观测和 3 个变量。
NOTE: “DATA 语句”所用时间（总处理时间）:
      实际时间          0.02 秒
      CPU 时间          0.01 秒
      

NOTE: IML Ready
NOTE: 数据集 WORK.PHS86_2P1 有 13000 个观测和 10 个变量。
NOTE: Exiting IML.
NOTE: “PROCEDURE IML”所用时间（总处理时间）:
      实际时间          27.79 秒
      CPU 时间          23.40 秒
      

NOTE: IML Ready
NOTE: 数据集 WORK.PHS86_2P2 有 13000 个观测和 10 个变量。
NOTE: Exiting IML.
NOTE: “PROCEDURE IML”所用时间（总处理时间）:
      实际时间          27.74 秒
      CPU 时间          23.54 秒
      

NOTE: IML Ready
NOTE: 数据集 WORK.PHS86_2P3 有 13000 个观测和 10 个变量。
NOTE: Exiting IML.
NOTE: “PROCEDURE IML”所用时间（总处理时间）:
      实际时间          27.85 秒
      CPU 时间          22.96 秒
      

NOTE: IML Ready
NOTE: 数据集 WORK.PHS86_2P4 有 13000 个观测和 10 个变量。
NOTE: Exiting IML.
NOTE: “PROCEDURE IML”所用时间（总处理时间）:
      实际时间          27.61 秒
      CPU 时间          22.93 秒
      

NOTE: IML Ready
NOTE: 数据集 WORK.PHS86_2P5 有 13000 个观测和 10 个变量。
NOTE: Exiting IML.
NOTE: “PROCEDURE IML”所用时间（总处理时间）:
      实际时间          27.56 秒
      CPU 时间          23.32 秒
      

NOTE: IML Ready
NOTE: 数据集 WORK.PHS86_2P6 有 13000 个观测和 10 个变量。
NOTE: Exiting IML.
NOTE: “PROCEDURE IML”所用时间（总处理时间）:
      实际时间          27.34 秒
      CPU 时间          23.31 秒
      

NOTE: IML Ready
NOTE: 数据集 WORK.PHS86_2P7 有 13000 个观测和 10 个变量。
NOTE: Exiting IML.
NOTE: “PROCEDURE IML”所用时间（总处理时间）:
      实际时间          27.41 秒
      CPU 时间          23.03 秒
      

NOTE: IML Ready
NOTE: 数据集 WORK.PHS86_2P8 有 13000 个观测和 10 个变量。
NOTE: Exiting IML.
NOTE: “PROCEDURE IML”所用时间（总处理时间）:
      实际时间          18.76 秒
      CPU 时间          16.20 秒
      


NOTE: 从数据集 WORK.PHS86_2P1. 读取了 13000 个观测
NOTE: 数据集 WORK.PHS86_2P1 有 13000 个观测和 10 个变量。
NOTE: “DATA 语句”所用时间（总处理时间）:
      实际时间          0.02 秒
      CPU 时间          0.03 秒
      


NOTE: 从数据集 WORK.PHS86_2P1. 读取了 13000 个观测
NOTE: 数据集 WORK.PHS86_2 有 13000 个观测和 10 个变量。
NOTE: “DATA 语句”所用时间（总处理时间）:
      实际时间          0.02 秒
      CPU 时间          0.01 秒
      

NOTE: 从数据集 WORK.EMPTY. 读取了 1 个观测
NOTE: 数据集 WORK.PHS86_2P1 有 1 个观测和 1 个变量。
NOTE: “DATA 语句”所用时间（总处理时间）:
      实际时间          0.02 秒
      CPU 时间          0.03 秒
      


NOTE: 从数据集 WORK.PHS86_2P2. 读取了 13000 个观测
NOTE: 数据集 WORK.PHS86_2P2 有 13000 个观测和 10 个变量。
NOTE: “DATA 语句”所用时间（总处理时间）:
      实际时间          0.02 秒
      CPU 时间          0.01 秒
      


NOTE: 从数据集 WORK.PHS86_2. 读取了 13000 个观测
NOTE: 从数据集 WORK.PHS86_2P2. 读取了 13000 个观测
NOTE: 数据集 WORK.PHS86_2 有 26000 个观测和 10 个变量。
NOTE: “DATA 语句”所用时间（总处理时间）:
      实际时间          0.02 秒
      CPU 时间          0.00 秒
      

NOTE: 从数据集 WORK.EMPTY. 读取了 1 个观测
NOTE: 数据集 WORK.PHS86_2P2 有 1 个观测和 1 个变量。
NOTE: “DATA 语句”所用时间（总处理时间）:
      实际时间          0.02 秒
      CPU 时间          0.03 秒
      


NOTE: 从数据集 WORK.PHS86_2P3. 读取了 13000 个观测
NOTE: 数据集 WORK.PHS86_2P3 有 13000 个观测和 10 个变量。
NOTE: “DATA 语句”所用时间（总处理时间）:
      实际时间          0.02 秒
      CPU 时间          0.00 秒
      


NOTE: 从数据集 WORK.PHS86_2. 读取了 26000 个观测
NOTE: 从数据集 WORK.PHS86_2P3. 读取了 13000 个观测
NOTE: 数据集 WORK.PHS86_2 有 39000 个观测和 10 个变量。
NOTE: “DATA 语句”所用时间（总处理时间）:
      实际时间          0.02 秒
      CPU 时间          0.01 秒
      

NOTE: 从数据集 WORK.EMPTY. 读取了 1 个观测
NOTE: 数据集 WORK.PHS86_2P3 有 1 个观测和 1 个变量。
NOTE: “DATA 语句”所用时间（总处理时间）:
      实际时间          0.01 秒
      CPU 时间          0.00 秒
      


NOTE: 从数据集 WORK.PHS86_2P4. 读取了 13000 个观测
NOTE: 数据集 WORK.PHS86_2P4 有 13000 个观测和 10 个变量。
NOTE: “DATA 语句”所用时间（总处理时间）:
      实际时间          0.02 秒
      CPU 时间          0.01 秒
      


NOTE: 从数据集 WORK.PHS86_2. 读取了 39000 个观测
NOTE: 从数据集 WORK.PHS86_2P4. 读取了 13000 个观测
NOTE: 数据集 WORK.PHS86_2 有 52000 个观测和 10 个变量。
NOTE: “DATA 语句”所用时间（总处理时间）:
      实际时间          0.03 秒
      CPU 时间          0.01 秒
      

NOTE: 从数据集 WORK.EMPTY. 读取了 1 个观测
NOTE: 数据集 WORK.PHS86_2P4 有 1 个观测和 1 个变量。
NOTE: “DATA 语句”所用时间（总处理时间）:
      实际时间          0.01 秒
      CPU 时间          0.01 秒
      


NOTE: 从数据集 WORK.PHS86_2P5. 读取了 13000 个观测
NOTE: 数据集 WORK.PHS86_2P5 有 13000 个观测和 10 个变量。
NOTE: “DATA 语句”所用时间（总处理时间）:
      实际时间          0.01 秒
      CPU 时间          0.01 秒
      


NOTE: 从数据集 WORK.PHS86_2. 读取了 52000 个观测
NOTE: 从数据集 WORK.PHS86_2P5. 读取了 13000 个观测
NOTE: 数据集 WORK.PHS86_2 有 65000 个观测和 10 个变量。
NOTE: “DATA 语句”所用时间（总处理时间）:
      实际时间          0.03 秒
      CPU 时间          0.03 秒
      

NOTE: 从数据集 WORK.EMPTY. 读取了 1 个观测
NOTE: 数据集 WORK.PHS86_2P5 有 1 个观测和 1 个变量。
NOTE: “DATA 语句”所用时间（总处理时间）:
      实际时间          0.01 秒
      CPU 时间          0.00 秒
      


NOTE: 从数据集 WORK.PHS86_2P6. 读取了 13000 个观测
NOTE: 数据集 WORK.PHS86_2P6 有 13000 个观测和 10 个变量。
NOTE: “DATA 语句”所用时间（总处理时间）:
      实际时间          0.02 秒
      CPU 时间          0.01 秒
      


NOTE: 从数据集 WORK.PHS86_2. 读取了 65000 个观测
NOTE: 从数据集 WORK.PHS86_2P6. 读取了 13000 个观测
NOTE: 数据集 WORK.PHS86_2 有 78000 个观测和 10 个变量。
NOTE: “DATA 语句”所用时间（总处理时间）:
      实际时间          0.04 秒
      CPU 时间          0.03 秒
      

NOTE: 从数据集 WORK.EMPTY. 读取了 1 个观测
NOTE: 数据集 WORK.PHS86_2P6 有 1 个观测和 1 个变量。
NOTE: “DATA 语句”所用时间（总处理时间）:
      实际时间          0.01 秒
      CPU 时间          0.01 秒
      


NOTE: 从数据集 WORK.PHS86_2P7. 读取了 13000 个观测
NOTE: 数据集 WORK.PHS86_2P7 有 13000 个观测和 10 个变量。
NOTE: “DATA 语句”所用时间（总处理时间）:
      实际时间          0.01 秒
      CPU 时间          0.01 秒
      


NOTE: 从数据集 WORK.PHS86_2. 读取了 78000 个观测
NOTE: 从数据集 WORK.PHS86_2P7. 读取了 13000 个观测
NOTE: 数据集 WORK.PHS86_2 有 91000 个观测和 10 个变量。
NOTE: “DATA 语句”所用时间（总处理时间）:
      实际时间          0.04 秒
      CPU 时间          0.03 秒
      

NOTE: 从数据集 WORK.EMPTY. 读取了 1 个观测
NOTE: 数据集 WORK.PHS86_2P7 有 1 个观测和 1 个变量。
NOTE: “DATA 语句”所用时间（总处理时间）:
      实际时间          0.02 秒
      CPU 时间          0.01 秒
      


NOTE: 从数据集 WORK.PHS86_2P8. 读取了 13000 个观测
NOTE: 数据集 WORK.PHS86_2P8 有 13000 个观测和 10 个变量。
NOTE: “DATA 语句”所用时间（总处理时间）:
      实际时间          0.02 秒
      CPU 时间          0.01 秒
      


NOTE: 从数据集 WORK.PHS86_2. 读取了 91000 个观测
NOTE: 从数据集 WORK.PHS86_2P8. 读取了 13000 个观测
NOTE: 数据集 WORK.PHS86_2 有 100000 个观测和 10 个变量。
NOTE: “DATA 语句”所用时间（总处理时间）:
      实际时间          0.04 秒
      CPU 时间          0.03 秒
      

NOTE: 从数据集 WORK.EMPTY. 读取了 1 个观测
NOTE: 数据集 WORK.PHS86_2P8 有 1 个观测和 1 个变量。
NOTE: “DATA 语句”所用时间（总处理时间）:
      实际时间          0.01 秒
      CPU 时间          0.01 秒
      


NOTE: 从数据集 WORK.PHS86_2. 读取了 100000 个观测
NOTE: 从数据集 S.COVCOMBOINDEX1. 读取了 1 个观测
      WHERE COVindex=2;
NOTE: 数据集 WORK.PHS86_2 有 100000 个观测和 12 个变量。
NOTE: “DATA 语句”所用时间（总处理时间）:
      实际时间          0.05 秒
      CPU 时间          0.04 秒
      


NOTE: 从数据集 WORK.PHS86_2. 读取了 100000 个观测
NOTE: 数据集 WORK.PHSB86_2 有 546189 个观测和 7 个变量。
NOTE: “DATA 语句”所用时间（总处理时间）:
      实际时间          0.13 秒
      CPU 时间          0.07 秒
      

NOTE: 从数据集 WORK.EMPTY. 读取了 1 个观测
NOTE: 数据集 WORK.PHS86_2 有 1 个观测和 1 个变量。
NOTE: “DATA 语句”所用时间（总处理时间）:
      实际时间          0.02 秒
      CPU 时间          0.01 秒
      


NOTE: 从数据集 WORK.PHSB86_2. 读取了 546189 个观测
NOTE: 数据集 WORK.COMAREC 有 546189 个观测和 7 个变量。
NOTE: “PROCEDURE SORT”所用时间（总处理时间）:
      实际时间          0.22 秒
      CPU 时间          0.37 秒
      


NOTE: 从数据集 WORK.COMAREC. 读取了 546189 个观测
NOTE: 数据集 WORK.COMAREC 有 546189 个观测和 7 个变量。
NOTE: “PROCEDURE SORT”所用时间（总处理时间）:
      实际时间          0.21 秒
      CPU 时间          0.34 秒
      


NOTE: 从数据集 WORK.COMAREC. 读取了 546189 个观测
NOTE: 数据集 WORK.MSPH2 有 446189 个观测和 9 个变量。
NOTE: “DATA 语句”所用时间（总处理时间）:
      实际时间          0.20 秒
      CPU 时间          0.18 秒
      

NOTE: 从数据集 WORK.EMPTY. 读取了 1 个观测
NOTE: 数据集 WORK.PHSB86_2 有 1 个观测和 1 个变量。
NOTE: “DATA 语句”所用时间（总处理时间）:
      实际时间          0.02 秒
      CPU 时间          0.01 秒
      

NOTE: 从数据集 WORK.EMPTY. 读取了 1 个观测
NOTE: 数据集 WORK.COMAREC 有 1 个观测和 1 个变量。
NOTE: “DATA 语句”所用时间（总处理时间）:
      实际时间          0.02 秒
      CPU 时间          0.03 秒
      


NOTE: 从数据集 WORK.MSPH2. 读取了 446189 个观测
NOTE: 数据集 WORK.PHS 有 100000 个观测和 4 个变量。
NOTE: “DATA 语句”所用时间（总处理时间）:
      实际时间          0.11 秒
      CPU 时间          0.07 秒
      


NOTE: 从数据集 WORK.MSPH2. 读取了 446189 个观测
NOTE: 从数据集 WORK.PHS. 读取了 100000 个观测
NOTE: 数据集 WORK.MSP86_2H3 有 100000 个观测和 14 个变量。
NOTE: “DATA 语句”所用时间（总处理时间）:
      实际时间          0.22 秒
      CPU 时间          0.17 秒
      


NOTE: 从数据集 WORK.MSP86_2H3. 读取了 100000 个观测
NOTE: 数据集 WORK.MEDLE86 有 24 个观测和 9 个变量。
NOTE: “PROCEDURE MEANS”所用时间（总处理时间）:
      实际时间          0.10 秒
      CPU 时间          0.09 秒
      


NOTE: 从数据集 WORK.MEDLE86. 读取了 3 个观测
      WHERE _TYPE_ in (14, 15);
NOTE: 数据集 WORK.MEDLE86_2 有 3 个观测和 11 个变量。
NOTE: “DATA 语句”所用时间（总处理时间）:
      实际时间          0.02 秒
      CPU 时间          0.00 秒
      

NOTE: IML Ready
NOTE: 数据集 WORK.SIMSRVP3 有 24 个观测和 3 个变量。
NOTE: Exiting IML.
NOTE: “PROCEDURE IML”所用时间（总处理时间）:
      实际时间          0.03 秒
      CPU 时间          0.03 秒
      


NOTE: 从数据集 WORK.SIMSRVP3. 读取了 24 个观测
NOTE: 数据集 WORK.SIMSRVP3 有 24 个观测和 3 个变量。
NOTE: “DATA 语句”所用时间（总处理时间）:
      实际时间          0.01 秒
      CPU 时间          0.00 秒
      

NOTE: IML Ready
NOTE: 数据集 WORK.PHS86_3P1 有 13000 个观测和 10 个变量。
NOTE: Exiting IML.
NOTE: “PROCEDURE IML”所用时间（总处理时间）:
      实际时间          28.11 秒
      CPU 时间          23.56 秒
      

NOTE: IML Ready
NOTE: 数据集 WORK.PHS86_3P2 有 13000 个观测和 10 个变量。
NOTE: Exiting IML.
NOTE: “PROCEDURE IML”所用时间（总处理时间）:
      实际时间          27.04 秒
      CPU 时间          22.92 秒
      

NOTE: IML Ready
NOTE: 数据集 WORK.PHS86_3P3 有 13000 个观测和 10 个变量。
NOTE: Exiting IML.
NOTE: “PROCEDURE IML”所用时间（总处理时间）:
      实际时间          27.45 秒
      CPU 时间          22.99 秒
      

NOTE: IML Ready
NOTE: 数据集 WORK.PHS86_3P4 有 13000 个观测和 10 个变量。
NOTE: Exiting IML.
NOTE: “PROCEDURE IML”所用时间（总处理时间）:
      实际时间          27.09 秒
      CPU 时间          22.82 秒
      

NOTE: IML Ready
NOTE: 数据集 WORK.PHS86_3P5 有 13000 个观测和 10 个变量。
NOTE: Exiting IML.
NOTE: “PROCEDURE IML”所用时间（总处理时间）:
      实际时间          27.05 秒
      CPU 时间          23.23 秒
      

NOTE: IML Ready
NOTE: 数据集 WORK.PHS86_3P6 有 13000 个观测和 10 个变量。
NOTE: Exiting IML.
NOTE: “PROCEDURE IML”所用时间（总处理时间）:
      实际时间          26.34 秒
      CPU 时间          22.76 秒
      

NOTE: IML Ready
NOTE: 数据集 WORK.PHS86_3P7 有 13000 个观测和 10 个变量。
NOTE: Exiting IML.
NOTE: “PROCEDURE IML”所用时间（总处理时间）:
      实际时间          26.54 秒
      CPU 时间          22.81 秒
      

NOTE: IML Ready
NOTE: 数据集 WORK.PHS86_3P8 有 13000 个观测和 10 个变量。
NOTE: Exiting IML.
NOTE: “PROCEDURE IML”所用时间（总处理时间）:
      实际时间          18.36 秒
      CPU 时间          15.75 秒
      


NOTE: 从数据集 WORK.PHS86_3P1. 读取了 13000 个观测
NOTE: 数据集 WORK.PHS86_3P1 有 13000 个观测和 10 个变量。
NOTE: “DATA 语句”所用时间（总处理时间）:
      实际时间          0.02 秒
      CPU 时间          0.03 秒
      


NOTE: 从数据集 WORK.PHS86_3P1. 读取了 13000 个观测
NOTE: 数据集 WORK.PHS86_3 有 13000 个观测和 10 个变量。
NOTE: “DATA 语句”所用时间（总处理时间）:
      实际时间          0.04 秒
      CPU 时间          0.01 秒
      

NOTE: 从数据集 WORK.EMPTY. 读取了 1 个观测
NOTE: 数据集 WORK.PHS86_3P1 有 1 个观测和 1 个变量。
NOTE: “DATA 语句”所用时间（总处理时间）:
      实际时间          0.01 秒
      CPU 时间          0.00 秒
      


NOTE: 从数据集 WORK.PHS86_3P2. 读取了 13000 个观测
NOTE: 数据集 WORK.PHS86_3P2 有 13000 个观测和 10 个变量。
NOTE: “DATA 语句”所用时间（总处理时间）:
      实际时间          0.02 秒
      CPU 时间          0.03 秒
      


NOTE: 从数据集 WORK.PHS86_3. 读取了 13000 个观测
NOTE: 从数据集 WORK.PHS86_3P2. 读取了 13000 个观测
NOTE: 数据集 WORK.PHS86_3 有 26000 个观测和 10 个变量。
NOTE: “DATA 语句”所用时间（总处理时间）:
      实际时间          0.02 秒
      CPU 时间          0.01 秒
      

NOTE: 从数据集 WORK.EMPTY. 读取了 1 个观测
NOTE: 数据集 WORK.PHS86_3P2 有 1 个观测和 1 个变量。
NOTE: “DATA 语句”所用时间（总处理时间）:
      实际时间          0.01 秒
      CPU 时间          0.00 秒
      


NOTE: 从数据集 WORK.PHS86_3P3. 读取了 13000 个观测
NOTE: 数据集 WORK.PHS86_3P3 有 13000 个观测和 10 个变量。
NOTE: “DATA 语句”所用时间（总处理时间）:
      实际时间          0.01 秒
      CPU 时间          0.01 秒
      


NOTE: 从数据集 WORK.PHS86_3. 读取了 26000 个观测
NOTE: 从数据集 WORK.PHS86_3P3. 读取了 13000 个观测
NOTE: 数据集 WORK.PHS86_3 有 39000 个观测和 10 个变量。
NOTE: “DATA 语句”所用时间（总处理时间）:
      实际时间          0.03 秒
      CPU 时间          0.03 秒
      

NOTE: 从数据集 WORK.EMPTY. 读取了 1 个观测
NOTE: 数据集 WORK.PHS86_3P3 有 1 个观测和 1 个变量。
NOTE: “DATA 语句”所用时间（总处理时间）:
      实际时间          0.01 秒
      CPU 时间          0.01 秒
      


NOTE: 从数据集 WORK.PHS86_3P4. 读取了 13000 个观测
NOTE: 数据集 WORK.PHS86_3P4 有 13000 个观测和 10 个变量。
NOTE: “DATA 语句”所用时间（总处理时间）:
      实际时间          0.03 秒
      CPU 时间          0.03 秒
      


NOTE: 从数据集 WORK.PHS86_3. 读取了 39000 个观测
NOTE: 从数据集 WORK.PHS86_3P4. 读取了 13000 个观测
NOTE: 数据集 WORK.PHS86_3 有 52000 个观测和 10 个变量。
NOTE: “DATA 语句”所用时间（总处理时间）:
      实际时间          0.03 秒
      CPU 时间          0.03 秒
      

NOTE: 从数据集 WORK.EMPTY. 读取了 1 个观测
NOTE: 数据集 WORK.PHS86_3P4 有 1 个观测和 1 个变量。
NOTE: “DATA 语句”所用时间（总处理时间）:
      实际时间          0.01 秒
      CPU 时间          0.00 秒
      


NOTE: 从数据集 WORK.PHS86_3P5. 读取了 13000 个观测
NOTE: 数据集 WORK.PHS86_3P5 有 13000 个观测和 10 个变量。
NOTE: “DATA 语句”所用时间（总处理时间）:
      实际时间          0.01 秒
      CPU 时间          0.03 秒
      


NOTE: 从数据集 WORK.PHS86_3. 读取了 52000 个观测
NOTE: 从数据集 WORK.PHS86_3P5. 读取了 13000 个观测
NOTE: 数据集 WORK.PHS86_3 有 65000 个观测和 10 个变量。
NOTE: “DATA 语句”所用时间（总处理时间）:
      实际时间          0.03 秒
      CPU 时间          0.03 秒
      

NOTE: 从数据集 WORK.EMPTY. 读取了 1 个观测
NOTE: 数据集 WORK.PHS86_3P5 有 1 个观测和 1 个变量。
NOTE: “DATA 语句”所用时间（总处理时间）:
      实际时间          0.01 秒
      CPU 时间          0.01 秒
      


NOTE: 从数据集 WORK.PHS86_3P6. 读取了 13000 个观测
NOTE: 数据集 WORK.PHS86_3P6 有 13000 个观测和 10 个变量。
NOTE: “DATA 语句”所用时间（总处理时间）:
      实际时间          0.02 秒
      CPU 时间          0.03 秒
      


NOTE: 从数据集 WORK.PHS86_3. 读取了 65000 个观测
NOTE: 从数据集 WORK.PHS86_3P6. 读取了 13000 个观测
NOTE: 数据集 WORK.PHS86_3 有 78000 个观测和 10 个变量。
NOTE: “DATA 语句”所用时间（总处理时间）:
      实际时间          0.04 秒
      CPU 时间          0.03 秒
      

NOTE: 从数据集 WORK.EMPTY. 读取了 1 个观测
NOTE: 数据集 WORK.PHS86_3P6 有 1 个观测和 1 个变量。
NOTE: “DATA 语句”所用时间（总处理时间）:
      实际时间          0.01 秒
      CPU 时间          0.03 秒
      


NOTE: 从数据集 WORK.PHS86_3P7. 读取了 13000 个观测
NOTE: 数据集 WORK.PHS86_3P7 有 13000 个观测和 10 个变量。
NOTE: “DATA 语句”所用时间（总处理时间）:
      实际时间          0.02 秒
      CPU 时间          0.01 秒
      


NOTE: 从数据集 WORK.PHS86_3. 读取了 78000 个观测
NOTE: 从数据集 WORK.PHS86_3P7. 读取了 13000 个观测
NOTE: 数据集 WORK.PHS86_3 有 91000 个观测和 10 个变量。
NOTE: “DATA 语句”所用时间（总处理时间）:
      实际时间          0.04 秒
      CPU 时间          0.04 秒
      

NOTE: 从数据集 WORK.EMPTY. 读取了 1 个观测
NOTE: 数据集 WORK.PHS86_3P7 有 1 个观测和 1 个变量。
NOTE: “DATA 语句”所用时间（总处理时间）:
      实际时间          0.01 秒
      CPU 时间          0.01 秒
      


NOTE: 从数据集 WORK.PHS86_3P8. 读取了 13000 个观测
NOTE: 数据集 WORK.PHS86_3P8 有 13000 个观测和 10 个变量。
NOTE: “DATA 语句”所用时间（总处理时间）:
      实际时间          0.02 秒
      CPU 时间          0.03 秒
      


NOTE: 从数据集 WORK.PHS86_3. 读取了 91000 个观测
NOTE: 从数据集 WORK.PHS86_3P8. 读取了 13000 个观测
NOTE: 数据集 WORK.PHS86_3 有 100000 个观测和 10 个变量。
NOTE: “DATA 语句”所用时间（总处理时间）:
      实际时间          0.04 秒
      CPU 时间          0.03 秒
      

NOTE: 从数据集 WORK.EMPTY. 读取了 1 个观测
NOTE: 数据集 WORK.PHS86_3P8 有 1 个观测和 1 个变量。
NOTE: “DATA 语句”所用时间（总处理时间）:
      实际时间          0.01 秒
      CPU 时间          0.01 秒
      


NOTE: 从数据集 WORK.PHS86_3. 读取了 100000 个观测
NOTE: 从数据集 S.COVCOMBOINDEX1. 读取了 1 个观测
      WHERE COVindex=3;
NOTE: 数据集 WORK.PHS86_3 有 100000 个观测和 12 个变量。
NOTE: “DATA 语句”所用时间（总处理时间）:
      实际时间          0.05 秒
      CPU 时间          0.04 秒
      


NOTE: 从数据集 WORK.PHS86_3. 读取了 100000 个观测
NOTE: 数据集 WORK.PHSB86_3 有 538123 个观测和 7 个变量。
NOTE: “DATA 语句”所用时间（总处理时间）:
      实际时间          0.13 秒
      CPU 时间          0.11 秒
      

NOTE: 从数据集 WORK.EMPTY. 读取了 1 个观测
NOTE: 数据集 WORK.PHS86_3 有 1 个观测和 1 个变量。
NOTE: “DATA 语句”所用时间（总处理时间）:
      实际时间          0.02 秒
      CPU 时间          0.01 秒
      


NOTE: 从数据集 WORK.PHSB86_3. 读取了 538123 个观测
NOTE: 数据集 WORK.COMAREC 有 538123 个观测和 7 个变量。
NOTE: “PROCEDURE SORT”所用时间（总处理时间）:
      实际时间          0.22 秒
      CPU 时间          0.34 秒
      


NOTE: 从数据集 WORK.COMAREC. 读取了 538123 个观测
NOTE: 数据集 WORK.COMAREC 有 538123 个观测和 7 个变量。
NOTE: “PROCEDURE SORT”所用时间（总处理时间）:
      实际时间          0.22 秒
      CPU 时间          0.39 秒
      


NOTE: 从数据集 WORK.COMAREC. 读取了 538123 个观测
NOTE: 数据集 WORK.MSPH2 有 438123 个观测和 9 个变量。
NOTE: “DATA 语句”所用时间（总处理时间）:
      实际时间          0.20 秒
      CPU 时间          0.20 秒
      

NOTE: 从数据集 WORK.EMPTY. 读取了 1 个观测
NOTE: 数据集 WORK.PHSB86_3 有 1 个观测和 1 个变量。
NOTE: “DATA 语句”所用时间（总处理时间）:
      实际时间          0.02 秒
      CPU 时间          0.03 秒
      

NOTE: 从数据集 WORK.EMPTY. 读取了 1 个观测
NOTE: 数据集 WORK.COMAREC 有 1 个观测和 1 个变量。
NOTE: “DATA 语句”所用时间（总处理时间）:
      实际时间          0.02 秒
      CPU 时间          0.03 秒
      


NOTE: 从数据集 WORK.MSPH2. 读取了 438123 个观测
NOTE: 数据集 WORK.PHS 有 100000 个观测和 4 个变量。
NOTE: “DATA 语句”所用时间（总处理时间）:
      实际时间          0.13 秒
      CPU 时间          0.11 秒
      


NOTE: 从数据集 WORK.MSPH2. 读取了 438123 个观测
NOTE: 从数据集 WORK.PHS. 读取了 100000 个观测
NOTE: 数据集 WORK.MSP86_3H3 有 100000 个观测和 14 个变量。
NOTE: “DATA 语句”所用时间（总处理时间）:
      实际时间          0.21 秒
      CPU 时间          0.18 秒
      


NOTE: 从数据集 WORK.MSP86_3H3. 读取了 100000 个观测
NOTE: 数据集 WORK.MEDLE86 有 24 个观测和 9 个变量。
NOTE: “PROCEDURE MEANS”所用时间（总处理时间）:
      实际时间          0.09 秒
      CPU 时间          0.09 秒
      


NOTE: 从数据集 WORK.MEDLE86. 读取了 3 个观测
      WHERE _TYPE_ in (14, 15);
NOTE: 数据集 WORK.MEDLE86_3 有 3 个观测和 11 个变量。
NOTE: “DATA 语句”所用时间（总处理时间）:
      实际时间          0.01 秒
      CPU 时间          0.01 秒
      

NOTE: IML Ready
NOTE: 数据集 WORK.SIMSRVP4 有 24 个观测和 3 个变量。
NOTE: Exiting IML.
NOTE: “PROCEDURE IML”所用时间（总处理时间）:
      实际时间          0.03 秒
      CPU 时间          0.03 秒
      


NOTE: 从数据集 WORK.SIMSRVP4. 读取了 24 个观测
NOTE: 数据集 WORK.SIMSRVP4 有 24 个观测和 3 个变量。
NOTE: “DATA 语句”所用时间（总处理时间）:
      实际时间          0.01 秒
      CPU 时间          0.03 秒
      

NOTE: IML Ready
NOTE: 数据集 WORK.PHS86_4P1 有 13000 个观测和 10 个变量。
NOTE: Exiting IML.
NOTE: “PROCEDURE IML”所用时间（总处理时间）:
      实际时间          27.32 秒
      CPU 时间          23.62 秒
      

NOTE: IML Ready
NOTE: 数据集 WORK.PHS86_4P2 有 13000 个观测和 10 个变量。
NOTE: Exiting IML.
NOTE: “PROCEDURE IML”所用时间（总处理时间）:
      实际时间          26.66 秒
      CPU 时间          23.07 秒
      

NOTE: IML Ready
NOTE: 数据集 WORK.PHS86_4P3 有 13000 个观测和 10 个变量。
NOTE: Exiting IML.
NOTE: “PROCEDURE IML”所用时间（总处理时间）:
      实际时间          26.52 秒
      CPU 时间          22.93 秒
      

NOTE: IML Ready
NOTE: 数据集 WORK.PHS86_4P4 有 13000 个观测和 10 个变量。
NOTE: Exiting IML.
NOTE: “PROCEDURE IML”所用时间（总处理时间）:
      实际时间          26.52 秒
      CPU 时间          22.76 秒
      

NOTE: IML Ready
NOTE: 数据集 WORK.PHS86_4P5 有 13000 个观测和 10 个变量。
NOTE: Exiting IML.
NOTE: “PROCEDURE IML”所用时间（总处理时间）:
      实际时间          26.55 秒
      CPU 时间          22.84 秒
      

NOTE: IML Ready
NOTE: 数据集 WORK.PHS86_4P6 有 13000 个观测和 10 个变量。
NOTE: Exiting IML.
NOTE: “PROCEDURE IML”所用时间（总处理时间）:
      实际时间          26.47 秒
      CPU 时间          22.98 秒
      

NOTE: IML Ready
NOTE: 数据集 WORK.PHS86_4P7 有 13000 个观测和 10 个变量。
NOTE: Exiting IML.
NOTE: “PROCEDURE IML”所用时间（总处理时间）:
      实际时间          26.27 秒
      CPU 时间          22.71 秒
      

NOTE: IML Ready
NOTE: 数据集 WORK.PHS86_4P8 有 13000 个观测和 10 个变量。
NOTE: Exiting IML.
NOTE: “PROCEDURE IML”所用时间（总处理时间）:
      实际时间          18.40 秒
      CPU 时间          15.64 秒
      


NOTE: 从数据集 WORK.PHS86_4P1. 读取了 13000 个观测
NOTE: 数据集 WORK.PHS86_4P1 有 13000 个观测和 10 个变量。
NOTE: “DATA 语句”所用时间（总处理时间）:
      实际时间          0.02 秒
      CPU 时间          0.03 秒
      


NOTE: 从数据集 WORK.PHS86_4P1. 读取了 13000 个观测
NOTE: 数据集 WORK.PHS86_4 有 13000 个观测和 10 个变量。
NOTE: “DATA 语句”所用时间（总处理时间）:
      实际时间          0.04 秒
      CPU 时间          0.01 秒
      

NOTE: 从数据集 WORK.EMPTY. 读取了 1 个观测
NOTE: 数据集 WORK.PHS86_4P1 有 1 个观测和 1 个变量。
NOTE: “DATA 语句”所用时间（总处理时间）:
      实际时间          0.01 秒
      CPU 时间          0.03 秒
      


NOTE: 从数据集 WORK.PHS86_4P2. 读取了 13000 个观测
NOTE: 数据集 WORK.PHS86_4P2 有 13000 个观测和 10 个变量。
NOTE: “DATA 语句”所用时间（总处理时间）:
      实际时间          0.01 秒
      CPU 时间          0.01 秒
      


NOTE: 从数据集 WORK.PHS86_4. 读取了 13000 个观测
NOTE: 从数据集 WORK.PHS86_4P2. 读取了 13000 个观测
NOTE: 数据集 WORK.PHS86_4 有 26000 个观测和 10 个变量。
NOTE: “DATA 语句”所用时间（总处理时间）:
      实际时间          0.02 秒
      CPU 时间          0.03 秒
      

NOTE: 从数据集 WORK.EMPTY. 读取了 1 个观测
NOTE: 数据集 WORK.PHS86_4P2 有 1 个观测和 1 个变量。
NOTE: “DATA 语句”所用时间（总处理时间）:
      实际时间          0.01 秒
      CPU 时间          0.01 秒
      


NOTE: 从数据集 WORK.PHS86_4P3. 读取了 13000 个观测
NOTE: 数据集 WORK.PHS86_4P3 有 13000 个观测和 10 个变量。
NOTE: “DATA 语句”所用时间（总处理时间）:
      实际时间          0.02 秒
      CPU 时间          0.01 秒
      


NOTE: 从数据集 WORK.PHS86_4. 读取了 26000 个观测
NOTE: 从数据集 WORK.PHS86_4P3. 读取了 13000 个观测
NOTE: 数据集 WORK.PHS86_4 有 39000 个观测和 10 个变量。
NOTE: “DATA 语句”所用时间（总处理时间）:
      实际时间          0.02 秒
      CPU 时间          0.01 秒
      

NOTE: 从数据集 WORK.EMPTY. 读取了 1 个观测
NOTE: 数据集 WORK.PHS86_4P3 有 1 个观测和 1 个变量。
NOTE: “DATA 语句”所用时间（总处理时间）:
      实际时间          0.01 秒
      CPU 时间          0.01 秒
      


NOTE: 从数据集 WORK.PHS86_4P4. 读取了 13000 个观测
NOTE: 数据集 WORK.PHS86_4P4 有 13000 个观测和 10 个变量。
NOTE: “DATA 语句”所用时间（总处理时间）:
      实际时间          0.02 秒
      CPU 时间          0.03 秒
      


NOTE: 从数据集 WORK.PHS86_4. 读取了 39000 个观测
NOTE: 从数据集 WORK.PHS86_4P4. 读取了 13000 个观测
NOTE: 数据集 WORK.PHS86_4 有 52000 个观测和 10 个变量。
NOTE: “DATA 语句”所用时间（总处理时间）:
      实际时间          0.03 秒
      CPU 时间          0.03 秒
      

NOTE: 从数据集 WORK.EMPTY. 读取了 1 个观测
NOTE: 数据集 WORK.PHS86_4P4 有 1 个观测和 1 个变量。
NOTE: “DATA 语句”所用时间（总处理时间）:
      实际时间          0.01 秒
      CPU 时间          0.00 秒
      


NOTE: 从数据集 WORK.PHS86_4P5. 读取了 13000 个观测
NOTE: 数据集 WORK.PHS86_4P5 有 13000 个观测和 10 个变量。
NOTE: “DATA 语句”所用时间（总处理时间）:
      实际时间          0.02 秒
      CPU 时间          0.03 秒
      


NOTE: 从数据集 WORK.PHS86_4. 读取了 52000 个观测
NOTE: 从数据集 WORK.PHS86_4P5. 读取了 13000 个观测
NOTE: 数据集 WORK.PHS86_4 有 65000 个观测和 10 个变量。
NOTE: “DATA 语句”所用时间（总处理时间）:
      实际时间          0.03 秒
      CPU 时间          0.03 秒
      

NOTE: 从数据集 WORK.EMPTY. 读取了 1 个观测
NOTE: 数据集 WORK.PHS86_4P5 有 1 个观测和 1 个变量。
NOTE: “DATA 语句”所用时间（总处理时间）:
      实际时间          0.01 秒
      CPU 时间          0.01 秒
      


NOTE: 从数据集 WORK.PHS86_4P6. 读取了 13000 个观测
NOTE: 数据集 WORK.PHS86_4P6 有 13000 个观测和 10 个变量。
NOTE: “DATA 语句”所用时间（总处理时间）:
      实际时间          0.01 秒
      CPU 时间          0.03 秒
      


NOTE: 从数据集 WORK.PHS86_4. 读取了 65000 个观测
NOTE: 从数据集 WORK.PHS86_4P6. 读取了 13000 个观测
NOTE: 数据集 WORK.PHS86_4 有 78000 个观测和 10 个变量。
NOTE: “DATA 语句”所用时间（总处理时间）:
      实际时间          0.04 秒
      CPU 时间          0.03 秒
      

NOTE: 从数据集 WORK.EMPTY. 读取了 1 个观测
NOTE: 数据集 WORK.PHS86_4P6 有 1 个观测和 1 个变量。
NOTE: “DATA 语句”所用时间（总处理时间）:
      实际时间          0.01 秒
      CPU 时间          0.01 秒
      


NOTE: 从数据集 WORK.PHS86_4P7. 读取了 13000 个观测
NOTE: 数据集 WORK.PHS86_4P7 有 13000 个观测和 10 个变量。
NOTE: “DATA 语句”所用时间（总处理时间）:
      实际时间          0.02 秒
      CPU 时间          0.00 秒
      


NOTE: 从数据集 WORK.PHS86_4. 读取了 78000 个观测
NOTE: 从数据集 WORK.PHS86_4P7. 读取了 13000 个观测
NOTE: 数据集 WORK.PHS86_4 有 91000 个观测和 10 个变量。
NOTE: “DATA 语句”所用时间（总处理时间）:
      实际时间          0.04 秒
      CPU 时间          0.03 秒
      

NOTE: 从数据集 WORK.EMPTY. 读取了 1 个观测
NOTE: 数据集 WORK.PHS86_4P7 有 1 个观测和 1 个变量。
NOTE: “DATA 语句”所用时间（总处理时间）:
      实际时间          0.01 秒
      CPU 时间          0.01 秒
      


NOTE: 从数据集 WORK.PHS86_4P8. 读取了 13000 个观测
NOTE: 数据集 WORK.PHS86_4P8 有 13000 个观测和 10 个变量。
NOTE: “DATA 语句”所用时间（总处理时间）:
      实际时间          0.02 秒
      CPU 时间          0.03 秒
      


NOTE: 从数据集 WORK.PHS86_4. 读取了 91000 个观测
NOTE: 从数据集 WORK.PHS86_4P8. 读取了 13000 个观测
NOTE: 数据集 WORK.PHS86_4 有 100000 个观测和 10 个变量。
NOTE: “DATA 语句”所用时间（总处理时间）:
      实际时间          0.04 秒
      CPU 时间          0.04 秒
      

NOTE: 从数据集 WORK.EMPTY. 读取了 1 个观测
NOTE: 数据集 WORK.PHS86_4P8 有 1 个观测和 1 个变量。
NOTE: “DATA 语句”所用时间（总处理时间）:
      实际时间          0.01 秒
      CPU 时间          0.01 秒
      


NOTE: 从数据集 WORK.PHS86_4. 读取了 100000 个观测
NOTE: 从数据集 S.COVCOMBOINDEX1. 读取了 1 个观测
      WHERE COVindex=4;
NOTE: 数据集 WORK.PHS86_4 有 100000 个观测和 12 个变量。
NOTE: “DATA 语句”所用时间（总处理时间）:
      实际时间          0.05 秒
      CPU 时间          0.06 秒
      


NOTE: 从数据集 WORK.PHS86_4. 读取了 100000 个观测
NOTE: 数据集 WORK.PHSB86_4 有 562364 个观测和 7 个变量。
NOTE: “DATA 语句”所用时间（总处理时间）:
      实际时间          0.12 秒
      CPU 时间          0.12 秒
      

NOTE: 从数据集 WORK.EMPTY. 读取了 1 个观测
NOTE: 数据集 WORK.PHS86_4 有 1 个观测和 1 个变量。
NOTE: “DATA 语句”所用时间（总处理时间）:
      实际时间          0.02 秒
      CPU 时间          0.01 秒
      


NOTE: 从数据集 WORK.PHSB86_4. 读取了 562364 个观测
NOTE: 数据集 WORK.COMAREC 有 562364 个观测和 7 个变量。
NOTE: “PROCEDURE SORT”所用时间（总处理时间）:
      实际时间          0.23 秒
      CPU 时间          0.39 秒
      


NOTE: 从数据集 WORK.COMAREC. 读取了 562364 个观测
NOTE: 数据集 WORK.COMAREC 有 562364 个观测和 7 个变量。
NOTE: “PROCEDURE SORT”所用时间（总处理时间）:
      实际时间          0.22 秒
      CPU 时间          0.42 秒
      


NOTE: 从数据集 WORK.COMAREC. 读取了 562364 个观测
NOTE: 数据集 WORK.MSPH2 有 462364 个观测和 9 个变量。
NOTE: “DATA 语句”所用时间（总处理时间）:
      实际时间          0.20 秒
      CPU 时间          0.15 秒
      

NOTE: 从数据集 WORK.EMPTY. 读取了 1 个观测
NOTE: 数据集 WORK.PHSB86_4 有 1 个观测和 1 个变量。
NOTE: “DATA 语句”所用时间（总处理时间）:
      实际时间          0.03 秒
      CPU 时间          0.00 秒
      

NOTE: 从数据集 WORK.EMPTY. 读取了 1 个观测
NOTE: 数据集 WORK.COMAREC 有 1 个观测和 1 个变量。
NOTE: “DATA 语句”所用时间（总处理时间）:
      实际时间          0.02 秒
      CPU 时间          0.00 秒
      


NOTE: 从数据集 WORK.MSPH2. 读取了 462364 个观测
NOTE: 数据集 WORK.PHS 有 100000 个观测和 4 个变量。
NOTE: “DATA 语句”所用时间（总处理时间）:
      实际时间          0.10 秒
      CPU 时间          0.10 秒
      


NOTE: 从数据集 WORK.MSPH2. 读取了 462364 个观测
NOTE: 从数据集 WORK.PHS. 读取了 100000 个观测
NOTE: 数据集 WORK.MSP86_4H3 有 100000 个观测和 14 个变量。
NOTE: “DATA 语句”所用时间（总处理时间）:
      实际时间          0.21 秒
      CPU 时间          0.15 秒
      


NOTE: 从数据集 WORK.MSP86_4H3. 读取了 100000 个观测
NOTE: 数据集 WORK.MEDLE86 有 24 个观测和 9 个变量。
NOTE: “PROCEDURE MEANS”所用时间（总处理时间）:
      实际时间          0.08 秒
      CPU 时间          0.10 秒
      


NOTE: 从数据集 WORK.MEDLE86. 读取了 3 个观测
      WHERE _TYPE_ in (14, 15);
NOTE: 数据集 WORK.MEDLE86_4 有 3 个观测和 11 个变量。
NOTE: “DATA 语句”所用时间（总处理时间）:
      实际时间          0.01 秒
      CPU 时间          0.01 秒
      


NOTE: 从数据集 WORK.MEDLE86_1. 读取了 3 个观测
NOTE: 从数据集 WORK.MEDLE86_2. 读取了 3 个观测
NOTE: 从数据集 WORK.MEDLE86_3. 读取了 3 个观测
NOTE: 从数据集 WORK.MEDLE86_4. 读取了 3 个观测
NOTE: 数据集 WORK.MEDLE 有 12 个观测和 11 个变量。
NOTE: “DATA 语句”所用时间（总处理时间）:
      实际时间          0.02 秒
      CPU 时间          0.01 秒
      


NOTE: 从数据集 WORK.MEDLE. 读取了 12 个观测
NOTE: 数据集 WORK.MEDLE 有 12 个观测和 11 个变量。
NOTE: “PROCEDURE SORT”所用时间（总处理时间）:
      实际时间          0.01 秒
      CPU 时间          0.01 秒
      


NOTE: 从数据集 S.BSLE1. 读取了 1 个观测
NOTE: 从数据集 WORK.MEDLE. 读取了 12 个观测
NOTE: 数据集 S.BSLE1 有 12 个观测和 11 个变量。
NOTE: “DATA 语句”所用时间（总处理时间）:
      实际时间          0.01 秒
      CPU 时间          0.03 秒
      


NOTE: 从数据集 S.BSLE1. 读取了 12 个观测
NOTE: 数据集 S.BSLE1 有 12 个观测和 11 个变量。
NOTE: “PROCEDURE SORT”所用时间（总处理时间）:
      实际时间          0.01 秒
      CPU 时间          0.01 秒
      

NOTE: 从数据集 WORK.EMPTY. 读取了 1 个观测
NOTE: 数据集 WORK.PRSNYR 有 1 个观测和 1 个变量。
NOTE: “DATA 语句”所用时间（总处理时间）:
      实际时间          0.01 秒
      CPU 时间          0.01 秒
      

NOTE: 从数据集 WORK.EMPTY. 读取了 1 个观测
NOTE: 数据集 WORK.PREV 有 1 个观测和 1 个变量。
NOTE: “DATA 语句”所用时间（总处理时间）:
      实际时间          0.01 秒
      CPU 时间          0.01 秒
      

NOTE: 从数据集 WORK.EMPTY. 读取了 1 个观测
NOTE: 数据集 WORK.PREV_CTRLCOV 有 1 个观测和 1 个变量。
NOTE: “DATA 语句”所用时间（总处理时间）:
      实际时间          0.01 秒
      CPU 时间          0.01 秒
      

NOTE: 从数据集 WORK.EMPTY. 读取了 1 个观测
NOTE: 数据集 WORK.PSBACK000 有 1 个观测和 1 个变量。
NOTE: “DATA 语句”所用时间（总处理时间）:
      实际时间          0.01 秒
      CPU 时间          0.03 秒
      

