BEGST=1. Estimation for whole sample.(Control Variables)                                                                                  2025年 7月20日 星期日 上午12时15分00秒   1

“LOGISTIC”过程

            模型信息

数据集         WORK.MODEL_CTRLCOV
响应变量       ENDST             
响应水平数     3                 
权重变量       weight            
模型           广义 Logit        
优化方法       Newton-Raphson    


读取的观测数         17249
使用的观测数          9042
读取的权重总和    22545.18
使用的权重总和    22545.18


                      响应概略
 
    有序                        总               总
      值        ENDST         频数             权重

       1            3          381          938.038
       2            2          799         2067.762
       3            1         7862        19539.375

建立的 Logit 模型使用 ENDST=1 作为参考类别。

NOTE: 8207 observations having nonpositive frequencies or weights were excluded since they do not contribute to the analysis.


       分类水平信息
 
分类       值     设计变量

cohort     1            -1
           2             1

urban      1            -1
           2             1

sex        1             1
           2            -1


                          模型收敛状态

满足收敛准则 (GCONV=1E-8)。                                     


            模型拟合统计量
 
准则            仅截距     截距和协变量

AIC          21440.703        21158.352
SC           21454.923        21328.983
-2 Log L     21436.703        21110.352


BEGST=1. Estimation for whole sample.(Control Variables)                                                                                  2025年 7月20日 星期日 上午12时15分00秒   2

“LOGISTIC”过程

                 检验全局原假设: BETA=0
 
检验                       卡方     自由度     Pr > 卡方

似然比                 326.3512         22        <.0001
评分                   310.3347         22        <.0001
Wald                   297.6007         22        <.0001


                    联合检验
 
                                Wald
效应            自由度          卡方    Pr > 卡方

AGE                  2       13.5912       0.0011
AGE*AGE              2       12.3243       0.0021
AGE*sex              2        7.1844       0.0275
AGE*cohort           2       33.7721       <.0001
cohort*sex           2       21.8830       <.0001
cohort*urban         2        0.2461       0.8842
urban*sex            2        1.3365       0.5126
AGE*urban            2       14.3709       0.0008
cohort               2       29.9709       <.0001
urban                2       15.2138       0.0005
sex                  2        7.9425       0.0189

NOTE: Under full-rank parameterizations, Type 3 effect tests are replaced by joint tests. The joint test for an effect is a test that all the parameters associated with that 
      effect are zero. Such joint tests might not be equivalent to Type 3 effect tests under GLM parameterization.


                                   最大似然估计分析
 
                                                       标准          Wald
参数                ENDST    自由度        估计        误差          卡方    Pr > 卡方

Intercept           3             1    -43.7606     28.1675        2.4136       0.1203
Intercept           2             1     61.6235     18.3755       11.2465       0.0008
AGE                 3             1      0.9812      0.7294        1.8100       0.1785
AGE                 2             1     -1.6001      0.4793       11.1460       0.0008
AGE*AGE             3             1    -0.00588     0.00472        1.5513       0.2129
AGE*AGE             2             1     0.00998     0.00312       10.2077       0.0014
AGE*sex      1      3             1     -0.0305      0.0141        4.6696       0.0307
AGE*sex      1      2             1      0.0133     0.00921        2.0838       0.1489
AGE*cohort   2      3             1     -0.0296      0.0145        4.1464       0.0417
AGE*cohort   2      2             1     -0.0542     0.00977       30.8386       <.0001
cohort*sex   2 1    3             1      0.1690      0.0362       21.8047       <.0001
cohort*sex   2 1    2             1      0.0138      0.0254        0.2959       0.5865
cohort*urban 2 2    3             1      0.0179      0.0363        0.2433       0.6219
cohort*urban 2 2    2             1     0.00213      0.0260        0.0067       0.9348
urban*sex    2 1    3             1     0.00657      0.0352        0.0349       0.8518
urban*sex    2 1    2             1      0.0283      0.0246        1.3236       0.2499
AGE*urban    2      3             1      0.0432      0.0143        9.1416       0.0025
AGE*urban    2      2             1     -0.0202     0.00966        4.3585       0.0368
cohort       2      3             1      2.1017      1.1227        3.5047       0.0612
cohort       2      2             1      3.9150      0.7463       27.5158       <.0001
urban        2      3             1     -3.3653      1.1029        9.3106       0.0023
urban        2      2             1      1.6460      0.7385        4.9681       0.0258
sex          1      3             1      2.5302      1.0910        5.3779       0.0204
sex          1      2             1     -1.0198      0.7037        2.1005       0.1473
BEGST=2. Estimation for whole sample.(Control Variables)                                                                                  2025年 7月20日 星期日 上午12时15分00秒   3

“LOGISTIC”过程

            模型信息

数据集         WORK.MODEL_CTRLCOV
响应变量       ENDST             
响应水平数     3                 
权重变量       weight            
模型           广义 Logit        
优化方法       Newton-Raphson    


读取的观测数         12378
使用的观测数          6520
读取的权重总和    17051.94
使用的权重总和    17051.94


                      响应概略
 
    有序                        总               总
      值        ENDST         频数             权重

       1            3          314          822.995
       2            2         5295        13908.951
       3            1          911         2319.996

建立的 Logit 模型使用 ENDST=2 作为参考类别。

NOTE: 5858 observations having nonpositive frequencies or weights were excluded since they do not contribute to the analysis.


       分类水平信息
 
分类       值     设计变量

cohort     1            -1
           2             1

urban      1            -1
           2             1

sex        1             1
           2            -1


                          模型收敛状态

满足收敛准则 (GCONV=1E-8)。                                     


            模型拟合统计量
 
准则            仅截距     截距和协变量

AIC          19915.876        19823.278
SC           19929.442        19986.061
-2 Log L     19911.876        19775.278


BEGST=2. Estimation for whole sample.(Control Variables)                                                                                  2025年 7月20日 星期日 上午12时15分00秒   4

“LOGISTIC”过程

                 检验全局原假设: BETA=0
 
检验                       卡方     自由度     Pr > 卡方

似然比                 136.5989         22        <.0001
评分                   134.7103         22        <.0001
Wald                   133.0748         22        <.0001


                    联合检验
 
                                Wald
效应            自由度          卡方    Pr > 卡方

AGE                  2        7.1447       0.0281
AGE*AGE              2        7.3217       0.0257
AGE*sex              2        1.7695       0.4128
AGE*cohort           2        7.4773       0.0238
cohort*sex           2       16.0094       0.0003
cohort*urban         2       11.0055       0.0041
urban*sex            2        6.9457       0.0310
AGE*urban            2       10.2861       0.0058
cohort               2        7.5106       0.0234
urban                2       10.7759       0.0046
sex                  2        1.6840       0.4309

NOTE: Under full-rank parameterizations, Type 3 effect tests are replaced by joint tests. The joint test for an effect is a test that all the parameters associated with that 
      effect are zero. Such joint tests might not be equivalent to Type 3 effect tests under GLM parameterization.


                                   最大似然估计分析
 
                                                       标准          Wald
参数                ENDST    自由度        估计        误差          卡方    Pr > 卡方

Intercept           3             1     -2.3478     17.2599        0.0185       0.8918
Intercept           1             1    -43.8521     15.9718        7.5383       0.0060
AGE                 3             1     -0.0564      0.4437        0.0162       0.8988
AGE                 1             1      1.1028      0.4150        7.0604       0.0079
AGE*AGE             3             1    0.000653     0.00285        0.0525       0.8188
AGE*AGE             1             1    -0.00721     0.00269        7.1675       0.0074
AGE*sex      1      3             1    -0.00007      0.0145        0.0000       0.9959
AGE*sex      1      1             1     -0.0123     0.00927        1.7573       0.1850
AGE*cohort   2      3             1     -0.0397      0.0147        7.3551       0.0067
AGE*cohort   2      1             1    -0.00560     0.00953        0.3452       0.5569
cohort*sex   2 1    3             1      0.0345      0.0386        0.7989       0.3714
cohort*sex   2 1    1             1     -0.0885      0.0233       14.4820       0.0001
cohort*urban 2 2    3             1     -0.0300      0.0398        0.5661       0.4518
cohort*urban 2 2    1             1     -0.0796      0.0242       10.8023       0.0010
urban*sex    2 1    3             1      0.0695      0.0387        3.2250       0.0725
urban*sex    2 1    1             1     -0.0421      0.0240        3.0935       0.0786
AGE*urban    2      3             1      0.0455      0.0147        9.6232       0.0019
AGE*urban    2      1             1      0.0106     0.00976        1.1778       0.2778
cohort       2      3             1      3.0349      1.1259        7.2660       0.0070
cohort       2      1             1      0.5328      0.7298        0.5329       0.4654
urban        2      3             1     -3.5575      1.1270        9.9641       0.0016
urban        2      1             1     -0.8786      0.7470        1.3836       0.2395
sex          1      3             1      0.1794      1.1131        0.0260       0.8720
sex          1      1             1      0.9199      0.7094        1.6816       0.1947
