BEGST=1. Estimation for whole sample.(Control Variables)                                                                                  2025年 7月19日 星期六 上午09时05分23秒   5

“LOGISTIC”过程

            模型信息

数据集         WORK.MODEL_CTRLCOV
响应变量       ENDST             
响应水平数     3                 
权重变量       weight            
模型           广义 Logit        
优化方法       Newton-Raphson    


读取的观测数         14336
使用的观测数          7435
读取的权重总和    35965.03
使用的权重总和    35965.03


                      响应概略
 
    有序                        总               总
      值        ENDST         频数             权重

       1            3          186          972.944
       2            2          707         3413.210
       3            1         6542        31578.876

建立的 Logit 模型使用 ENDST=1 作为参考类别。

NOTE: 6901 observations having nonpositive frequencies or weights were excluded since they do not contribute to the analysis.


       分类水平信息
 
分类       值     设计变量

cohort     1            -1
           2             1

edu        1            -1
           2             1

sex        1             1
           2            -1


                          模型收敛状态

满足收敛准则 (GCONV=1E-8)。                                     


            模型拟合统计量
 
准则            仅截距     截距和协变量

AIC          31318.318        30836.760
SC           31332.146        31002.695
-2 Log L     31314.318        30788.760


BEGST=1. Estimation for whole sample.(Control Variables)                                                                                  2025年 7月19日 星期六 上午09时05分23秒   6

“LOGISTIC”过程

                 检验全局原假设: BETA=0
 
检验                       卡方     自由度     Pr > 卡方

似然比                 525.5582         22        <.0001
评分                   499.7286         22        <.0001
Wald                   479.2979         22        <.0001


                   联合检验
 
                              Wald
效应          自由度          卡方    Pr > 卡方

AGE                2       10.2249       0.0060
AGE*AGE            2       11.1118       0.0039
AGE*sex            2        7.5882       0.0225
AGE*cohort         2        6.7649       0.0340
cohort*sex         2       38.3508       <.0001
cohort*edu         2       23.0757       <.0001
edu*sex            2       23.4790       <.0001
AGE*edu            2       24.5783       <.0001
cohort             2        7.8024       0.0202
edu                2       26.5748       <.0001
sex                2        8.7014       0.0129

NOTE: Under full-rank parameterizations, Type 3 effect tests are replaced by joint tests. The joint test for an effect is a test that all the parameters associated with that 
      effect are zero. Such joint tests might not be equivalent to Type 3 effect tests under GLM parameterization.


                                  最大似然估计分析
 
                                                     标准          Wald
参数              ENDST    自由度        估计        误差          卡方    Pr > 卡方

Intercept         3             1      7.8733     21.1100        0.1391       0.7092
Intercept         2             1    -40.9814     12.9547       10.0073       0.0016
AGE               3             1     -0.4155      0.5908        0.4944       0.4820
AGE               2             1      1.1260      0.3655        9.4894       0.0021
AGE*AGE           3             1     0.00357     0.00413        0.7486       0.3869
AGE*AGE           2             1    -0.00817     0.00258       10.0611       0.0015
AGE*sex    1      3             1    -0.00855      0.0136        0.3966       0.5288
AGE*sex    1      2             1     -0.0228     0.00839        7.3486       0.0067
AGE*cohort 2      3             1     -0.0275      0.0134        4.2431       0.0394
AGE*cohort 2      2             1      0.0122     0.00819        2.2115       0.1370
cohort*sex 2 1    3             1      0.1765      0.0369       22.8329       <.0001
cohort*sex 2 1    2             1      0.0920      0.0221       17.3629       <.0001
cohort*edu 2 2    3             1     -0.1489      0.0454       10.7738       0.0010
cohort*edu 2 2    2             1      0.0784      0.0234       11.2495       0.0008
edu*sex    2 1    3             1      0.1923      0.0400       23.1041       <.0001
edu*sex    2 1    2             1      0.0186      0.0211        0.7843       0.3758
AGE*edu    2      3             1    -0.00139      0.0154        0.0081       0.9281
AGE*edu    2      2             1     -0.0428     0.00863       24.5482       <.0001
cohort     2      3             1      1.7926      0.9563        3.5138       0.0609
cohort     2      2             1     -1.1461      0.5791        3.9167       0.0478
edu        2      3             1     -0.0940      1.1069        0.0072       0.9323
edu        2      2             1      3.1428      0.6111       26.4466       <.0001
sex        1      3             1      0.8595      0.9727        0.7808       0.3769
sex        1      2             1      1.6978      0.5944        8.1584       0.0043
BEGST=2. Estimation for whole sample.(Control Variables)                                                                                  2025年 7月19日 星期六 上午09时05分23秒   7

“LOGISTIC”过程

            模型信息

数据集         WORK.MODEL_CTRLCOV
响应变量       ENDST             
响应水平数     3                 
权重变量       weight            
模型           广义 Logit        
优化方法       Newton-Raphson    


读取的观测数         10003
使用的观测数          5203
读取的权重总和    23385.57
使用的权重总和    23385.57


                      响应概略
 
    有序                        总               总
      值        ENDST         频数             权重

       1            3          167          876.459
       2            2         4255        19213.244
       3            1          781         3295.866

建立的 Logit 模型使用 ENDST=2 作为参考类别。

NOTE: 4800 observations having nonpositive frequencies or weights were excluded since they do not contribute to the analysis.


       分类水平信息
 
分类       值     设计变量

cohort     1            -1
           2             1

edu        1            -1
           2             1

sex        1             1
           2            -1


                          模型收敛状态

满足收敛准则 (GCONV=1E-8)。                                     


            模型拟合统计量
 
准则            仅截距     截距和协变量

AIC          26228.274        25983.235
SC           26241.388        26140.603
-2 Log L     26224.274        25935.235


BEGST=2. Estimation for whole sample.(Control Variables)                                                                                  2025年 7月19日 星期六 上午09时05分23秒   8

“LOGISTIC”过程

                 检验全局原假设: BETA=0
 
检验                       卡方     自由度     Pr > 卡方

似然比                 289.0396         22        <.0001
评分                   284.4342         22        <.0001
Wald                   266.1888         22        <.0001


                   联合检验
 
                              Wald
效应          自由度          卡方    Pr > 卡方

AGE                2        5.5971       0.0609
AGE*AGE            2        4.8330       0.0892
AGE*sex            2       22.5079       <.0001
AGE*cohort         2        2.7590       0.2517
cohort*sex         2        9.9755       0.0068
cohort*edu         2        6.9258       0.0313
edu*sex            2       12.3413       0.0021
AGE*edu            2       18.5708       <.0001
cohort             2        2.7511       0.2527
edu                2       20.8999       <.0001
sex                2       24.3698       <.0001

NOTE: Under full-rank parameterizations, Type 3 effect tests are replaced by joint tests. The joint test for an effect is a test that all the parameters associated with that 
      effect are zero. Such joint tests might not be equivalent to Type 3 effect tests under GLM parameterization.


                                  最大似然估计分析
 
                                                     标准          Wald
参数              ENDST    自由度        估计        误差          卡方    Pr > 卡方

Intercept         3             1    -55.9347     26.8176        4.3503       0.0370
Intercept         1             1     17.5309     13.4085        1.7094       0.1911
AGE               3             1      1.3708      0.7477        3.3614       0.0667
AGE               1             1     -0.5125      0.3770        1.8485       0.1740
AGE*AGE           3             1    -0.00881     0.00521        2.8581       0.0909
AGE*AGE           1             1     0.00339     0.00265        1.6369       0.2008
AGE*sex    1      3             1     -0.0800      0.0172       21.5747       <.0001
AGE*sex    1      1             1     0.00529     0.00835        0.4013       0.5264
AGE*cohort 2      3             1    -0.00343      0.0168        0.0416       0.8385
AGE*cohort 2      1             1     -0.0153     0.00924        2.7530       0.0971
cohort*sex 2 1    3             1      0.0290      0.0420        0.4750       0.4907
cohort*sex 2 1    1             1     -0.0681      0.0226        9.1211       0.0025
cohort*edu 2 2    3             1      0.1051      0.0415        6.4137       0.0113
cohort*edu 2 2    1             1     -0.0127      0.0257        0.2441       0.6213
edu*sex    2 1    3             1     -0.0666      0.0409        2.6571       0.1031
edu*sex    2 1    1             1      0.0663      0.0223        8.8606       0.0029
AGE*edu    2      3             1     -0.0734      0.0172       18.1500       <.0001
AGE*edu    2      1             1     0.00291     0.00897        0.1049       0.7461
cohort     2      3             1      0.4510      1.2109        0.1387       0.7095
cohort     2      1             1      1.0808      0.6590        2.6895       0.1010
edu        2      3             1      5.5773      1.2372       20.3239       <.0001
edu        2      1             1     -0.2666      0.6393        0.1739       0.6767
sex        1      3             1      5.9225      1.2377       22.8971       <.0001
sex        1      1             1     -0.5175      0.5925        0.7627       0.3825
