NOTE: “PROCEDURE PRINTTO”所用时间（总处理时间）:
      实际时间          0.00 秒
      CPU 时间          0.00 秒
      


NOTE: 数据集 WORK.EMPTY 有 1 个观测和 1 个变量。
NOTE: “DATA 语句”所用时间（总处理时间）:
      实际时间          0.02 秒
      CPU 时间          0.03 秒
      


NOTE: 从数据集 S.COVCOMBOINDEX7. 读取了 4 个观测
NOTE: 数据集 S.COVCOMBOINDEX7 有 4 个观测和 3 个变量。
NOTE: “PROCEDURE SORT”所用时间（总处理时间）:
      实际时间          0.01 秒
      CPU 时间          0.01 秒
      


NOTE: 从数据集 S.COVCOMBOINDEX7. 读取了 4 个观测
NOTE: 数据集 WORK.TEMP1 有 2 个观测和 2 个变量。
NOTE: “DATA 语句”所用时间（总处理时间）:
      实际时间          0.00 秒
      CPU 时间          0.01 秒
      


NOTE: 数值已转换为字符值，位置:（行:列）。
      1780:69   
NOTE: 从数据集 WORK.TEMP1. 读取了 2 个观测
NOTE: “DATA 语句”所用时间（总处理时间）:
      实际时间          0.00 秒
      CPU 时间          0.00 秒
      


NOTE: 从数据集 S.COVCOMBOINDEX7. 读取了 4 个观测
NOTE: 数据集 S.COVCOMBOINDEX7 有 4 个观测和 3 个变量。
NOTE: “PROCEDURE SORT”所用时间（总处理时间）:
      实际时间          0.00 秒
      CPU 时间          0.00 秒
      


NOTE: 从数据集 S.COVCOMBOINDEX7. 读取了 4 个观测
NOTE: 数据集 WORK.TEMP2 有 2 个观测和 2 个变量。
NOTE: “DATA 语句”所用时间（总处理时间）:
      实际时间          0.00 秒
      CPU 时间          0.00 秒
      


NOTE: 数值已转换为字符值，位置:（行:列）。
      1780:69   
NOTE: 从数据集 WORK.TEMP2. 读取了 2 个观测
NOTE: “DATA 语句”所用时间（总处理时间）:
      实际时间          0.00 秒
      CPU 时间          0.00 秒
      

COV1=sex
COV2=cohort
REGCOV1=sex
REGCOV2=cohort
NC=2
nREGCOV=2
nSTRATCOV=0
nCTRLCOVconti=0
nCTRLCOVcateg=0
nCTRLCOV     =0

NOTE: 从数据集 S.COVCOMBOINDEX7. 读取了 4 个观测
NOTE: 数据集 WORK.COVCOMBOINDEX00 有 4 个观测和 3 个变量。
NOTE: “DATA 语句”所用时间（总处理时间）:
      实际时间          0.00 秒
      CPU 时间          0.01 秒
      

nTVcov = 0
Inputted numbers of NoTrans = 0

NOTE: 数据集 WORK.TRANS 有 6 个观测和 3 个变量。
NOTE: “DATA 语句”所用时间（总处理时间）:
      实际时间          0.00 秒
      CPU 时间          0.00 秒
      


NOTE: 从数据集 WORK.TRANS. 读取了 6 个观测
NOTE: 数据集 WORK.TRANSITIONS 有 6 个观测和 5 个变量。
NOTE: “DATA 语句”所用时间（总处理时间）:
      实际时间          0.00 秒
      CPU 时间          0.00 秒
      


NOTE: 从数据集 WORK.TRANSITIONS. 读取了 6 个观测
NOTE: 数据集 WORK.TRANSITIONS 有 6 个观测和 4 个变量。
NOTE: “DATA 语句”所用时间（总处理时间）:
      实际时间          0.00 秒
      CPU 时间          0.01 秒
      


NOTE: 从数据集 S.COVCOMBOINDEX7. 读取了 4 个观测
NOTE: 数据集 S.COVCOMBOINDEX7 有 4 个观测和 3 个变量。
NOTE: “PROCEDURE SORT”所用时间（总处理时间）:
      实际时间          0.00 秒
      CPU 时间          0.00 秒
      


NOTE: 从数据集 S.BSMPL7. 读取了 5142 个观测
      WHERE (AGE>=71) and (weight>0);
NOTE: 数据集 WORK.SEM0 有 5142 个观测和 16 个变量。
NOTE: “DATA 语句”所用时间（总处理时间）:
      实际时间          0.00 秒
      CPU 时间          0.01 秒
      


NOTE: 从数据集 WORK.SEM0. 读取了 5142 个观测
NOTE: 数据集 WORK.SEM0 有 5142 个观测和 16 个变量。
NOTE: “PROCEDURE SORT”所用时间（总处理时间）:
      实际时间          0.00 秒
      CPU 时间          0.00 秒
      


NOTE: 从数据集 WORK.SEM0. 读取了 5142 个观测
NOTE: 数据集 WORK.SEM 有 5142 个观测和 19 个变量。
NOTE: “DATA 语句”所用时间（总处理时间）:
      实际时间          0.00 秒
      CPU 时间          0.00 秒
      


NOTE: 从数据集 WORK.SEM. 读取了 5142 个观测
NOTE: 数据集 WORK.SEM1 有 11725 个观测和 16 个变量。
NOTE: “DATA 语句”所用时间（总处理时间）:
      实际时间          0.01 秒
      CPU 时间          0.01 秒
      

after SEM1

NOTE: 从数据集 WORK.SEM1. 读取了 11725 个观测
NOTE: 数据集 WORK.PRSNYR 有 9806 个观测和 17 个变量。
NOTE: “DATA 语句”所用时间（总处理时间）:
      实际时间          0.00 秒
      CPU 时间          0.01 秒
      


NOTE: 从数据集 WORK.EMPTY. 读取了 1 个观测
NOTE: 数据集 WORK.SEM0 有 1 个观测和 1 个变量。
NOTE: “DATA 语句”所用时间（总处理时间）:
      实际时间          0.01 秒
      CPU 时间          0.00 秒
      


NOTE: 从数据集 WORK.EMPTY. 读取了 1 个观测
NOTE: 数据集 WORK.SEM 有 1 个观测和 1 个变量。
NOTE: “DATA 语句”所用时间（总处理时间）:
      实际时间          0.00 秒
      CPU 时间          0.01 秒
      


NOTE: 从数据集 WORK.EMPTY. 读取了 1 个观测
NOTE: 数据集 WORK.SEM1 有 1 个观测和 1 个变量。
NOTE: “DATA 语句”所用时间（总处理时间）:
      实际时间          0.00 秒
      CPU 时间          0.01 秒
      

after PRSNYR

NOTE: 数值已转换为字符值，位置:（行:列）。
      1780:103   
NOTE: 从数据集 S.COVCOMBOINDEX7. 读取了 4 个观测
NOTE: “DATA 语句”所用时间（总处理时间）:
      实际时间          0.00 秒
      CPU 时间          0.00 秒
      


NOTE: 数据集 WORK.PS2 有 48 个观测和 4 个变量。
NOTE: “DATA 语句”所用时间（总处理时间）:
      实际时间          0.00 秒
      CPU 时间          0.00 秒
      


NOTE: 数据集 WORK.CTRLCOVCOMBOINDEXPREV 有 48 个观测和 4 个变量。
NOTE: “DATA 语句”所用时间（总处理时间）:
      实际时间          0.00 秒
      CPU 时间          0.01 秒
      


NOTE: 数值已转换为字符值，位置:（行:列）。
      1780:116   
NOTE: 从数据集 WORK.CTRLCOVCOMBOINDEXPREV. 读取了 48 个观测
NOTE: “DATA 语句”所用时间（总处理时间）:
      实际时间          0.00 秒
      CPU 时间          0.00 秒
      

nCtrlCOVindexPrev =           48

NOTE: 从数据集 S.COVCOMBOINDEX7. 读取了 4 个观测
NOTE: 数据集 S.COVCOMBOINDEX7 有 4 个观测和 3 个变量。
NOTE: “PROCEDURE SORT”所用时间（总处理时间）:
      实际时间          0.00 秒
      CPU 时间          0.01 秒
      


NOTE: 从数据集 S.COVCOMBOINDEX7. 读取了 4 个观测
NOTE: 数据集 WORK.TEMP1 有 2 个观测和 1 个变量。
NOTE: “DATA 语句”所用时间（总处理时间）:
      实际时间          0.00 秒
      CPU 时间          0.00 秒
      


NOTE: 数值已转换为字符值，位置:（行:列）。
      1780:83   
NOTE: 从数据集 WORK.TEMP1. 读取了 2 个观测
NOTE: “DATA 语句”所用时间（总处理时间）:
      实际时间          0.00 秒
      CPU 时间          0.00 秒
      


NOTE: 从数据集 S.COVCOMBOINDEX7. 读取了 4 个观测
NOTE: 数据集 S.COVCOMBOINDEX7 有 4 个观测和 3 个变量。
NOTE: “PROCEDURE SORT”所用时间（总处理时间）:
      实际时间          0.00 秒
      CPU 时间          0.01 秒
      


NOTE: 从数据集 S.COVCOMBOINDEX7. 读取了 4 个观测
NOTE: 数据集 WORK.TEMP2 有 2 个观测和 1 个变量。
NOTE: “DATA 语句”所用时间（总处理时间）:
      实际时间          0.00 秒
      CPU 时间          0.01 秒
      


NOTE: 数值已转换为字符值，位置:（行:列）。
      1780:83   
NOTE: 从数据集 WORK.TEMP2. 读取了 2 个观测
NOTE: “DATA 语句”所用时间（总处理时间）:
      实际时间          0.00 秒
      CPU 时间          0.00 秒
      


NOTE: 数据集 WORK.CTRLCOVCOMBOINDEXTRANS 有 48 个观测和 4 个变量。
NOTE: “DATA 语句”所用时间（总处理时间）:
      实际时间          0.00 秒
      CPU 时间          0.00 秒
      


NOTE: 数值已转换为字符值，位置:（行:列）。
      1780:118   
NOTE: 从数据集 WORK.CTRLCOVCOMBOINDEXTRANS. 读取了 48 个观测
NOTE: “DATA 语句”所用时间（总处理时间）:
      实际时间          0.00 秒
      CPU 时间          0.01 秒
      

nCtrlCOVindexTrans =           48

NOTE: 从数据集 WORK.PS2. 读取了 48 个观测
NOTE: 从数据集 S.BSMPL7. 读取了 4102 个观测
      WHERE (AGE>=74) and (weight>0);
NOTE: 数据集 WORK.PSBACK000 有 3747 个观测和 17 个变量。
NOTE: “DATA 语句”所用时间（总处理时间）:
      实际时间          0.01 秒
      CPU 时间          0.00 秒
      


NOTE: 从数据集 WORK.PSBACK000. 读取了 3747 个观测
NOTE: 数据集 WORK.PSBACK000 有 3747 个观测和 17 个变量。
NOTE: “PROCEDURE SORT”所用时间（总处理时间）:
      实际时间          0.00 秒
      CPU 时间          0.00 秒
      


NOTE: PROC LOGISTIC is fitting the generalized logit model. The logits modeled contrast each response level against the reference level (H='1'). Use the response variable option 
      REF= if you want to change the reference level.
NOTE: Convergence criterion (GCONV=1E-8) satisfied.
NOTE: 从数据集 WORK.PSBACK000. 读取了 3747 个观测
NOTE: 数据集 WORK.PREV 有 3747 个观测和 21 个变量。
NOTE: “PROCEDURE LOGISTIC”所用时间（总处理时间）:
      实际时间          0.06 秒
      CPU 时间          0.06 秒
      


NOTE: 从数据集 WORK.PREV. 读取了 48 个观测
      WHERE CONTROL=1;
NOTE: 数据集 WORK.PREV2 有 48 个观测和 5 个变量。
NOTE: “DATA 语句”所用时间（总处理时间）:
      实际时间          0.02 秒
      CPU 时间          0.03 秒
      


NOTE: 从数据集 WORK.PREV2. 读取了 48 个观测
NOTE: 数据集 WORK.PREV2 有 48 个观测和 5 个变量。
NOTE: “PROCEDURE SORT”所用时间（总处理时间）:
      实际时间          0.00 秒
      CPU 时间          0.00 秒
      


NOTE: 从数据集 S.COVCOMBOINDEX7. 读取了 4 个观测
NOTE: 数据集 S.COVCOMBOINDEX7 有 4 个观测和 3 个变量。
NOTE: “PROCEDURE SORT”所用时间（总处理时间）:
      实际时间          0.00 秒
      CPU 时间          0.01 秒
      


NOTE: 输入数据集已排序，故未进行排序。
NOTE: “PROCEDURE SORT”所用时间（总处理时间）:
      实际时间          0.00 秒
      CPU 时间          0.00 秒
      


NOTE: 从数据集 WORK.PREV2. 读取了 48 个观测
NOTE: 从数据集 S.COVCOMBOINDEX7. 读取了 4 个观测
NOTE: 数据集 WORK.PREV4 有 48 个观测和 6 个变量。
NOTE: “DATA 语句”所用时间（总处理时间）:
      实际时间          0.00 秒
      CPU 时间          0.00 秒
      


NOTE: 数据集 S.BSLE7 有 1 个观测和 1 个变量。
NOTE: “DATA 语句”所用时间（总处理时间）:
      实际时间          0.00 秒
      CPU 时间          0.00 秒
      


NOTE: 数据集 WORK.PLY4 有 1 个观测和 1 个变量。
NOTE: “DATA 语句”所用时间（总处理时间）:
      实际时间          0.00 秒
      CPU 时间          0.01 秒
      


NOTE: 数据集 WORK.SEST 有 96 个观测和 5 个变量。
NOTE: “DATA 语句”所用时间（总处理时间）:
      实际时间          0.00 秒
      CPU 时间          0.00 秒
      


NOTE: 从数据集 WORK.SEST. 读取了 96 个观测
NOTE: 从数据集 WORK.PRSNYR. 读取了 9806 个观测
NOTE: 数据集 WORK.MODEL 有 9902 个观测和 8 个变量。
NOTE: “DATA 语句”所用时间（总处理时间）:
      实际时间          0.00 秒
      CPU 时间          0.01 秒
      


NOTE: 从数据集 WORK.MODEL. 读取了 9902 个观测
NOTE: 数据集 WORK.MODEL 有 9902 个观测和 8 个变量。
NOTE: “PROCEDURE SORT”所用时间（总处理时间）:
      实际时间          0.00 秒
      CPU 时间          0.01 秒
      


NOTE: 从数据集 WORK.TRANSITIONS. 读取了 6 个观测
NOTE: 数据集 WORK.TRANSITIONS 有 6 个观测和 4 个变量。
NOTE: “PROCEDURE SORT”所用时间（总处理时间）:
      实际时间          0.00 秒
      CPU 时间          0.00 秒
      


NOTE: 从数据集 WORK.MODEL. 读取了 9902 个观测
NOTE: 从数据集 WORK.TRANSITIONS. 读取了 6 个观测
NOTE: 数据集 WORK.MODEL 有 9902 个观测和 10 个变量。
NOTE: “DATA 语句”所用时间（总处理时间）:
      实际时间          0.01 秒
      CPU 时间          0.01 秒
      


NOTE: 从数据集 WORK.MODEL. 读取了 9902 个观测
NOTE: 数据集 WORK.MODEL 有 9902 个观测和 10 个变量。
NOTE: “PROCEDURE SORT”所用时间（总处理时间）:
      实际时间          0.01 秒
      CPU 时间          0.01 秒
      


NOTE: 数据集 WORK.PROBS 有 1 个观测和 1 个变量。
NOTE: “DATA 语句”所用时间（总处理时间）:
      实际时间          0.00 秒
      CPU 时间          0.01 秒
      


NOTE: PROC LOGISTIC is fitting the generalized logit model. The logits modeled contrast each response category against the reference category (ENDST=1).
NOTE: Convergence criterion (GCONV=1E-8) satisfied.
NOTE: 从数据集 WORK.MODEL. 读取了 5799 个观测
      WHERE BEGST=1;
NOTE: 数据集 WORK.PROBS1 有 5799 个观测和 15 个变量。
NOTE: “PROCEDURE LOGISTIC”所用时间（总处理时间）:
      实际时间          0.06 秒
      CPU 时间          0.06 秒
      


NOTE: 从数据集 WORK.PROBS. 读取了 1 个观测
NOTE: 从数据集 WORK.PROBS1. 读取了 5799 个观测
NOTE: 数据集 WORK.PROBS 有 5800 个观测和 16 个变量。
NOTE: “DATA 语句”所用时间（总处理时间）:
      实际时间          0.01 秒
      CPU 时间          0.01 秒
      


NOTE: 从数据集 WORK.EMPTY. 读取了 1 个观测
NOTE: 数据集 WORK.PROBS1 有 1 个观测和 1 个变量。
NOTE: “DATA 语句”所用时间（总处理时间）:
      实际时间          0.00 秒
      CPU 时间          0.00 秒
      


NOTE: PROC LOGISTIC is fitting the generalized logit model. The logits modeled contrast each response category against the reference category (ENDST=2).
NOTE: Convergence criterion (GCONV=1E-8) satisfied.
NOTE: 从数据集 WORK.MODEL. 读取了 4100 个观测
      WHERE BEGST=2;
NOTE: 数据集 WORK.PROBS2 有 4100 个观测和 15 个变量。
NOTE: “PROCEDURE LOGISTIC”所用时间（总处理时间）:
      实际时间          0.05 秒
      CPU 时间          0.06 秒
      


NOTE: 从数据集 WORK.PROBS. 读取了 5800 个观测
NOTE: 从数据集 WORK.PROBS2. 读取了 4100 个观测
NOTE: 数据集 WORK.PROBS 有 9900 个观测和 16 个变量。
NOTE: “DATA 语句”所用时间（总处理时间）:
      实际时间          0.00 秒
      CPU 时间          0.00 秒
      


NOTE: 从数据集 WORK.EMPTY. 读取了 1 个观测
NOTE: 数据集 WORK.PROBS2 有 1 个观测和 1 个变量。
NOTE: “DATA 语句”所用时间（总处理时间）:
      实际时间          0.00 秒
      CPU 时间          0.00 秒
      


NOTE: “PROCEDURE PRINTTO”所用时间（总处理时间）:
      实际时间          0.00 秒
      CPU 时间          0.01 秒
      


NOTE: 从数据集 WORK.PROBS. 读取了 96 个观测
      WHERE CONTROL=1;
NOTE: 数据集 WORK.TRANPR 有 96 个观测和 7 个变量。
NOTE: “DATA 语句”所用时间（总处理时间）:
      实际时间          0.00 秒
      CPU 时间          0.00 秒
      


NOTE: 从数据集 WORK.TRANPR. 读取了 96 个观测
NOTE: 数据集 WORK.TRANPR 有 96 个观测和 7 个变量。
NOTE: “PROCEDURE SORT”所用时间（总处理时间）:
      实际时间          0.00 秒
      CPU 时间          0.01 秒
      


NOTE: 输入数据集已排序，故未进行排序。
NOTE: “PROCEDURE SORT”所用时间（总处理时间）:
      实际时间          0.00 秒
      CPU 时间          0.00 秒
      


NOTE: 从数据集 S.COVCOMBOINDEX7. 读取了 4 个观测
NOTE: 从数据集 WORK.TRANPR. 读取了 96 个观测
NOTE: 数据集 WORK.TRANPRCJT002 有 96 个观测和 8 个变量。
NOTE: “DATA 语句”所用时间（总处理时间）:
      实际时间          0.00 秒
      CPU 时间          0.00 秒
      


NOTE: 从数据集 WORK.TRANPRCJT002. 读取了 96 个观测
NOTE: 数据集 WORK.TRANPRCJT002 有 96 个观测和 8 个变量。
NOTE: “PROCEDURE SORT”所用时间（总处理时间）:
      实际时间          0.01 秒
      CPU 时间          0.01 秒
      


NOTE: 从数据集 WORK.EMPTY. 读取了 1 个观测
NOTE: 数据集 WORK.MODEL 有 1 个观测和 1 个变量。
NOTE: “DATA 语句”所用时间（总处理时间）:
      实际时间          0.00 秒
      CPU 时间          0.00 秒
      


NOTE: 从数据集 WORK.EMPTY. 读取了 1 个观测
NOTE: 数据集 WORK.MODEL_CTRLCOV 有 1 个观测和 1 个变量。
NOTE: “DATA 语句”所用时间（总处理时间）:
      实际时间          0.00 秒
      CPU 时间          0.01 秒
      

after MODEL_logit
NOTE: IML Ready
NOTE: 数据集 WORK.SIMSRVP1 有 24 个观测和 3 个变量。
NOTE: Exiting IML.
NOTE: “PROCEDURE IML”所用时间（总处理时间）:
      实际时间          0.05 秒
      CPU 时间          0.06 秒
      


NOTE: 从数据集 WORK.SIMSRVP1. 读取了 24 个观测
NOTE: 数据集 WORK.SIMSRVP1 有 24 个观测和 3 个变量。
NOTE: “DATA 语句”所用时间（总处理时间）:
      实际时间          0.00 秒
      CPU 时间          0.00 秒
      

NOTE: IML Ready
NOTE: 数据集 WORK.PHS74_1P1 有 13000 个观测和 10 个变量。
NOTE: Exiting IML.
NOTE: “PROCEDURE IML”所用时间（总处理时间）:
      实际时间          12.35 秒
      CPU 时间          12.15 秒
      

NOTE: IML Ready
NOTE: 数据集 WORK.PHS74_1P2 有 13000 个观测和 10 个变量。
NOTE: Exiting IML.
NOTE: “PROCEDURE IML”所用时间（总处理时间）:
      实际时间          12.74 秒
      CPU 时间          12.45 秒
      

NOTE: IML Ready
NOTE: 数据集 WORK.PHS74_1P3 有 13000 个观测和 10 个变量。
NOTE: Exiting IML.
NOTE: “PROCEDURE IML”所用时间（总处理时间）:
      实际时间          12.62 秒
      CPU 时间          12.36 秒
      

NOTE: IML Ready
NOTE: 数据集 WORK.PHS74_1P4 有 13000 个观测和 10 个变量。
NOTE: Exiting IML.
NOTE: “PROCEDURE IML”所用时间（总处理时间）:
      实际时间          12.98 秒
      CPU 时间          12.78 秒
      

NOTE: IML Ready
NOTE: 数据集 WORK.PHS74_1P5 有 13000 个观测和 10 个变量。
NOTE: Exiting IML.
NOTE: “PROCEDURE IML”所用时间（总处理时间）:
      实际时间          12.58 秒
      CPU 时间          12.42 秒
      

NOTE: IML Ready
NOTE: 数据集 WORK.PHS74_1P6 有 13000 个观测和 10 个变量。
NOTE: Exiting IML.
NOTE: “PROCEDURE IML”所用时间（总处理时间）:
      实际时间          12.86 秒
      CPU 时间          12.57 秒
      

NOTE: IML Ready
NOTE: 数据集 WORK.PHS74_1P7 有 13000 个观测和 10 个变量。
NOTE: Exiting IML.
NOTE: “PROCEDURE IML”所用时间（总处理时间）:
      实际时间          12.87 秒
      CPU 时间          12.60 秒
      

NOTE: IML Ready
NOTE: 数据集 WORK.PHS74_1P8 有 13000 个观测和 10 个变量。
NOTE: Exiting IML.
NOTE: “PROCEDURE IML”所用时间（总处理时间）:
      实际时间          8.77 秒
      CPU 时间          8.71 秒
      


NOTE: 从数据集 WORK.PHS74_1P1. 读取了 13000 个观测
NOTE: 数据集 WORK.PHS74_1P1 有 13000 个观测和 10 个变量。
NOTE: “DATA 语句”所用时间（总处理时间）:
      实际时间          0.01 秒
      CPU 时间          0.01 秒
      


NOTE: 从数据集 WORK.PHS74_1P1. 读取了 13000 个观测
NOTE: 数据集 WORK.PHS74_1 有 13000 个观测和 10 个变量。
NOTE: “DATA 语句”所用时间（总处理时间）:
      实际时间          0.01 秒
      CPU 时间          0.01 秒
      

NOTE: 从数据集 WORK.EMPTY. 读取了 1 个观测
NOTE: 数据集 WORK.PHS74_1P1 有 1 个观测和 1 个变量。
NOTE: “DATA 语句”所用时间（总处理时间）:
      实际时间          0.00 秒
      CPU 时间          0.01 秒
      


NOTE: 从数据集 WORK.PHS74_1P2. 读取了 13000 个观测
NOTE: 数据集 WORK.PHS74_1P2 有 13000 个观测和 10 个变量。
NOTE: “DATA 语句”所用时间（总处理时间）:
      实际时间          0.00 秒
      CPU 时间          0.00 秒
      


NOTE: 从数据集 WORK.PHS74_1. 读取了 13000 个观测
NOTE: 从数据集 WORK.PHS74_1P2. 读取了 13000 个观测
NOTE: 数据集 WORK.PHS74_1 有 26000 个观测和 10 个变量。
NOTE: “DATA 语句”所用时间（总处理时间）:
      实际时间          0.01 秒
      CPU 时间          0.01 秒
      

NOTE: 从数据集 WORK.EMPTY. 读取了 1 个观测
NOTE: 数据集 WORK.PHS74_1P2 有 1 个观测和 1 个变量。
NOTE: “DATA 语句”所用时间（总处理时间）:
      实际时间          0.00 秒
      CPU 时间          0.00 秒
      


NOTE: 从数据集 WORK.PHS74_1P3. 读取了 13000 个观测
NOTE: 数据集 WORK.PHS74_1P3 有 13000 个观测和 10 个变量。
NOTE: “DATA 语句”所用时间（总处理时间）:
      实际时间          0.00 秒
      CPU 时间          0.01 秒
      


NOTE: 从数据集 WORK.PHS74_1. 读取了 26000 个观测
NOTE: 从数据集 WORK.PHS74_1P3. 读取了 13000 个观测
NOTE: 数据集 WORK.PHS74_1 有 39000 个观测和 10 个变量。
NOTE: “DATA 语句”所用时间（总处理时间）:
      实际时间          0.01 秒
      CPU 时间          0.01 秒
      

NOTE: 从数据集 WORK.EMPTY. 读取了 1 个观测
NOTE: 数据集 WORK.PHS74_1P3 有 1 个观测和 1 个变量。
NOTE: “DATA 语句”所用时间（总处理时间）:
      实际时间          0.00 秒
      CPU 时间          0.01 秒
      


NOTE: 从数据集 WORK.PHS74_1P4. 读取了 13000 个观测
NOTE: 数据集 WORK.PHS74_1P4 有 13000 个观测和 10 个变量。
NOTE: “DATA 语句”所用时间（总处理时间）:
      实际时间          0.00 秒
      CPU 时间          0.00 秒
      


NOTE: 从数据集 WORK.PHS74_1. 读取了 39000 个观测
NOTE: 从数据集 WORK.PHS74_1P4. 读取了 13000 个观测
NOTE: 数据集 WORK.PHS74_1 有 52000 个观测和 10 个变量。
NOTE: “DATA 语句”所用时间（总处理时间）:
      实际时间          0.01 秒
      CPU 时间          0.03 秒
      

NOTE: 从数据集 WORK.EMPTY. 读取了 1 个观测
NOTE: 数据集 WORK.PHS74_1P4 有 1 个观测和 1 个变量。
NOTE: “DATA 语句”所用时间（总处理时间）:
      实际时间          0.01 秒
      CPU 时间          0.00 秒
      


NOTE: 从数据集 WORK.PHS74_1P5. 读取了 13000 个观测
NOTE: 数据集 WORK.PHS74_1P5 有 13000 个观测和 10 个变量。
NOTE: “DATA 语句”所用时间（总处理时间）:
      实际时间          0.01 秒
      CPU 时间          0.01 秒
      


NOTE: 从数据集 WORK.PHS74_1. 读取了 52000 个观测
NOTE: 从数据集 WORK.PHS74_1P5. 读取了 13000 个观测
NOTE: 数据集 WORK.PHS74_1 有 65000 个观测和 10 个变量。
NOTE: “DATA 语句”所用时间（总处理时间）:
      实际时间          0.02 秒
      CPU 时间          0.03 秒
      

NOTE: 从数据集 WORK.EMPTY. 读取了 1 个观测
NOTE: 数据集 WORK.PHS74_1P5 有 1 个观测和 1 个变量。
NOTE: “DATA 语句”所用时间（总处理时间）:
      实际时间          0.01 秒
      CPU 时间          0.00 秒
      


NOTE: 从数据集 WORK.PHS74_1P6. 读取了 13000 个观测
NOTE: 数据集 WORK.PHS74_1P6 有 13000 个观测和 10 个变量。
NOTE: “DATA 语句”所用时间（总处理时间）:
      实际时间          0.01 秒
      CPU 时间          0.01 秒
      


NOTE: 从数据集 WORK.PHS74_1. 读取了 65000 个观测
NOTE: 从数据集 WORK.PHS74_1P6. 读取了 13000 个观测
NOTE: 数据集 WORK.PHS74_1 有 78000 个观测和 10 个变量。
NOTE: “DATA 语句”所用时间（总处理时间）:
      实际时间          0.02 秒
      CPU 时间          0.03 秒
      

NOTE: 从数据集 WORK.EMPTY. 读取了 1 个观测
NOTE: 数据集 WORK.PHS74_1P6 有 1 个观测和 1 个变量。
NOTE: “DATA 语句”所用时间（总处理时间）:
      实际时间          0.01 秒
      CPU 时间          0.00 秒
      


NOTE: 从数据集 WORK.PHS74_1P7. 读取了 13000 个观测
NOTE: 数据集 WORK.PHS74_1P7 有 13000 个观测和 10 个变量。
NOTE: “DATA 语句”所用时间（总处理时间）:
      实际时间          0.01 秒
      CPU 时间          0.00 秒
      


NOTE: 从数据集 WORK.PHS74_1. 读取了 78000 个观测
NOTE: 从数据集 WORK.PHS74_1P7. 读取了 13000 个观测
NOTE: 数据集 WORK.PHS74_1 有 91000 个观测和 10 个变量。
NOTE: “DATA 语句”所用时间（总处理时间）:
      实际时间          0.02 秒
      CPU 时间          0.01 秒
      

NOTE: 从数据集 WORK.EMPTY. 读取了 1 个观测
NOTE: 数据集 WORK.PHS74_1P7 有 1 个观测和 1 个变量。
NOTE: “DATA 语句”所用时间（总处理时间）:
      实际时间          0.01 秒
      CPU 时间          0.01 秒
      


NOTE: 从数据集 WORK.PHS74_1P8. 读取了 13000 个观测
NOTE: 数据集 WORK.PHS74_1P8 有 13000 个观测和 10 个变量。
NOTE: “DATA 语句”所用时间（总处理时间）:
      实际时间          0.01 秒
      CPU 时间          0.01 秒
      


NOTE: 从数据集 WORK.PHS74_1. 读取了 91000 个观测
NOTE: 从数据集 WORK.PHS74_1P8. 读取了 13000 个观测
NOTE: 数据集 WORK.PHS74_1 有 100000 个观测和 10 个变量。
NOTE: “DATA 语句”所用时间（总处理时间）:
      实际时间          0.02 秒
      CPU 时间          0.03 秒
      

NOTE: 从数据集 WORK.EMPTY. 读取了 1 个观测
NOTE: 数据集 WORK.PHS74_1P8 有 1 个观测和 1 个变量。
NOTE: “DATA 语句”所用时间（总处理时间）:
      实际时间          0.01 秒
      CPU 时间          0.01 秒
      


NOTE: 从数据集 WORK.PHS74_1. 读取了 100000 个观测
NOTE: 从数据集 S.COVCOMBOINDEX7. 读取了 1 个观测
      WHERE COVindex=1;
NOTE: 数据集 WORK.PHS74_1 有 100000 个观测和 12 个变量。
NOTE: “DATA 语句”所用时间（总处理时间）:
      实际时间          0.03 秒
      CPU 时间          0.01 秒
      


NOTE: 从数据集 WORK.PHS74_1. 读取了 100000 个观测
NOTE: 数据集 WORK.PHSB74_1 有 632540 个观测和 7 个变量。
NOTE: “DATA 语句”所用时间（总处理时间）:
      实际时间          0.08 秒
      CPU 时间          0.07 秒
      

NOTE: 从数据集 WORK.EMPTY. 读取了 1 个观测
NOTE: 数据集 WORK.PHS74_1 有 1 个观测和 1 个变量。
NOTE: “DATA 语句”所用时间（总处理时间）:
      实际时间          0.01 秒
      CPU 时间          0.00 秒
      


NOTE: 从数据集 WORK.PHSB74_1. 读取了 632540 个观测
NOTE: 数据集 WORK.COMAREC 有 632540 个观测和 7 个变量。
NOTE: “PROCEDURE SORT”所用时间（总处理时间）:
      实际时间          0.17 秒
      CPU 时间          0.40 秒
      


NOTE: 从数据集 WORK.COMAREC. 读取了 632540 个观测
NOTE: 数据集 WORK.COMAREC 有 632540 个观测和 7 个变量。
NOTE: “PROCEDURE SORT”所用时间（总处理时间）:
      实际时间          0.18 秒
      CPU 时间          0.35 秒
      


NOTE: 从数据集 WORK.COMAREC. 读取了 632540 个观测
NOTE: 数据集 WORK.MSPH2 有 532540 个观测和 9 个变量。
NOTE: “DATA 语句”所用时间（总处理时间）:
      实际时间          0.19 秒
      CPU 时间          0.18 秒
      

NOTE: 从数据集 WORK.EMPTY. 读取了 1 个观测
NOTE: 数据集 WORK.PHSB74_1 有 1 个观测和 1 个变量。
NOTE: “DATA 语句”所用时间（总处理时间）:
      实际时间          0.03 秒
      CPU 时间          0.00 秒
      

NOTE: 从数据集 WORK.EMPTY. 读取了 1 个观测
NOTE: 数据集 WORK.COMAREC 有 1 个观测和 1 个变量。
NOTE: “DATA 语句”所用时间（总处理时间）:
      实际时间          0.02 秒
      CPU 时间          0.03 秒
      


NOTE: 从数据集 WORK.MSPH2. 读取了 532540 个观测
NOTE: 数据集 WORK.PHS 有 100000 个观测和 4 个变量。
NOTE: “DATA 语句”所用时间（总处理时间）:
      实际时间          0.08 秒
      CPU 时间          0.07 秒
      


NOTE: 从数据集 WORK.MSPH2. 读取了 532540 个观测
NOTE: 从数据集 WORK.PHS. 读取了 100000 个观测
NOTE: 数据集 WORK.MSP74_1H3 有 100000 个观测和 14 个变量。
NOTE: “DATA 语句”所用时间（总处理时间）:
      实际时间          0.13 秒
      CPU 时间          0.10 秒
      


NOTE: 从数据集 WORK.MSP74_1H3. 读取了 100000 个观测
NOTE: 数据集 WORK.MEDLE74 有 24 个观测和 9 个变量。
NOTE: “PROCEDURE MEANS”所用时间（总处理时间）:
      实际时间          0.06 秒
      CPU 时间          0.07 秒
      


NOTE: 从数据集 WORK.MEDLE74. 读取了 3 个观测
      WHERE _TYPE_ in (14, 15);
NOTE: 数据集 WORK.MEDLE74_1 有 3 个观测和 11 个变量。
NOTE: “DATA 语句”所用时间（总处理时间）:
      实际时间          0.01 秒
      CPU 时间          0.00 秒
      

NOTE: IML Ready
NOTE: 数据集 WORK.SIMSRVP2 有 24 个观测和 3 个变量。
NOTE: Exiting IML.
NOTE: “PROCEDURE IML”所用时间（总处理时间）:
      实际时间          0.02 秒
      CPU 时间          0.00 秒
      


NOTE: 从数据集 WORK.SIMSRVP2. 读取了 24 个观测
NOTE: 数据集 WORK.SIMSRVP2 有 24 个观测和 3 个变量。
NOTE: “DATA 语句”所用时间（总处理时间）:
      实际时间          0.01 秒
      CPU 时间          0.00 秒
      

NOTE: IML Ready
NOTE: 数据集 WORK.PHS74_2P1 有 13000 个观测和 10 个变量。
NOTE: Exiting IML.
NOTE: “PROCEDURE IML”所用时间（总处理时间）:
      实际时间          12.87 秒
      CPU 时间          12.70 秒
      

NOTE: IML Ready
NOTE: 数据集 WORK.PHS74_2P2 有 13000 个观测和 10 个变量。
NOTE: Exiting IML.
NOTE: “PROCEDURE IML”所用时间（总处理时间）:
      实际时间          12.57 秒
      CPU 时间          12.42 秒
      

NOTE: IML Ready
NOTE: 数据集 WORK.PHS74_2P3 有 13000 个观测和 10 个变量。
NOTE: Exiting IML.
NOTE: “PROCEDURE IML”所用时间（总处理时间）:
      实际时间          12.78 秒
      CPU 时间          12.53 秒
      

NOTE: IML Ready
NOTE: 数据集 WORK.PHS74_2P4 有 13000 个观测和 10 个变量。
NOTE: Exiting IML.
NOTE: “PROCEDURE IML”所用时间（总处理时间）:
      实际时间          12.33 秒
      CPU 时间          12.07 秒
      

NOTE: IML Ready
NOTE: 数据集 WORK.PHS74_2P5 有 13000 个观测和 10 个变量。
NOTE: Exiting IML.
NOTE: “PROCEDURE IML”所用时间（总处理时间）:
      实际时间          12.28 秒
      CPU 时间          12.12 秒
      

NOTE: IML Ready
NOTE: 数据集 WORK.PHS74_2P6 有 13000 个观测和 10 个变量。
NOTE: Exiting IML.
NOTE: “PROCEDURE IML”所用时间（总处理时间）:
      实际时间          12.11 秒
      CPU 时间          11.85 秒
      

NOTE: IML Ready
NOTE: 数据集 WORK.PHS74_2P7 有 13000 个观测和 10 个变量。
NOTE: Exiting IML.
NOTE: “PROCEDURE IML”所用时间（总处理时间）:
      实际时间          12.09 秒
      CPU 时间          11.93 秒
      

NOTE: IML Ready
NOTE: 数据集 WORK.PHS74_2P8 有 13000 个观测和 10 个变量。
NOTE: Exiting IML.
NOTE: “PROCEDURE IML”所用时间（总处理时间）:
      实际时间          8.54 秒
      CPU 时间          8.42 秒
      


NOTE: 从数据集 WORK.PHS74_2P1. 读取了 13000 个观测
NOTE: 数据集 WORK.PHS74_2P1 有 13000 个观测和 10 个变量。
NOTE: “DATA 语句”所用时间（总处理时间）:
      实际时间          0.01 秒
      CPU 时间          0.01 秒
      


NOTE: 从数据集 WORK.PHS74_2P1. 读取了 13000 个观测
NOTE: 数据集 WORK.PHS74_2 有 13000 个观测和 10 个变量。
NOTE: “DATA 语句”所用时间（总处理时间）:
      实际时间          0.00 秒
      CPU 时间          0.01 秒
      

NOTE: 从数据集 WORK.EMPTY. 读取了 1 个观测
NOTE: 数据集 WORK.PHS74_2P1 有 1 个观测和 1 个变量。
NOTE: “DATA 语句”所用时间（总处理时间）:
      实际时间          0.00 秒
      CPU 时间          0.00 秒
      


NOTE: 从数据集 WORK.PHS74_2P2. 读取了 13000 个观测
NOTE: 数据集 WORK.PHS74_2P2 有 13000 个观测和 10 个变量。
NOTE: “DATA 语句”所用时间（总处理时间）:
      实际时间          0.00 秒
      CPU 时间          0.01 秒
      


NOTE: 从数据集 WORK.PHS74_2. 读取了 13000 个观测
NOTE: 从数据集 WORK.PHS74_2P2. 读取了 13000 个观测
NOTE: 数据集 WORK.PHS74_2 有 26000 个观测和 10 个变量。
NOTE: “DATA 语句”所用时间（总处理时间）:
      实际时间          0.01 秒
      CPU 时间          0.01 秒
      

NOTE: 从数据集 WORK.EMPTY. 读取了 1 个观测
NOTE: 数据集 WORK.PHS74_2P2 有 1 个观测和 1 个变量。
NOTE: “DATA 语句”所用时间（总处理时间）:
      实际时间          0.00 秒
      CPU 时间          0.00 秒
      


NOTE: 从数据集 WORK.PHS74_2P3. 读取了 13000 个观测
NOTE: 数据集 WORK.PHS74_2P3 有 13000 个观测和 10 个变量。
NOTE: “DATA 语句”所用时间（总处理时间）:
      实际时间          0.01 秒
      CPU 时间          0.01 秒
      


NOTE: 从数据集 WORK.PHS74_2. 读取了 26000 个观测
NOTE: 从数据集 WORK.PHS74_2P3. 读取了 13000 个观测
NOTE: 数据集 WORK.PHS74_2 有 39000 个观测和 10 个变量。
NOTE: “DATA 语句”所用时间（总处理时间）:
      实际时间          0.01 秒
      CPU 时间          0.01 秒
      

NOTE: 从数据集 WORK.EMPTY. 读取了 1 个观测
NOTE: 数据集 WORK.PHS74_2P3 有 1 个观测和 1 个变量。
NOTE: “DATA 语句”所用时间（总处理时间）:
      实际时间          0.00 秒
      CPU 时间          0.01 秒
      


NOTE: 从数据集 WORK.PHS74_2P4. 读取了 13000 个观测
NOTE: 数据集 WORK.PHS74_2P4 有 13000 个观测和 10 个变量。
NOTE: “DATA 语句”所用时间（总处理时间）:
      实际时间          0.00 秒
      CPU 时间          0.00 秒
      


NOTE: 从数据集 WORK.PHS74_2. 读取了 39000 个观测
NOTE: 从数据集 WORK.PHS74_2P4. 读取了 13000 个观测
NOTE: 数据集 WORK.PHS74_2 有 52000 个观测和 10 个变量。
NOTE: “DATA 语句”所用时间（总处理时间）:
      实际时间          0.01 秒
      CPU 时间          0.01 秒
      

NOTE: 从数据集 WORK.EMPTY. 读取了 1 个观测
NOTE: 数据集 WORK.PHS74_2P4 有 1 个观测和 1 个变量。
NOTE: “DATA 语句”所用时间（总处理时间）:
      实际时间          0.00 秒
      CPU 时间          0.01 秒
      


NOTE: 从数据集 WORK.PHS74_2P5. 读取了 13000 个观测
NOTE: 数据集 WORK.PHS74_2P5 有 13000 个观测和 10 个变量。
NOTE: “DATA 语句”所用时间（总处理时间）:
      实际时间          0.00 秒
      CPU 时间          0.00 秒
      


NOTE: 从数据集 WORK.PHS74_2. 读取了 52000 个观测
NOTE: 从数据集 WORK.PHS74_2P5. 读取了 13000 个观测
NOTE: 数据集 WORK.PHS74_2 有 65000 个观测和 10 个变量。
NOTE: “DATA 语句”所用时间（总处理时间）:
      实际时间          0.01 秒
      CPU 时间          0.00 秒
      

NOTE: 从数据集 WORK.EMPTY. 读取了 1 个观测
NOTE: 数据集 WORK.PHS74_2P5 有 1 个观测和 1 个变量。
NOTE: “DATA 语句”所用时间（总处理时间）:
      实际时间          0.00 秒
      CPU 时间          0.00 秒
      


NOTE: 从数据集 WORK.PHS74_2P6. 读取了 13000 个观测
NOTE: 数据集 WORK.PHS74_2P6 有 13000 个观测和 10 个变量。
NOTE: “DATA 语句”所用时间（总处理时间）:
      实际时间          0.01 秒
      CPU 时间          0.01 秒
      


NOTE: 从数据集 WORK.PHS74_2. 读取了 65000 个观测
NOTE: 从数据集 WORK.PHS74_2P6. 读取了 13000 个观测
NOTE: 数据集 WORK.PHS74_2 有 78000 个观测和 10 个变量。
NOTE: “DATA 语句”所用时间（总处理时间）:
      实际时间          0.02 秒
      CPU 时间          0.01 秒
      

NOTE: 从数据集 WORK.EMPTY. 读取了 1 个观测
NOTE: 数据集 WORK.PHS74_2P6 有 1 个观测和 1 个变量。
NOTE: “DATA 语句”所用时间（总处理时间）:
      实际时间          0.00 秒
      CPU 时间          0.01 秒
      


NOTE: 从数据集 WORK.PHS74_2P7. 读取了 13000 个观测
NOTE: 数据集 WORK.PHS74_2P7 有 13000 个观测和 10 个变量。
NOTE: “DATA 语句”所用时间（总处理时间）:
      实际时间          0.01 秒
      CPU 时间          0.01 秒
      


NOTE: 从数据集 WORK.PHS74_2. 读取了 78000 个观测
NOTE: 从数据集 WORK.PHS74_2P7. 读取了 13000 个观测
NOTE: 数据集 WORK.PHS74_2 有 91000 个观测和 10 个变量。
NOTE: “DATA 语句”所用时间（总处理时间）:
      实际时间          0.02 秒
      CPU 时间          0.01 秒
      

NOTE: 从数据集 WORK.EMPTY. 读取了 1 个观测
NOTE: 数据集 WORK.PHS74_2P7 有 1 个观测和 1 个变量。
NOTE: “DATA 语句”所用时间（总处理时间）:
      实际时间          0.00 秒
      CPU 时间          0.00 秒
      


NOTE: 从数据集 WORK.PHS74_2P8. 读取了 13000 个观测
NOTE: 数据集 WORK.PHS74_2P8 有 13000 个观测和 10 个变量。
NOTE: “DATA 语句”所用时间（总处理时间）:
      实际时间          0.00 秒
      CPU 时间          0.01 秒
      


NOTE: 从数据集 WORK.PHS74_2. 读取了 91000 个观测
NOTE: 从数据集 WORK.PHS74_2P8. 读取了 13000 个观测
NOTE: 数据集 WORK.PHS74_2 有 100000 个观测和 10 个变量。
NOTE: “DATA 语句”所用时间（总处理时间）:
      实际时间          0.02 秒
      CPU 时间          0.03 秒
      

NOTE: 从数据集 WORK.EMPTY. 读取了 1 个观测
NOTE: 数据集 WORK.PHS74_2P8 有 1 个观测和 1 个变量。
NOTE: “DATA 语句”所用时间（总处理时间）:
      实际时间          0.00 秒
      CPU 时间          0.00 秒
      


NOTE: 从数据集 WORK.PHS74_2. 读取了 100000 个观测
NOTE: 从数据集 S.COVCOMBOINDEX7. 读取了 1 个观测
      WHERE COVindex=2;
NOTE: 数据集 WORK.PHS74_2 有 100000 个观测和 12 个变量。
NOTE: “DATA 语句”所用时间（总处理时间）:
      实际时间          0.03 秒
      CPU 时间          0.03 秒
      


NOTE: 从数据集 WORK.PHS74_2. 读取了 100000 个观测
NOTE: 数据集 WORK.PHSB74_2 有 629767 个观测和 7 个变量。
NOTE: “DATA 语句”所用时间（总处理时间）:
      实际时间          0.05 秒
      CPU 时间          0.06 秒
      

NOTE: 从数据集 WORK.EMPTY. 读取了 1 个观测
NOTE: 数据集 WORK.PHS74_2 有 1 个观测和 1 个变量。
NOTE: “DATA 语句”所用时间（总处理时间）:
      实际时间          0.01 秒
      CPU 时间          0.01 秒
      


NOTE: 从数据集 WORK.PHSB74_2. 读取了 629767 个观测
NOTE: 数据集 WORK.COMAREC 有 629767 个观测和 7 个变量。
NOTE: “PROCEDURE SORT”所用时间（总处理时间）:
      实际时间          0.17 秒
      CPU 时间          0.40 秒
      


NOTE: 从数据集 WORK.COMAREC. 读取了 629767 个观测
NOTE: 数据集 WORK.COMAREC 有 629767 个观测和 7 个变量。
NOTE: “PROCEDURE SORT”所用时间（总处理时间）:
      实际时间          0.16 秒
      CPU 时间          0.39 秒
      


NOTE: 从数据集 WORK.COMAREC. 读取了 629767 个观测
NOTE: 数据集 WORK.MSPH2 有 529767 个观测和 9 个变量。
NOTE: “DATA 语句”所用时间（总处理时间）:
      实际时间          0.12 秒
      CPU 时间          0.11 秒
      

NOTE: 从数据集 WORK.EMPTY. 读取了 1 个观测
NOTE: 数据集 WORK.PHSB74_2 有 1 个观测和 1 个变量。
NOTE: “DATA 语句”所用时间（总处理时间）:
      实际时间          0.01 秒
      CPU 时间          0.01 秒
      

NOTE: 从数据集 WORK.EMPTY. 读取了 1 个观测
NOTE: 数据集 WORK.COMAREC 有 1 个观测和 1 个变量。
NOTE: “DATA 语句”所用时间（总处理时间）:
      实际时间          0.01 秒
      CPU 时间          0.01 秒
      


NOTE: 从数据集 WORK.MSPH2. 读取了 529767 个观测
NOTE: 数据集 WORK.PHS 有 100000 个观测和 4 个变量。
NOTE: “DATA 语句”所用时间（总处理时间）:
      实际时间          0.05 秒
      CPU 时间          0.06 秒
      


NOTE: 从数据集 WORK.MSPH2. 读取了 529767 个观测
NOTE: 从数据集 WORK.PHS. 读取了 100000 个观测
NOTE: 数据集 WORK.MSP74_2H3 有 100000 个观测和 14 个变量。
NOTE: “DATA 语句”所用时间（总处理时间）:
      实际时间          0.10 秒
      CPU 时间          0.09 秒
      


NOTE: 从数据集 WORK.MSP74_2H3. 读取了 100000 个观测
NOTE: 数据集 WORK.MEDLE74 有 24 个观测和 9 个变量。
NOTE: “PROCEDURE MEANS”所用时间（总处理时间）:
      实际时间          0.05 秒
      CPU 时间          0.09 秒
      


NOTE: 从数据集 WORK.MEDLE74. 读取了 3 个观测
      WHERE _TYPE_ in (14, 15);
NOTE: 数据集 WORK.MEDLE74_2 有 3 个观测和 11 个变量。
NOTE: “DATA 语句”所用时间（总处理时间）:
      实际时间          0.00 秒
      CPU 时间          0.00 秒
      

NOTE: IML Ready
NOTE: 数据集 WORK.SIMSRVP3 有 24 个观测和 3 个变量。
NOTE: Exiting IML.
NOTE: “PROCEDURE IML”所用时间（总处理时间）:
      实际时间          0.01 秒
      CPU 时间          0.01 秒
      


NOTE: 从数据集 WORK.SIMSRVP3. 读取了 24 个观测
NOTE: 数据集 WORK.SIMSRVP3 有 24 个观测和 3 个变量。
NOTE: “DATA 语句”所用时间（总处理时间）:
      实际时间          0.00 秒
      CPU 时间          0.01 秒
      

NOTE: IML Ready
NOTE: 数据集 WORK.PHS74_3P1 有 13000 个观测和 10 个变量。
NOTE: Exiting IML.
NOTE: “PROCEDURE IML”所用时间（总处理时间）:
      实际时间          12.28 秒
      CPU 时间          12.14 秒
      

NOTE: IML Ready
NOTE: 数据集 WORK.PHS74_3P2 有 13000 个观测和 10 个变量。
NOTE: Exiting IML.
NOTE: “PROCEDURE IML”所用时间（总处理时间）:
      实际时间          12.34 秒
      CPU 时间          12.26 秒
      

NOTE: IML Ready
NOTE: 数据集 WORK.PHS74_3P3 有 13000 个观测和 10 个变量。
NOTE: Exiting IML.
NOTE: “PROCEDURE IML”所用时间（总处理时间）:
      实际时间          12.18 秒
      CPU 时间          12.04 秒
      

NOTE: IML Ready
NOTE: 数据集 WORK.PHS74_3P4 有 13000 个观测和 10 个变量。
NOTE: Exiting IML.
NOTE: “PROCEDURE IML”所用时间（总处理时间）:
      实际时间          12.33 秒
      CPU 时间          12.15 秒
      

NOTE: IML Ready
NOTE: 数据集 WORK.PHS74_3P5 有 13000 个观测和 10 个变量。
NOTE: Exiting IML.
NOTE: “PROCEDURE IML”所用时间（总处理时间）:
      实际时间          12.44 秒
      CPU 时间          12.18 秒
      

NOTE: IML Ready
NOTE: 数据集 WORK.PHS74_3P6 有 13000 个观测和 10 个变量。
NOTE: Exiting IML.
NOTE: “PROCEDURE IML”所用时间（总处理时间）:
      实际时间          12.33 秒
      CPU 时间          12.20 秒
      

NOTE: IML Ready
NOTE: 数据集 WORK.PHS74_3P7 有 13000 个观测和 10 个变量。
NOTE: Exiting IML.
NOTE: “PROCEDURE IML”所用时间（总处理时间）:
      实际时间          12.25 秒
      CPU 时间          12.15 秒
      

NOTE: IML Ready
NOTE: 数据集 WORK.PHS74_3P8 有 13000 个观测和 10 个变量。
NOTE: Exiting IML.
NOTE: “PROCEDURE IML”所用时间（总处理时间）:
      实际时间          9.00 秒
      CPU 时间          8.84 秒
      


NOTE: 从数据集 WORK.PHS74_3P1. 读取了 13000 个观测
NOTE: 数据集 WORK.PHS74_3P1 有 13000 个观测和 10 个变量。
NOTE: “DATA 语句”所用时间（总处理时间）:
      实际时间          0.01 秒
      CPU 时间          0.01 秒
      


NOTE: 从数据集 WORK.PHS74_3P1. 读取了 13000 个观测
NOTE: 数据集 WORK.PHS74_3 有 13000 个观测和 10 个变量。
NOTE: “DATA 语句”所用时间（总处理时间）:
      实际时间          0.01 秒
      CPU 时间          0.01 秒
      

NOTE: 从数据集 WORK.EMPTY. 读取了 1 个观测
NOTE: 数据集 WORK.PHS74_3P1 有 1 个观测和 1 个变量。
NOTE: “DATA 语句”所用时间（总处理时间）:
      实际时间          0.01 秒
      CPU 时间          0.01 秒
      


NOTE: 从数据集 WORK.PHS74_3P2. 读取了 13000 个观测
NOTE: 数据集 WORK.PHS74_3P2 有 13000 个观测和 10 个变量。
NOTE: “DATA 语句”所用时间（总处理时间）:
      实际时间          0.01 秒
      CPU 时间          0.01 秒
      


NOTE: 从数据集 WORK.PHS74_3. 读取了 13000 个观测
NOTE: 从数据集 WORK.PHS74_3P2. 读取了 13000 个观测
NOTE: 数据集 WORK.PHS74_3 有 26000 个观测和 10 个变量。
NOTE: “DATA 语句”所用时间（总处理时间）:
      实际时间          0.01 秒
      CPU 时间          0.01 秒
      

NOTE: 从数据集 WORK.EMPTY. 读取了 1 个观测
NOTE: 数据集 WORK.PHS74_3P2 有 1 个观测和 1 个变量。
NOTE: “DATA 语句”所用时间（总处理时间）:
      实际时间          0.00 秒
      CPU 时间          0.01 秒
      


NOTE: 从数据集 WORK.PHS74_3P3. 读取了 13000 个观测
NOTE: 数据集 WORK.PHS74_3P3 有 13000 个观测和 10 个变量。
NOTE: “DATA 语句”所用时间（总处理时间）:
      实际时间          0.01 秒
      CPU 时间          0.01 秒
      


NOTE: 从数据集 WORK.PHS74_3. 读取了 26000 个观测
NOTE: 从数据集 WORK.PHS74_3P3. 读取了 13000 个观测
NOTE: 数据集 WORK.PHS74_3 有 39000 个观测和 10 个变量。
NOTE: “DATA 语句”所用时间（总处理时间）:
      实际时间          0.01 秒
      CPU 时间          0.01 秒
      

NOTE: 从数据集 WORK.EMPTY. 读取了 1 个观测
NOTE: 数据集 WORK.PHS74_3P3 有 1 个观测和 1 个变量。
NOTE: “DATA 语句”所用时间（总处理时间）:
      实际时间          0.00 秒
      CPU 时间          0.00 秒
      


NOTE: 从数据集 WORK.PHS74_3P4. 读取了 13000 个观测
NOTE: 数据集 WORK.PHS74_3P4 有 13000 个观测和 10 个变量。
NOTE: “DATA 语句”所用时间（总处理时间）:
      实际时间          0.01 秒
      CPU 时间          0.01 秒
      


NOTE: 从数据集 WORK.PHS74_3. 读取了 39000 个观测
NOTE: 从数据集 WORK.PHS74_3P4. 读取了 13000 个观测
NOTE: 数据集 WORK.PHS74_3 有 52000 个观测和 10 个变量。
NOTE: “DATA 语句”所用时间（总处理时间）:
      实际时间          0.02 秒
      CPU 时间          0.03 秒
      

NOTE: 从数据集 WORK.EMPTY. 读取了 1 个观测
NOTE: 数据集 WORK.PHS74_3P4 有 1 个观测和 1 个变量。
NOTE: “DATA 语句”所用时间（总处理时间）:
      实际时间          0.01 秒
      CPU 时间          0.01 秒
      


NOTE: 从数据集 WORK.PHS74_3P5. 读取了 13000 个观测
NOTE: 数据集 WORK.PHS74_3P5 有 13000 个观测和 10 个变量。
NOTE: “DATA 语句”所用时间（总处理时间）:
      实际时间          0.01 秒
      CPU 时间          0.01 秒
      


NOTE: 从数据集 WORK.PHS74_3. 读取了 52000 个观测
NOTE: 从数据集 WORK.PHS74_3P5. 读取了 13000 个观测
NOTE: 数据集 WORK.PHS74_3 有 65000 个观测和 10 个变量。
NOTE: “DATA 语句”所用时间（总处理时间）:
      实际时间          0.02 秒
      CPU 时间          0.01 秒
      

NOTE: 从数据集 WORK.EMPTY. 读取了 1 个观测
NOTE: 数据集 WORK.PHS74_3P5 有 1 个观测和 1 个变量。
NOTE: “DATA 语句”所用时间（总处理时间）:
      实际时间          0.01 秒
      CPU 时间          0.01 秒
      


NOTE: 从数据集 WORK.PHS74_3P6. 读取了 13000 个观测
NOTE: 数据集 WORK.PHS74_3P6 有 13000 个观测和 10 个变量。
NOTE: “DATA 语句”所用时间（总处理时间）:
      实际时间          0.01 秒
      CPU 时间          0.01 秒
      


NOTE: 从数据集 WORK.PHS74_3. 读取了 65000 个观测
NOTE: 从数据集 WORK.PHS74_3P6. 读取了 13000 个观测
NOTE: 数据集 WORK.PHS74_3 有 78000 个观测和 10 个变量。
NOTE: “DATA 语句”所用时间（总处理时间）:
      实际时间          0.02 秒
      CPU 时间          0.03 秒
      

NOTE: 从数据集 WORK.EMPTY. 读取了 1 个观测
NOTE: 数据集 WORK.PHS74_3P6 有 1 个观测和 1 个变量。
NOTE: “DATA 语句”所用时间（总处理时间）:
      实际时间          0.01 秒
      CPU 时间          0.01 秒
      


NOTE: 从数据集 WORK.PHS74_3P7. 读取了 13000 个观测
NOTE: 数据集 WORK.PHS74_3P7 有 13000 个观测和 10 个变量。
NOTE: “DATA 语句”所用时间（总处理时间）:
      实际时间          0.01 秒
      CPU 时间          0.00 秒
      


NOTE: 从数据集 WORK.PHS74_3. 读取了 78000 个观测
NOTE: 从数据集 WORK.PHS74_3P7. 读取了 13000 个观测
NOTE: 数据集 WORK.PHS74_3 有 91000 个观测和 10 个变量。
NOTE: “DATA 语句”所用时间（总处理时间）:
      实际时间          0.02 秒
      CPU 时间          0.01 秒
      

NOTE: 从数据集 WORK.EMPTY. 读取了 1 个观测
NOTE: 数据集 WORK.PHS74_3P7 有 1 个观测和 1 个变量。
NOTE: “DATA 语句”所用时间（总处理时间）:
      实际时间          0.01 秒
      CPU 时间          0.01 秒
      


NOTE: 从数据集 WORK.PHS74_3P8. 读取了 13000 个观测
NOTE: 数据集 WORK.PHS74_3P8 有 13000 个观测和 10 个变量。
NOTE: “DATA 语句”所用时间（总处理时间）:
      实际时间          0.01 秒
      CPU 时间          0.00 秒
      


NOTE: 从数据集 WORK.PHS74_3. 读取了 91000 个观测
NOTE: 从数据集 WORK.PHS74_3P8. 读取了 13000 个观测
NOTE: 数据集 WORK.PHS74_3 有 100000 个观测和 10 个变量。
NOTE: “DATA 语句”所用时间（总处理时间）:
      实际时间          0.02 秒
      CPU 时间          0.01 秒
      

NOTE: 从数据集 WORK.EMPTY. 读取了 1 个观测
NOTE: 数据集 WORK.PHS74_3P8 有 1 个观测和 1 个变量。
NOTE: “DATA 语句”所用时间（总处理时间）:
      实际时间          0.00 秒
      CPU 时间          0.00 秒
      


NOTE: 从数据集 WORK.PHS74_3. 读取了 100000 个观测
NOTE: 从数据集 S.COVCOMBOINDEX7. 读取了 1 个观测
      WHERE COVindex=3;
NOTE: 数据集 WORK.PHS74_3 有 100000 个观测和 12 个变量。
NOTE: “DATA 语句”所用时间（总处理时间）:
      实际时间          0.03 秒
      CPU 时间          0.04 秒
      


NOTE: 从数据集 WORK.PHS74_3. 读取了 100000 个观测
NOTE: 数据集 WORK.PHSB74_3 有 640658 个观测和 7 个变量。
NOTE: “DATA 语句”所用时间（总处理时间）:
      实际时间          0.09 秒
      CPU 时间          0.09 秒
      

NOTE: 从数据集 WORK.EMPTY. 读取了 1 个观测
NOTE: 数据集 WORK.PHS74_3 有 1 个观测和 1 个变量。
NOTE: “DATA 语句”所用时间（总处理时间）:
      实际时间          0.01 秒
      CPU 时间          0.00 秒
      


NOTE: 从数据集 WORK.PHSB74_3. 读取了 640658 个观测
NOTE: 数据集 WORK.COMAREC 有 640658 个观测和 7 个变量。
NOTE: “PROCEDURE SORT”所用时间（总处理时间）:
      实际时间          0.14 秒
      CPU 时间          0.35 秒
      


NOTE: 从数据集 WORK.COMAREC. 读取了 640658 个观测
NOTE: 数据集 WORK.COMAREC 有 640658 个观测和 7 个变量。
NOTE: “PROCEDURE SORT”所用时间（总处理时间）:
      实际时间          0.15 秒
      CPU 时间          0.35 秒
      


NOTE: 从数据集 WORK.COMAREC. 读取了 640658 个观测
NOTE: 数据集 WORK.MSPH2 有 540658 个观测和 9 个变量。
NOTE: “DATA 语句”所用时间（总处理时间）:
      实际时间          0.15 秒
      CPU 时间          0.14 秒
      

NOTE: 从数据集 WORK.EMPTY. 读取了 1 个观测
NOTE: 数据集 WORK.PHSB74_3 有 1 个观测和 1 个变量。
NOTE: “DATA 语句”所用时间（总处理时间）:
      实际时间          0.02 秒
      CPU 时间          0.00 秒
      

NOTE: 从数据集 WORK.EMPTY. 读取了 1 个观测
NOTE: 数据集 WORK.COMAREC 有 1 个观测和 1 个变量。
NOTE: “DATA 语句”所用时间（总处理时间）:
      实际时间          0.02 秒
      CPU 时间          0.03 秒
      


NOTE: 从数据集 WORK.MSPH2. 读取了 540658 个观测
NOTE: 数据集 WORK.PHS 有 100000 个观测和 4 个变量。
NOTE: “DATA 语句”所用时间（总处理时间）:
      实际时间          0.08 秒
      CPU 时间          0.07 秒
      


NOTE: 从数据集 WORK.MSPH2. 读取了 540658 个观测
NOTE: 从数据集 WORK.PHS. 读取了 100000 个观测
NOTE: 数据集 WORK.MSP74_3H3 有 100000 个观测和 14 个变量。
NOTE: “DATA 语句”所用时间（总处理时间）:
      实际时间          0.13 秒
      CPU 时间          0.12 秒
      


NOTE: 从数据集 WORK.MSP74_3H3. 读取了 100000 个观测
NOTE: 数据集 WORK.MEDLE74 有 24 个观测和 9 个变量。
NOTE: “PROCEDURE MEANS”所用时间（总处理时间）:
      实际时间          0.05 秒
      CPU 时间          0.06 秒
      


NOTE: 从数据集 WORK.MEDLE74. 读取了 3 个观测
      WHERE _TYPE_ in (14, 15);
NOTE: 数据集 WORK.MEDLE74_3 有 3 个观测和 11 个变量。
NOTE: “DATA 语句”所用时间（总处理时间）:
      实际时间          0.02 秒
      CPU 时间          0.01 秒
      

NOTE: IML Ready
NOTE: 数据集 WORK.SIMSRVP4 有 24 个观测和 3 个变量。
NOTE: Exiting IML.
NOTE: “PROCEDURE IML”所用时间（总处理时间）:
      实际时间          0.03 秒
      CPU 时间          0.01 秒
      


NOTE: 从数据集 WORK.SIMSRVP4. 读取了 24 个观测
NOTE: 数据集 WORK.SIMSRVP4 有 24 个观测和 3 个变量。
NOTE: “DATA 语句”所用时间（总处理时间）:
      实际时间          0.01 秒
      CPU 时间          0.01 秒
      

NOTE: IML Ready
NOTE: 数据集 WORK.PHS74_4P1 有 13000 个观测和 10 个变量。
NOTE: Exiting IML.
NOTE: “PROCEDURE IML”所用时间（总处理时间）:
      实际时间          13.22 秒
      CPU 时间          12.90 秒
      

NOTE: IML Ready
NOTE: 数据集 WORK.PHS74_4P2 有 13000 个观测和 10 个变量。
NOTE: Exiting IML.
NOTE: “PROCEDURE IML”所用时间（总处理时间）:
      实际时间          13.48 秒
      CPU 时间          13.07 秒
      

NOTE: IML Ready
NOTE: 数据集 WORK.PHS74_4P3 有 13000 个观测和 10 个变量。
NOTE: Exiting IML.
NOTE: “PROCEDURE IML”所用时间（总处理时间）:
      实际时间          12.38 秒
      CPU 时间          12.26 秒
      

NOTE: IML Ready
NOTE: 数据集 WORK.PHS74_4P4 有 13000 个观测和 10 个变量。
NOTE: Exiting IML.
NOTE: “PROCEDURE IML”所用时间（总处理时间）:
      实际时间          12.35 秒
      CPU 时间          12.25 秒
      

NOTE: IML Ready
NOTE: 数据集 WORK.PHS74_4P5 有 13000 个观测和 10 个变量。
NOTE: Exiting IML.
NOTE: “PROCEDURE IML”所用时间（总处理时间）:
      实际时间          12.22 秒
      CPU 时间          12.09 秒
      

NOTE: IML Ready
NOTE: 数据集 WORK.PHS74_4P6 有 13000 个观测和 10 个变量。
NOTE: Exiting IML.
NOTE: “PROCEDURE IML”所用时间（总处理时间）:
      实际时间          12.25 秒
      CPU 时间          12.11 秒
      

NOTE: IML Ready
NOTE: 数据集 WORK.PHS74_4P7 有 13000 个观测和 10 个变量。
NOTE: Exiting IML.
NOTE: “PROCEDURE IML”所用时间（总处理时间）:
      实际时间          12.20 秒
      CPU 时间          12.09 秒
      

NOTE: IML Ready
NOTE: 数据集 WORK.PHS74_4P8 有 13000 个观测和 10 个变量。
NOTE: Exiting IML.
NOTE: “PROCEDURE IML”所用时间（总处理时间）:
      实际时间          8.53 秒
      CPU 时间          8.49 秒
      


NOTE: 从数据集 WORK.PHS74_4P1. 读取了 13000 个观测
NOTE: 数据集 WORK.PHS74_4P1 有 13000 个观测和 10 个变量。
NOTE: “DATA 语句”所用时间（总处理时间）:
      实际时间          0.01 秒
      CPU 时间          0.00 秒
      


NOTE: 从数据集 WORK.PHS74_4P1. 读取了 13000 个观测
NOTE: 数据集 WORK.PHS74_4 有 13000 个观测和 10 个变量。
NOTE: “DATA 语句”所用时间（总处理时间）:
      实际时间          0.00 秒
      CPU 时间          0.00 秒
      

NOTE: 从数据集 WORK.EMPTY. 读取了 1 个观测
NOTE: 数据集 WORK.PHS74_4P1 有 1 个观测和 1 个变量。
NOTE: “DATA 语句”所用时间（总处理时间）:
      实际时间          0.00 秒
      CPU 时间          0.01 秒
      


NOTE: 从数据集 WORK.PHS74_4P2. 读取了 13000 个观测
NOTE: 数据集 WORK.PHS74_4P2 有 13000 个观测和 10 个变量。
NOTE: “DATA 语句”所用时间（总处理时间）:
      实际时间          0.00 秒
      CPU 时间          0.00 秒
      


NOTE: 从数据集 WORK.PHS74_4. 读取了 13000 个观测
NOTE: 从数据集 WORK.PHS74_4P2. 读取了 13000 个观测
NOTE: 数据集 WORK.PHS74_4 有 26000 个观测和 10 个变量。
NOTE: “DATA 语句”所用时间（总处理时间）:
      实际时间          0.01 秒
      CPU 时间          0.00 秒
      

NOTE: 从数据集 WORK.EMPTY. 读取了 1 个观测
NOTE: 数据集 WORK.PHS74_4P2 有 1 个观测和 1 个变量。
NOTE: “DATA 语句”所用时间（总处理时间）:
      实际时间          0.00 秒
      CPU 时间          0.01 秒
      


NOTE: 从数据集 WORK.PHS74_4P3. 读取了 13000 个观测
NOTE: 数据集 WORK.PHS74_4P3 有 13000 个观测和 10 个变量。
NOTE: “DATA 语句”所用时间（总处理时间）:
      实际时间          0.01 秒
      CPU 时间          0.01 秒
      


NOTE: 从数据集 WORK.PHS74_4. 读取了 26000 个观测
NOTE: 从数据集 WORK.PHS74_4P3. 读取了 13000 个观测
NOTE: 数据集 WORK.PHS74_4 有 39000 个观测和 10 个变量。
NOTE: “DATA 语句”所用时间（总处理时间）:
      实际时间          0.01 秒
      CPU 时间          0.01 秒
      

NOTE: 从数据集 WORK.EMPTY. 读取了 1 个观测
NOTE: 数据集 WORK.PHS74_4P3 有 1 个观测和 1 个变量。
NOTE: “DATA 语句”所用时间（总处理时间）:
      实际时间          0.00 秒
      CPU 时间          0.00 秒
      


NOTE: 从数据集 WORK.PHS74_4P4. 读取了 13000 个观测
NOTE: 数据集 WORK.PHS74_4P4 有 13000 个观测和 10 个变量。
NOTE: “DATA 语句”所用时间（总处理时间）:
      实际时间          0.00 秒
      CPU 时间          0.01 秒
      


NOTE: 从数据集 WORK.PHS74_4. 读取了 39000 个观测
NOTE: 从数据集 WORK.PHS74_4P4. 读取了 13000 个观测
NOTE: 数据集 WORK.PHS74_4 有 52000 个观测和 10 个变量。
NOTE: “DATA 语句”所用时间（总处理时间）:
      实际时间          0.01 秒
      CPU 时间          0.01 秒
      

NOTE: 从数据集 WORK.EMPTY. 读取了 1 个观测
NOTE: 数据集 WORK.PHS74_4P4 有 1 个观测和 1 个变量。
NOTE: “DATA 语句”所用时间（总处理时间）:
      实际时间          0.00 秒
      CPU 时间          0.00 秒
      


NOTE: 从数据集 WORK.PHS74_4P5. 读取了 13000 个观测
NOTE: 数据集 WORK.PHS74_4P5 有 13000 个观测和 10 个变量。
NOTE: “DATA 语句”所用时间（总处理时间）:
      实际时间          0.00 秒
      CPU 时间          0.01 秒
      


NOTE: 从数据集 WORK.PHS74_4. 读取了 52000 个观测
NOTE: 从数据集 WORK.PHS74_4P5. 读取了 13000 个观测
NOTE: 数据集 WORK.PHS74_4 有 65000 个观测和 10 个变量。
NOTE: “DATA 语句”所用时间（总处理时间）:
      实际时间          0.01 秒
      CPU 时间          0.01 秒
      

NOTE: 从数据集 WORK.EMPTY. 读取了 1 个观测
NOTE: 数据集 WORK.PHS74_4P5 有 1 个观测和 1 个变量。
NOTE: “DATA 语句”所用时间（总处理时间）:
      实际时间          0.00 秒
      CPU 时间          0.00 秒
      


NOTE: 从数据集 WORK.PHS74_4P6. 读取了 13000 个观测
NOTE: 数据集 WORK.PHS74_4P6 有 13000 个观测和 10 个变量。
NOTE: “DATA 语句”所用时间（总处理时间）:
      实际时间          0.01 秒
      CPU 时间          0.01 秒
      


NOTE: 从数据集 WORK.PHS74_4. 读取了 65000 个观测
NOTE: 从数据集 WORK.PHS74_4P6. 读取了 13000 个观测
NOTE: 数据集 WORK.PHS74_4 有 78000 个观测和 10 个变量。
NOTE: “DATA 语句”所用时间（总处理时间）:
      实际时间          0.02 秒
      CPU 时间          0.01 秒
      

NOTE: 从数据集 WORK.EMPTY. 读取了 1 个观测
NOTE: 数据集 WORK.PHS74_4P6 有 1 个观测和 1 个变量。
NOTE: “DATA 语句”所用时间（总处理时间）:
      实际时间          0.00 秒
      CPU 时间          0.01 秒
      


NOTE: 从数据集 WORK.PHS74_4P7. 读取了 13000 个观测
NOTE: 数据集 WORK.PHS74_4P7 有 13000 个观测和 10 个变量。
NOTE: “DATA 语句”所用时间（总处理时间）:
      实际时间          0.00 秒
      CPU 时间          0.00 秒
      


NOTE: 从数据集 WORK.PHS74_4. 读取了 78000 个观测
NOTE: 从数据集 WORK.PHS74_4P7. 读取了 13000 个观测
NOTE: 数据集 WORK.PHS74_4 有 91000 个观测和 10 个变量。
NOTE: “DATA 语句”所用时间（总处理时间）:
      实际时间          0.02 秒
      CPU 时间          0.03 秒
      

NOTE: 从数据集 WORK.EMPTY. 读取了 1 个观测
NOTE: 数据集 WORK.PHS74_4P7 有 1 个观测和 1 个变量。
NOTE: “DATA 语句”所用时间（总处理时间）:
      实际时间          0.00 秒
      CPU 时间          0.00 秒
      


NOTE: 从数据集 WORK.PHS74_4P8. 读取了 13000 个观测
NOTE: 数据集 WORK.PHS74_4P8 有 13000 个观测和 10 个变量。
NOTE: “DATA 语句”所用时间（总处理时间）:
      实际时间          0.00 秒
      CPU 时间          0.01 秒
      


NOTE: 从数据集 WORK.PHS74_4. 读取了 91000 个观测
NOTE: 从数据集 WORK.PHS74_4P8. 读取了 13000 个观测
NOTE: 数据集 WORK.PHS74_4 有 100000 个观测和 10 个变量。
NOTE: “DATA 语句”所用时间（总处理时间）:
      实际时间          0.02 秒
      CPU 时间          0.01 秒
      

NOTE: 从数据集 WORK.EMPTY. 读取了 1 个观测
NOTE: 数据集 WORK.PHS74_4P8 有 1 个观测和 1 个变量。
NOTE: “DATA 语句”所用时间（总处理时间）:
      实际时间          0.00 秒
      CPU 时间          0.00 秒
      


NOTE: 从数据集 WORK.PHS74_4. 读取了 100000 个观测
NOTE: 从数据集 S.COVCOMBOINDEX7. 读取了 1 个观测
      WHERE COVindex=4;
NOTE: 数据集 WORK.PHS74_4 有 100000 个观测和 12 个变量。
NOTE: “DATA 语句”所用时间（总处理时间）:
      实际时间          0.02 秒
      CPU 时间          0.03 秒
      


NOTE: 从数据集 WORK.PHS74_4. 读取了 100000 个观测
NOTE: 数据集 WORK.PHSB74_4 有 654101 个观测和 7 个变量。
NOTE: “DATA 语句”所用时间（总处理时间）:
      实际时间          0.07 秒
      CPU 时间          0.06 秒
      

NOTE: 从数据集 WORK.EMPTY. 读取了 1 个观测
NOTE: 数据集 WORK.PHS74_4 有 1 个观测和 1 个变量。
NOTE: “DATA 语句”所用时间（总处理时间）:
      实际时间          0.00 秒
      CPU 时间          0.00 秒
      


NOTE: 从数据集 WORK.PHSB74_4. 读取了 654101 个观测
NOTE: 数据集 WORK.COMAREC 有 654101 个观测和 7 个变量。
NOTE: “PROCEDURE SORT”所用时间（总处理时间）:
      实际时间          0.11 秒
      CPU 时间          0.34 秒
      


NOTE: 从数据集 WORK.COMAREC. 读取了 654101 个观测
NOTE: 数据集 WORK.COMAREC 有 654101 个观测和 7 个变量。
NOTE: “PROCEDURE SORT”所用时间（总处理时间）:
      实际时间          0.11 秒
      CPU 时间          0.29 秒
      


NOTE: 从数据集 WORK.COMAREC. 读取了 654101 个观测
NOTE: 数据集 WORK.MSPH2 有 554101 个观测和 9 个变量。
NOTE: “DATA 语句”所用时间（总处理时间）:
      实际时间          0.12 秒
      CPU 时间          0.12 秒
      

NOTE: 从数据集 WORK.EMPTY. 读取了 1 个观测
NOTE: 数据集 WORK.PHSB74_4 有 1 个观测和 1 个变量。
NOTE: “DATA 语句”所用时间（总处理时间）:
      实际时间          0.01 秒
      CPU 时间          0.00 秒
      

NOTE: 从数据集 WORK.EMPTY. 读取了 1 个观测
NOTE: 数据集 WORK.COMAREC 有 1 个观测和 1 个变量。
NOTE: “DATA 语句”所用时间（总处理时间）:
      实际时间          0.02 秒
      CPU 时间          0.00 秒
      


NOTE: 从数据集 WORK.MSPH2. 读取了 554101 个观测
NOTE: 数据集 WORK.PHS 有 100000 个观测和 4 个变量。
NOTE: “DATA 语句”所用时间（总处理时间）:
      实际时间          0.06 秒
      CPU 时间          0.07 秒
      


NOTE: 从数据集 WORK.MSPH2. 读取了 554101 个观测
NOTE: 从数据集 WORK.PHS. 读取了 100000 个观测
NOTE: 数据集 WORK.MSP74_4H3 有 100000 个观测和 14 个变量。
NOTE: “DATA 语句”所用时间（总处理时间）:
      实际时间          0.12 秒
      CPU 时间          0.12 秒
      


NOTE: 从数据集 WORK.MSP74_4H3. 读取了 100000 个观测
NOTE: 数据集 WORK.MEDLE74 有 24 个观测和 9 个变量。
NOTE: “PROCEDURE MEANS”所用时间（总处理时间）:
      实际时间          0.03 秒
      CPU 时间          0.06 秒
      


NOTE: 从数据集 WORK.MEDLE74. 读取了 3 个观测
      WHERE _TYPE_ in (14, 15);
NOTE: 数据集 WORK.MEDLE74_4 有 3 个观测和 11 个变量。
NOTE: “DATA 语句”所用时间（总处理时间）:
      实际时间          0.00 秒
      CPU 时间          0.00 秒
      


NOTE: 从数据集 WORK.MEDLE74_1. 读取了 3 个观测
NOTE: 从数据集 WORK.MEDLE74_2. 读取了 3 个观测
NOTE: 从数据集 WORK.MEDLE74_3. 读取了 3 个观测
NOTE: 从数据集 WORK.MEDLE74_4. 读取了 3 个观测
NOTE: 数据集 WORK.MEDLE 有 12 个观测和 11 个变量。
NOTE: “DATA 语句”所用时间（总处理时间）:
      实际时间          0.00 秒
      CPU 时间          0.00 秒
      


NOTE: 从数据集 WORK.MEDLE. 读取了 12 个观测
NOTE: 数据集 WORK.MEDLE 有 12 个观测和 11 个变量。
NOTE: “PROCEDURE SORT”所用时间（总处理时间）:
      实际时间          0.00 秒
      CPU 时间          0.00 秒
      


NOTE: 从数据集 S.BSLE7. 读取了 1 个观测
NOTE: 从数据集 WORK.MEDLE. 读取了 12 个观测
NOTE: 数据集 S.BSLE7 有 12 个观测和 11 个变量。
NOTE: “DATA 语句”所用时间（总处理时间）:
      实际时间          0.00 秒
      CPU 时间          0.01 秒
      


NOTE: 从数据集 S.BSLE7. 读取了 12 个观测
NOTE: 数据集 S.BSLE7 有 12 个观测和 11 个变量。
NOTE: “PROCEDURE SORT”所用时间（总处理时间）:
      实际时间          0.00 秒
      CPU 时间          0.00 秒
      

NOTE: 从数据集 WORK.EMPTY. 读取了 1 个观测
NOTE: 数据集 WORK.PRSNYR 有 1 个观测和 1 个变量。
NOTE: “DATA 语句”所用时间（总处理时间）:
      实际时间          0.00 秒
      CPU 时间          0.01 秒
      

NOTE: 从数据集 WORK.EMPTY. 读取了 1 个观测
NOTE: 数据集 WORK.PREV 有 1 个观测和 1 个变量。
NOTE: “DATA 语句”所用时间（总处理时间）:
      实际时间          0.00 秒
      CPU 时间          0.00 秒
      

NOTE: 从数据集 WORK.EMPTY. 读取了 1 个观测
NOTE: 数据集 WORK.PREV_CTRLCOV 有 1 个观测和 1 个变量。
NOTE: “DATA 语句”所用时间（总处理时间）:
      实际时间          0.00 秒
      CPU 时间          0.01 秒
      

NOTE: 从数据集 WORK.EMPTY. 读取了 1 个观测
NOTE: 数据集 WORK.PSBACK000 有 1 个观测和 1 个变量。
NOTE: “DATA 语句”所用时间（总处理时间）:
      实际时间          0.00 秒
      CPU 时间          0.00 秒
      

